mode: atomic
github.com/go-park-mail-ru/2023_1_Seekers/internal/auth/delivery/http/handler.go:23.61,28.2 1 1
github.com/go-park-mail-ru/2023_1_Seekers/internal/auth/delivery/http/handler.go:30.67,32.33 2 1
github.com/go-park-mail-ru/2023_1_Seekers/internal/auth/delivery/http/handler.go:32.33,34.17 2 1
github.com/go-park-mail-ru/2023_1_Seekers/internal/auth/delivery/http/handler.go:34.17,36.4 1 0
github.com/go-park-mail-ru/2023_1_Seekers/internal/auth/delivery/http/handler.go:39.2,41.16 3 1
github.com/go-park-mail-ru/2023_1_Seekers/internal/auth/delivery/http/handler.go:41.16,46.3 4 1
github.com/go-park-mail-ru/2023_1_Seekers/internal/auth/delivery/http/handler.go:47.2,48.16 2 1
github.com/go-park-mail-ru/2023_1_Seekers/internal/auth/delivery/http/handler.go:48.16,49.33 1 1
github.com/go-park-mail-ru/2023_1_Seekers/internal/auth/delivery/http/handler.go:49.33,54.4 4 1
github.com/go-park-mail-ru/2023_1_Seekers/internal/auth/delivery/http/handler.go:55.3,58.9 4 1
github.com/go-park-mail-ru/2023_1_Seekers/internal/auth/delivery/http/handler.go:61.2,68.16 3 1
github.com/go-park-mail-ru/2023_1_Seekers/internal/auth/delivery/http/handler.go:68.16,73.3 4 0
github.com/go-park-mail-ru/2023_1_Seekers/internal/auth/delivery/http/handler.go:75.2,76.16 2 1
github.com/go-park-mail-ru/2023_1_Seekers/internal/auth/delivery/http/handler.go:76.16,81.3 4 0
github.com/go-park-mail-ru/2023_1_Seekers/internal/auth/delivery/http/handler.go:83.2,89.38 2 1
github.com/go-park-mail-ru/2023_1_Seekers/internal/auth/delivery/http/handler.go:92.67,94.33 2 1
github.com/go-park-mail-ru/2023_1_Seekers/internal/auth/delivery/http/handler.go:94.33,96.17 2 1
github.com/go-park-mail-ru/2023_1_Seekers/internal/auth/delivery/http/handler.go:96.17,98.4 1 0
github.com/go-park-mail-ru/2023_1_Seekers/internal/auth/delivery/http/handler.go:100.2,103.16 3 1
github.com/go-park-mail-ru/2023_1_Seekers/internal/auth/delivery/http/handler.go:103.16,108.3 4 1
github.com/go-park-mail-ru/2023_1_Seekers/internal/auth/delivery/http/handler.go:110.2,111.16 2 1
github.com/go-park-mail-ru/2023_1_Seekers/internal/auth/delivery/http/handler.go:111.16,116.3 4 1
github.com/go-park-mail-ru/2023_1_Seekers/internal/auth/delivery/http/handler.go:119.2,121.16 3 1
github.com/go-park-mail-ru/2023_1_Seekers/internal/auth/delivery/http/handler.go:121.16,126.3 4 0
github.com/go-park-mail-ru/2023_1_Seekers/internal/auth/delivery/http/handler.go:128.2,134.38 2 1
github.com/go-park-mail-ru/2023_1_Seekers/internal/auth/delivery/http/handler.go:137.67,148.2 3 1
github.com/go-park-mail-ru/2023_1_Seekers/internal/auth/delivery/http/register.go:11.83,15.2 3 0
github.com/go-park-mail-ru/2023_1_Seekers/internal/auth/repository/inmemory/user.go:13.22,25.2 1 1
github.com/go-park-mail-ru/2023_1_Seekers/internal/auth/repository/inmemory/user.go:27.62,28.30 1 0
github.com/go-park-mail-ru/2023_1_Seekers/internal/auth/repository/inmemory/user.go:28.30,29.17 1 0
github.com/go-park-mail-ru/2023_1_Seekers/internal/auth/repository/inmemory/user.go:29.17,31.4 1 0
github.com/go-park-mail-ru/2023_1_Seekers/internal/auth/repository/inmemory/user.go:33.2,33.34 1 0
github.com/go-park-mail-ru/2023_1_Seekers/internal/auth/repository/inmemory/user.go:36.68,37.30 1 1
github.com/go-park-mail-ru/2023_1_Seekers/internal/auth/repository/inmemory/user.go:37.30,38.23 1 1
github.com/go-park-mail-ru/2023_1_Seekers/internal/auth/repository/inmemory/user.go:38.23,40.4 1 1
github.com/go-park-mail-ru/2023_1_Seekers/internal/auth/repository/inmemory/user.go:42.2,42.34 1 1
github.com/go-park-mail-ru/2023_1_Seekers/internal/auth/repository/inmemory/user.go:45.68,47.16 2 1
github.com/go-park-mail-ru/2023_1_Seekers/internal/auth/repository/inmemory/user.go:47.16,49.3 1 1
github.com/go-park-mail-ru/2023_1_Seekers/internal/auth/repository/inmemory/user.go:52.2,54.19 3 1
github.com/go-park-mail-ru/2023_1_Seekers/internal/auth/repository/inmemory/user.go:57.52,58.30 1 0
github.com/go-park-mail-ru/2023_1_Seekers/internal/auth/repository/inmemory/user.go:58.30,59.22 1 0
github.com/go-park-mail-ru/2023_1_Seekers/internal/auth/repository/inmemory/user.go:59.22,62.4 2 0
github.com/go-park-mail-ru/2023_1_Seekers/internal/auth/repository/inmemory/user.go:64.2,64.29 1 0
github.com/go-park-mail-ru/2023_1_Seekers/internal/auth/repository/inmemory/user.go:67.59,68.54 1 1
github.com/go-park-mail-ru/2023_1_Seekers/internal/auth/repository/inmemory/user.go:68.54,70.3 1 0
github.com/go-park-mail-ru/2023_1_Seekers/internal/auth/repository/inmemory/user.go:71.2,72.12 2 1
github.com/go-park-mail-ru/2023_1_Seekers/internal/auth/repository/inmemory/user.go:75.59,76.33 1 0
github.com/go-park-mail-ru/2023_1_Seekers/internal/auth/repository/inmemory/user.go:76.33,77.31 1 0
github.com/go-park-mail-ru/2023_1_Seekers/internal/auth/repository/inmemory/user.go:77.31,80.4 2 0
github.com/go-park-mail-ru/2023_1_Seekers/internal/auth/repository/inmemory/user.go:83.2,83.32 1 0
github.com/go-park-mail-ru/2023_1_Seekers/internal/auth/repository/inmemory/user.go:86.58,87.33 1 1
github.com/go-park-mail-ru/2023_1_Seekers/internal/auth/repository/inmemory/user.go:87.33,88.19 1 1
github.com/go-park-mail-ru/2023_1_Seekers/internal/auth/repository/inmemory/user.go:88.19,91.4 2 1
github.com/go-park-mail-ru/2023_1_Seekers/internal/auth/repository/inmemory/user.go:93.2,93.32 1 0
github.com/go-park-mail-ru/2023_1_Seekers/internal/auth/repository/inmemory/user.go:96.75,97.33 1 1
github.com/go-park-mail-ru/2023_1_Seekers/internal/auth/repository/inmemory/user.go:97.33,98.31 1 1
github.com/go-park-mail-ru/2023_1_Seekers/internal/auth/repository/inmemory/user.go:98.31,100.4 1 1
github.com/go-park-mail-ru/2023_1_Seekers/internal/auth/repository/inmemory/user.go:102.2,102.37 1 1
github.com/go-park-mail-ru/2023_1_Seekers/internal/auth/repository/inmemory/user.go:105.74,106.33 1 1
github.com/go-park-mail-ru/2023_1_Seekers/internal/auth/repository/inmemory/user.go:106.33,107.19 1 1
github.com/go-park-mail-ru/2023_1_Seekers/internal/auth/repository/inmemory/user.go:107.19,109.4 1 1
github.com/go-park-mail-ru/2023_1_Seekers/internal/auth/repository/inmemory/user.go:111.2,111.37 1 1
github.com/go-park-mail-ru/2023_1_Seekers/internal/auth/usecase/usecase.go:16.37,20.2 1 1
github.com/go-park-mail-ru/2023_1_Seekers/internal/auth/usecase/usecase.go:22.71,24.16 2 1
github.com/go-park-mail-ru/2023_1_Seekers/internal/auth/usecase/usecase.go:24.16,26.3 1 1
github.com/go-park-mail-ru/2023_1_Seekers/internal/auth/usecase/usecase.go:28.2,28.36 1 1
github.com/go-park-mail-ru/2023_1_Seekers/internal/auth/usecase/usecase.go:28.36,30.3 1 0
github.com/go-park-mail-ru/2023_1_Seekers/internal/auth/usecase/usecase.go:32.2,32.18 1 1
github.com/go-park-mail-ru/2023_1_Seekers/internal/auth/usecase/usecase.go:35.72,36.36 1 1
github.com/go-park-mail-ru/2023_1_Seekers/internal/auth/usecase/usecase.go:36.36,38.3 1 1
github.com/go-park-mail-ru/2023_1_Seekers/internal/auth/usecase/usecase.go:40.2,44.16 2 1
github.com/go-park-mail-ru/2023_1_Seekers/internal/auth/usecase/usecase.go:44.16,46.3 1 1
github.com/go-park-mail-ru/2023_1_Seekers/internal/auth/usecase/usecase.go:48.2,48.18 1 1
github.com/go-park-mail-ru/2023_1_Seekers/internal/auth/usecase/usecase.go:51.70,53.16 2 1
github.com/go-park-mail-ru/2023_1_Seekers/internal/auth/usecase/usecase.go:53.16,55.3 1 0
github.com/go-park-mail-ru/2023_1_Seekers/internal/auth/usecase/usecase.go:56.2,62.16 3 1
github.com/go-park-mail-ru/2023_1_Seekers/internal/auth/usecase/usecase.go:62.16,64.3 1 0
github.com/go-park-mail-ru/2023_1_Seekers/internal/auth/usecase/usecase.go:66.2,66.25 1 1
github.com/go-park-mail-ru/2023_1_Seekers/internal/auth/usecase/usecase.go:69.57,71.16 2 0
github.com/go-park-mail-ru/2023_1_Seekers/internal/auth/usecase/usecase.go:71.16,73.3 1 0
github.com/go-park-mail-ru/2023_1_Seekers/internal/auth/usecase/usecase.go:75.2,75.12 1 0
github.com/go-park-mail-ru/2023_1_Seekers/internal/auth/usecase/usecase.go:78.56,80.16 2 1
github.com/go-park-mail-ru/2023_1_Seekers/internal/auth/usecase/usecase.go:80.16,82.3 1 0
github.com/go-park-mail-ru/2023_1_Seekers/internal/auth/usecase/usecase.go:84.2,84.12 1 1
github.com/go-park-mail-ru/2023_1_Seekers/internal/auth/usecase/usecase.go:87.73,89.16 2 1
github.com/go-park-mail-ru/2023_1_Seekers/internal/auth/usecase/usecase.go:89.16,91.3 1 1
github.com/go-park-mail-ru/2023_1_Seekers/internal/auth/usecase/usecase.go:93.2,93.15 1 1
github.com/go-park-mail-ru/2023_1_Seekers/internal/auth/usecase/usecase.go:96.72,98.16 2 1
github.com/go-park-mail-ru/2023_1_Seekers/internal/auth/usecase/usecase.go:98.16,100.3 1 0
github.com/go-park-mail-ru/2023_1_Seekers/internal/auth/usecase/usecase.go:102.2,102.15 1 1
github.com/go-park-mail-ru/2023_1_Seekers/internal/middleware/middleware.go:17.40,19.2 1 1
github.com/go-park-mail-ru/2023_1_Seekers/internal/middleware/middleware.go:21.69,22.75 1 1
github.com/go-park-mail-ru/2023_1_Seekers/internal/middleware/middleware.go:22.75,24.17 2 1
github.com/go-park-mail-ru/2023_1_Seekers/internal/middleware/middleware.go:24.17,29.4 4 1
github.com/go-park-mail-ru/2023_1_Seekers/internal/middleware/middleware.go:30.3,31.17 2 1
github.com/go-park-mail-ru/2023_1_Seekers/internal/middleware/middleware.go:31.17,36.4 4 1
github.com/go-park-mail-ru/2023_1_Seekers/internal/middleware/middleware.go:38.3,40.20 2 1
github.com/go-park-mail-ru/2023_1_Seekers/internal/middleware/middleware.go:42.2,42.16 1 1
github.com/go-park-mail-ru/2023_1_Seekers/internal/user/repository/inmemory/repository.go:12.22,20.2 1 1
github.com/go-park-mail-ru/2023_1_Seekers/internal/user/repository/inmemory/repository.go:22.74,23.33 1 1
github.com/go-park-mail-ru/2023_1_Seekers/internal/user/repository/inmemory/repository.go:23.33,24.18 1 1
github.com/go-park-mail-ru/2023_1_Seekers/internal/user/repository/inmemory/repository.go:24.18,26.4 1 0
github.com/go-park-mail-ru/2023_1_Seekers/internal/user/repository/inmemory/repository.go:28.2,28.34 1 1
github.com/go-park-mail-ru/2023_1_Seekers/internal/user/repository/inmemory/repository.go:31.67,33.16 2 1
github.com/go-park-mail-ru/2023_1_Seekers/internal/user/repository/inmemory/repository.go:33.16,35.3 1 0
github.com/go-park-mail-ru/2023_1_Seekers/internal/user/repository/inmemory/repository.go:36.2,37.12 2 1
github.com/go-park-mail-ru/2023_1_Seekers/internal/user/usecase/usecase.go:12.36,14.2 1 1
github.com/go-park-mail-ru/2023_1_Seekers/internal/user/usecase/usecase.go:16.63,18.2 1 1
github.com/go-park-mail-ru/2023_1_Seekers/internal/user/usecase/usecase.go:19.70,21.2 1 0
github.com/go-park-mail-ru/2023_1_Seekers/pkg/rand.go:8.41,11.27 3 1
github.com/go-park-mail-ru/2023_1_Seekers/pkg/rand.go:11.27,13.17 2 1
github.com/go-park-mail-ru/2023_1_Seekers/pkg/rand.go:13.17,15.4 1 0
github.com/go-park-mail-ru/2023_1_Seekers/pkg/rand.go:16.3,16.38 1 1
github.com/go-park-mail-ru/2023_1_Seekers/pkg/rand.go:18.2,18.31 1 1
github.com/go-park-mail-ru/2023_1_Seekers/pkg/send_error.go:8.64,10.2 1 1
github.com/go-park-mail-ru/2023_1_Seekers/pkg/send_json.go:11.66,13.16 2 1
github.com/go-park-mail-ru/2023_1_Seekers/pkg/send_json.go:13.16,17.3 3 0
github.com/go-park-mail-ru/2023_1_Seekers/pkg/send_json.go:19.2,23.16 4 1
github.com/go-park-mail-ru/2023_1_Seekers/pkg/send_json.go:23.16,27.3 3 0
github.com/go-park-mail-ru/2023_1_Seekers/pkg/errors/errors.go:8.38,10.2 1 1
github.com/go-park-mail-ru/2023_1_Seekers/pkg/errors/errors.go:12.42,17.2 1 1
github.com/go-park-mail-ru/2023_1_Seekers/pkg/errors/errors.go:19.68,24.2 1 1
github.com/go-park-mail-ru/2023_1_Seekers/internal/auth/repository/inmemory/user.go:13.22,25.2 1 1
github.com/go-park-mail-ru/2023_1_Seekers/internal/auth/repository/inmemory/user.go:27.62,28.30 1 0
github.com/go-park-mail-ru/2023_1_Seekers/internal/auth/repository/inmemory/user.go:28.30,29.17 1 0
github.com/go-park-mail-ru/2023_1_Seekers/internal/auth/repository/inmemory/user.go:29.17,31.4 1 0
github.com/go-park-mail-ru/2023_1_Seekers/internal/auth/repository/inmemory/user.go:33.2,33.34 1 0
github.com/go-park-mail-ru/2023_1_Seekers/internal/auth/repository/inmemory/user.go:36.68,37.30 1 0
github.com/go-park-mail-ru/2023_1_Seekers/internal/auth/repository/inmemory/user.go:37.30,38.23 1 0
github.com/go-park-mail-ru/2023_1_Seekers/internal/auth/repository/inmemory/user.go:38.23,40.4 1 0
github.com/go-park-mail-ru/2023_1_Seekers/internal/auth/repository/inmemory/user.go:42.2,42.34 1 0
github.com/go-park-mail-ru/2023_1_Seekers/internal/auth/repository/inmemory/user.go:45.68,47.16 2 0
github.com/go-park-mail-ru/2023_1_Seekers/internal/auth/repository/inmemory/user.go:47.16,49.3 1 0
github.com/go-park-mail-ru/2023_1_Seekers/internal/auth/repository/inmemory/user.go:52.2,54.19 3 0
github.com/go-park-mail-ru/2023_1_Seekers/internal/auth/repository/inmemory/user.go:57.52,58.30 1 0
github.com/go-park-mail-ru/2023_1_Seekers/internal/auth/repository/inmemory/user.go:58.30,59.22 1 0
github.com/go-park-mail-ru/2023_1_Seekers/internal/auth/repository/inmemory/user.go:59.22,62.4 2 0
github.com/go-park-mail-ru/2023_1_Seekers/internal/auth/repository/inmemory/user.go:64.2,64.29 1 0
github.com/go-park-mail-ru/2023_1_Seekers/internal/auth/repository/inmemory/user.go:67.59,68.54 1 0
github.com/go-park-mail-ru/2023_1_Seekers/internal/auth/repository/inmemory/user.go:68.54,70.3 1 0
github.com/go-park-mail-ru/2023_1_Seekers/internal/auth/repository/inmemory/user.go:71.2,72.12 2 0
github.com/go-park-mail-ru/2023_1_Seekers/internal/auth/repository/inmemory/user.go:75.59,76.33 1 0
github.com/go-park-mail-ru/2023_1_Seekers/internal/auth/repository/inmemory/user.go:76.33,77.31 1 0
github.com/go-park-mail-ru/2023_1_Seekers/internal/auth/repository/inmemory/user.go:77.31,80.4 2 0
github.com/go-park-mail-ru/2023_1_Seekers/internal/auth/repository/inmemory/user.go:83.2,83.32 1 0
github.com/go-park-mail-ru/2023_1_Seekers/internal/auth/repository/inmemory/user.go:86.58,87.33 1 0
github.com/go-park-mail-ru/2023_1_Seekers/internal/auth/repository/inmemory/user.go:87.33,88.19 1 0
github.com/go-park-mail-ru/2023_1_Seekers/internal/auth/repository/inmemory/user.go:88.19,91.4 2 0
github.com/go-park-mail-ru/2023_1_Seekers/internal/auth/repository/inmemory/user.go:93.2,93.32 1 0
github.com/go-park-mail-ru/2023_1_Seekers/internal/auth/repository/inmemory/user.go:96.75,97.33 1 1
github.com/go-park-mail-ru/2023_1_Seekers/internal/auth/repository/inmemory/user.go:97.33,98.31 1 1
github.com/go-park-mail-ru/2023_1_Seekers/internal/auth/repository/inmemory/user.go:98.31,100.4 1 1
github.com/go-park-mail-ru/2023_1_Seekers/internal/auth/repository/inmemory/user.go:102.2,102.37 1 1
github.com/go-park-mail-ru/2023_1_Seekers/internal/auth/repository/inmemory/user.go:105.74,106.33 1 0
github.com/go-park-mail-ru/2023_1_Seekers/internal/auth/repository/inmemory/user.go:106.33,107.19 1 0
github.com/go-park-mail-ru/2023_1_Seekers/internal/auth/repository/inmemory/user.go:107.19,109.4 1 0
github.com/go-park-mail-ru/2023_1_Seekers/internal/auth/repository/inmemory/user.go:111.2,111.37 1 0
github.com/go-park-mail-ru/2023_1_Seekers/internal/auth/usecase/usecase.go:16.37,20.2 1 1
github.com/go-park-mail-ru/2023_1_Seekers/internal/auth/usecase/usecase.go:22.71,24.16 2 0
github.com/go-park-mail-ru/2023_1_Seekers/internal/auth/usecase/usecase.go:24.16,26.3 1 0
github.com/go-park-mail-ru/2023_1_Seekers/internal/auth/usecase/usecase.go:28.2,28.36 1 0
github.com/go-park-mail-ru/2023_1_Seekers/internal/auth/usecase/usecase.go:28.36,30.3 1 0
github.com/go-park-mail-ru/2023_1_Seekers/internal/auth/usecase/usecase.go:32.2,32.18 1 0
github.com/go-park-mail-ru/2023_1_Seekers/internal/auth/usecase/usecase.go:35.72,36.36 1 0
github.com/go-park-mail-ru/2023_1_Seekers/internal/auth/usecase/usecase.go:36.36,38.3 1 0
github.com/go-park-mail-ru/2023_1_Seekers/internal/auth/usecase/usecase.go:40.2,44.16 2 0
github.com/go-park-mail-ru/2023_1_Seekers/internal/auth/usecase/usecase.go:44.16,46.3 1 0
github.com/go-park-mail-ru/2023_1_Seekers/internal/auth/usecase/usecase.go:48.2,48.18 1 0
github.com/go-park-mail-ru/2023_1_Seekers/internal/auth/usecase/usecase.go:51.70,53.16 2 0
github.com/go-park-mail-ru/2023_1_Seekers/internal/auth/usecase/usecase.go:53.16,55.3 1 0
github.com/go-park-mail-ru/2023_1_Seekers/internal/auth/usecase/usecase.go:56.2,62.16 3 0
github.com/go-park-mail-ru/2023_1_Seekers/internal/auth/usecase/usecase.go:62.16,64.3 1 0
github.com/go-park-mail-ru/2023_1_Seekers/internal/auth/usecase/usecase.go:66.2,66.25 1 0
github.com/go-park-mail-ru/2023_1_Seekers/internal/auth/usecase/usecase.go:69.57,71.16 2 0
github.com/go-park-mail-ru/2023_1_Seekers/internal/auth/usecase/usecase.go:71.16,73.3 1 0
github.com/go-park-mail-ru/2023_1_Seekers/internal/auth/usecase/usecase.go:75.2,75.12 1 0
github.com/go-park-mail-ru/2023_1_Seekers/internal/auth/usecase/usecase.go:78.56,80.16 2 0
github.com/go-park-mail-ru/2023_1_Seekers/internal/auth/usecase/usecase.go:80.16,82.3 1 0
github.com/go-park-mail-ru/2023_1_Seekers/internal/auth/usecase/usecase.go:84.2,84.12 1 0
github.com/go-park-mail-ru/2023_1_Seekers/internal/auth/usecase/usecase.go:87.73,89.16 2 1
github.com/go-park-mail-ru/2023_1_Seekers/internal/auth/usecase/usecase.go:89.16,91.3 1 1
github.com/go-park-mail-ru/2023_1_Seekers/internal/auth/usecase/usecase.go:93.2,93.15 1 1
github.com/go-park-mail-ru/2023_1_Seekers/internal/auth/usecase/usecase.go:96.72,98.16 2 0
github.com/go-park-mail-ru/2023_1_Seekers/internal/auth/usecase/usecase.go:98.16,100.3 1 0
github.com/go-park-mail-ru/2023_1_Seekers/internal/auth/usecase/usecase.go:102.2,102.15 1 0
github.com/go-park-mail-ru/2023_1_Seekers/internal/middleware/middleware.go:17.40,19.2 1 1
github.com/go-park-mail-ru/2023_1_Seekers/internal/middleware/middleware.go:21.69,22.75 1 1
github.com/go-park-mail-ru/2023_1_Seekers/internal/middleware/middleware.go:22.75,24.17 2 1
github.com/go-park-mail-ru/2023_1_Seekers/internal/middleware/middleware.go:24.17,29.4 4 1
github.com/go-park-mail-ru/2023_1_Seekers/internal/middleware/middleware.go:30.3,31.17 2 1
github.com/go-park-mail-ru/2023_1_Seekers/internal/middleware/middleware.go:31.17,36.4 4 1
github.com/go-park-mail-ru/2023_1_Seekers/internal/middleware/middleware.go:38.3,40.20 2 1
github.com/go-park-mail-ru/2023_1_Seekers/internal/middleware/middleware.go:42.2,42.16 1 1
github.com/go-park-mail-ru/2023_1_Seekers/pkg/rand.go:8.41,11.27 3 1
github.com/go-park-mail-ru/2023_1_Seekers/pkg/rand.go:11.27,13.17 2 1
github.com/go-park-mail-ru/2023_1_Seekers/pkg/rand.go:13.17,15.4 1 0
github.com/go-park-mail-ru/2023_1_Seekers/pkg/rand.go:16.3,16.38 1 1
github.com/go-park-mail-ru/2023_1_Seekers/pkg/rand.go:18.2,18.31 1 1
github.com/go-park-mail-ru/2023_1_Seekers/pkg/send_error.go:8.64,10.2 1 1
github.com/go-park-mail-ru/2023_1_Seekers/pkg/send_json.go:11.66,13.16 2 1
github.com/go-park-mail-ru/2023_1_Seekers/pkg/send_json.go:13.16,17.3 3 0
github.com/go-park-mail-ru/2023_1_Seekers/pkg/send_json.go:19.2,23.16 4 1
github.com/go-park-mail-ru/2023_1_Seekers/pkg/send_json.go:23.16,27.3 3 0
github.com/go-park-mail-ru/2023_1_Seekers/pkg/errors/errors.go:8.38,10.2 1 1
github.com/go-park-mail-ru/2023_1_Seekers/pkg/errors/errors.go:12.42,17.2 1 0
github.com/go-park-mail-ru/2023_1_Seekers/pkg/errors/errors.go:19.68,24.2 1 1
