mode: atomic
github.com/go-park-mail-ru/2023_1_Seekers/pkg/validation.go:9.50,11.51 2 1
github.com/go-park-mail-ru/2023_1_Seekers/pkg/validation.go:24.2,24.19 1 1
github.com/go-park-mail-ru/2023_1_Seekers/pkg/validation.go:11.51,12.67 1 1
github.com/go-park-mail-ru/2023_1_Seekers/pkg/validation.go:12.67,14.4 1 0
github.com/go-park-mail-ru/2023_1_Seekers/pkg/validation.go:14.9,16.4 1 1
github.com/go-park-mail-ru/2023_1_Seekers/pkg/validation.go:17.8,20.71 2 0
github.com/go-park-mail-ru/2023_1_Seekers/pkg/validation.go:20.71,22.4 1 0
github.com/go-park-mail-ru/2023_1_Seekers/internal/mail/usecase/usecase.go:14.40,18.2 1 1
github.com/go-park-mail-ru/2023_1_Seekers/internal/mail/usecase/usecase.go:20.62,24.2 2 0
github.com/go-park-mail-ru/2023_1_Seekers/internal/mail/usecase/usecase.go:26.89,30.16 3 0
github.com/go-park-mail-ru/2023_1_Seekers/internal/mail/usecase/usecase.go:34.2,34.22 1 0
github.com/go-park-mail-ru/2023_1_Seekers/internal/mail/usecase/usecase.go:30.16,32.3 1 0
github.com/go-park-mail-ru/2023_1_Seekers/internal/mail/usecase/usecase.go:37.89,41.16 3 0
github.com/go-park-mail-ru/2023_1_Seekers/internal/mail/usecase/usecase.go:45.2,45.22 1 0
github.com/go-park-mail-ru/2023_1_Seekers/internal/mail/usecase/usecase.go:41.16,43.3 1 0
github.com/go-park-mail-ru/2023_1_Seekers/internal/mail/usecase/usecase.go:48.104,53.16 3 0
github.com/go-park-mail-ru/2023_1_Seekers/internal/mail/usecase/usecase.go:57.2,57.19 1 0
github.com/go-park-mail-ru/2023_1_Seekers/internal/mail/usecase/usecase.go:61.2,63.16 2 0
github.com/go-park-mail-ru/2023_1_Seekers/internal/mail/usecase/usecase.go:67.2,67.22 1 0
github.com/go-park-mail-ru/2023_1_Seekers/internal/mail/usecase/usecase.go:53.16,55.3 1 0
github.com/go-park-mail-ru/2023_1_Seekers/internal/mail/usecase/usecase.go:57.19,59.3 1 0
github.com/go-park-mail-ru/2023_1_Seekers/internal/mail/usecase/usecase.go:63.16,65.3 1 0
github.com/go-park-mail-ru/2023_1_Seekers/internal/mail/usecase/usecase.go:70.90,74.16 2 0
github.com/go-park-mail-ru/2023_1_Seekers/internal/mail/usecase/usecase.go:78.2,78.19 1 0
github.com/go-park-mail-ru/2023_1_Seekers/internal/mail/usecase/usecase.go:82.2,82.20 1 0
github.com/go-park-mail-ru/2023_1_Seekers/internal/mail/usecase/usecase.go:74.16,76.3 1 0
github.com/go-park-mail-ru/2023_1_Seekers/internal/mail/usecase/usecase.go:78.19,80.3 1 0
github.com/go-park-mail-ru/2023_1_Seekers/internal/mail/usecase/usecase.go:85.56,94.2 3 1
github.com/go-park-mail-ru/2023_1_Seekers/internal/mail/usecase/usecase.go:96.78,98.2 1 1
github.com/go-park-mail-ru/2023_1_Seekers/internal/user/usecase/usecase.go:16.40,18.2 1 1
github.com/go-park-mail-ru/2023_1_Seekers/internal/user/usecase/usecase.go:20.52,22.16 2 1
github.com/go-park-mail-ru/2023_1_Seekers/internal/user/usecase/usecase.go:25.2,25.27 1 1
github.com/go-park-mail-ru/2023_1_Seekers/internal/user/usecase/usecase.go:22.16,24.3 1 0
github.com/go-park-mail-ru/2023_1_Seekers/internal/user/usecase/usecase.go:28.70,31.16 3 1
github.com/go-park-mail-ru/2023_1_Seekers/internal/user/usecase/usecase.go:35.2,35.48 1 1
github.com/go-park-mail-ru/2023_1_Seekers/internal/user/usecase/usecase.go:39.2,39.48 1 1
github.com/go-park-mail-ru/2023_1_Seekers/internal/user/usecase/usecase.go:43.2,43.36 1 1
github.com/go-park-mail-ru/2023_1_Seekers/internal/user/usecase/usecase.go:31.16,34.3 2 0
github.com/go-park-mail-ru/2023_1_Seekers/internal/user/usecase/usecase.go:35.48,38.3 2 0
github.com/go-park-mail-ru/2023_1_Seekers/internal/user/usecase/usecase.go:39.48,42.3 2 0
github.com/go-park-mail-ru/2023_1_Seekers/internal/user/usecase/usecase.go:46.54,48.2 1 0
github.com/go-park-mail-ru/2023_1_Seekers/internal/user/usecase/usecase.go:50.64,52.2 1 0
github.com/go-park-mail-ru/2023_1_Seekers/internal/user/usecase/usecase.go:54.70,56.2 1 1
github.com/go-park-mail-ru/2023_1_Seekers/internal/user/usecase/usecase.go:58.63,61.16 3 1
github.com/go-park-mail-ru/2023_1_Seekers/internal/user/usecase/usecase.go:64.2,64.42 1 1
github.com/go-park-mail-ru/2023_1_Seekers/internal/user/usecase/usecase.go:61.16,63.3 1 0
github.com/go-park-mail-ru/2023_1_Seekers/internal/user/usecase/usecase.go:66.70,68.2 1 0
github.com/go-park-mail-ru/2023_1_Seekers/internal/auth/delivery/http/handler.go:25.83,31.2 1 1
github.com/go-park-mail-ru/2023_1_Seekers/internal/auth/delivery/http/handler.go:33.71,35.2 1 1
github.com/go-park-mail-ru/2023_1_Seekers/internal/auth/delivery/http/handler.go:37.67,45.2 1 1
github.com/go-park-mail-ru/2023_1_Seekers/internal/auth/delivery/http/handler.go:47.39,54.2 1 1
github.com/go-park-mail-ru/2023_1_Seekers/internal/auth/delivery/http/handler.go:71.67,72.33 1 1
github.com/go-park-mail-ru/2023_1_Seekers/internal/auth/delivery/http/handler.go:79.2,80.62 2 1
github.com/go-park-mail-ru/2023_1_Seekers/internal/auth/delivery/http/handler.go:85.2,86.46 2 1
github.com/go-park-mail-ru/2023_1_Seekers/internal/auth/delivery/http/handler.go:91.2,92.16 2 1
github.com/go-park-mail-ru/2023_1_Seekers/internal/auth/delivery/http/handler.go:102.2,103.16 2 1
github.com/go-park-mail-ru/2023_1_Seekers/internal/auth/delivery/http/handler.go:108.2,109.16 2 1
github.com/go-park-mail-ru/2023_1_Seekers/internal/auth/delivery/http/handler.go:114.2,115.38 2 1
github.com/go-park-mail-ru/2023_1_Seekers/internal/auth/delivery/http/handler.go:72.33,74.17 2 1
github.com/go-park-mail-ru/2023_1_Seekers/internal/auth/delivery/http/handler.go:74.17,76.4 1 0
github.com/go-park-mail-ru/2023_1_Seekers/internal/auth/delivery/http/handler.go:80.62,83.3 2 1
github.com/go-park-mail-ru/2023_1_Seekers/internal/auth/delivery/http/handler.go:86.46,89.3 2 0
github.com/go-park-mail-ru/2023_1_Seekers/internal/auth/delivery/http/handler.go:92.16,94.69 1 1
github.com/go-park-mail-ru/2023_1_Seekers/internal/auth/delivery/http/handler.go:98.3,99.9 2 1
github.com/go-park-mail-ru/2023_1_Seekers/internal/auth/delivery/http/handler.go:94.69,97.4 2 1
github.com/go-park-mail-ru/2023_1_Seekers/internal/auth/delivery/http/handler.go:103.16,106.3 2 0
github.com/go-park-mail-ru/2023_1_Seekers/internal/auth/delivery/http/handler.go:109.16,112.3 2 0
github.com/go-park-mail-ru/2023_1_Seekers/internal/auth/delivery/http/handler.go:130.67,131.33 1 1
github.com/go-park-mail-ru/2023_1_Seekers/internal/auth/delivery/http/handler.go:137.2,140.16 3 1
github.com/go-park-mail-ru/2023_1_Seekers/internal/auth/delivery/http/handler.go:145.2,146.16 2 1
github.com/go-park-mail-ru/2023_1_Seekers/internal/auth/delivery/http/handler.go:156.2,158.16 3 1
github.com/go-park-mail-ru/2023_1_Seekers/internal/auth/delivery/http/handler.go:163.2,164.38 2 1
github.com/go-park-mail-ru/2023_1_Seekers/internal/auth/delivery/http/handler.go:131.33,133.17 2 1
github.com/go-park-mail-ru/2023_1_Seekers/internal/auth/delivery/http/handler.go:133.17,135.4 1 0
github.com/go-park-mail-ru/2023_1_Seekers/internal/auth/delivery/http/handler.go:140.16,143.3 2 1
github.com/go-park-mail-ru/2023_1_Seekers/internal/auth/delivery/http/handler.go:146.16,147.34 1 1
github.com/go-park-mail-ru/2023_1_Seekers/internal/auth/delivery/http/handler.go:151.3,152.9 2 1
github.com/go-park-mail-ru/2023_1_Seekers/internal/auth/delivery/http/handler.go:147.34,150.4 2 0
github.com/go-park-mail-ru/2023_1_Seekers/internal/auth/delivery/http/handler.go:158.16,161.3 2 0
github.com/go-park-mail-ru/2023_1_Seekers/internal/auth/delivery/http/handler.go:177.67,180.2 2 1
github.com/go-park-mail-ru/2023_1_Seekers/pkg/send_json.go:10.66,12.16 2 1
github.com/go-park-mail-ru/2023_1_Seekers/pkg/send_json.go:18.2,22.16 4 1
github.com/go-park-mail-ru/2023_1_Seekers/pkg/send_json.go:12.16,16.3 3 0
github.com/go-park-mail-ru/2023_1_Seekers/pkg/send_json.go:22.16,26.3 3 0
github.com/go-park-mail-ru/2023_1_Seekers/pkg/errors/errors.go:8.38,10.2 1 0
github.com/go-park-mail-ru/2023_1_Seekers/pkg/errors/errors.go:12.42,17.2 1 1
github.com/go-park-mail-ru/2023_1_Seekers/pkg/errors/errors.go:19.68,24.2 1 0
github.com/go-park-mail-ru/2023_1_Seekers/pkg/rand.go:8.41,11.27 3 1
github.com/go-park-mail-ru/2023_1_Seekers/pkg/rand.go:18.2,18.31 1 1
github.com/go-park-mail-ru/2023_1_Seekers/pkg/rand.go:11.27,13.17 2 1
github.com/go-park-mail-ru/2023_1_Seekers/pkg/rand.go:16.3,16.38 1 1
github.com/go-park-mail-ru/2023_1_Seekers/pkg/rand.go:13.17,15.4 1 0
github.com/go-park-mail-ru/2023_1_Seekers/internal/middleware/middleware.go:18.56,20.2 1 1
github.com/go-park-mail-ru/2023_1_Seekers/internal/middleware/middleware.go:22.56,30.2 2 0
github.com/go-park-mail-ru/2023_1_Seekers/internal/middleware/middleware.go:32.65,33.75 1 0
github.com/go-park-mail-ru/2023_1_Seekers/internal/middleware/middleware.go:42.2,42.16 1 0
github.com/go-park-mail-ru/2023_1_Seekers/internal/middleware/middleware.go:33.75,41.3 4 0
github.com/go-park-mail-ru/2023_1_Seekers/internal/middleware/middleware.go:45.69,46.75 1 1
github.com/go-park-mail-ru/2023_1_Seekers/internal/middleware/middleware.go:64.2,64.16 1 1
github.com/go-park-mail-ru/2023_1_Seekers/internal/middleware/middleware.go:46.75,48.17 2 1
github.com/go-park-mail-ru/2023_1_Seekers/internal/middleware/middleware.go:53.3,54.17 2 1
github.com/go-park-mail-ru/2023_1_Seekers/internal/middleware/middleware.go:60.3,62.20 2 1
github.com/go-park-mail-ru/2023_1_Seekers/internal/middleware/middleware.go:48.17,52.4 3 1
github.com/go-park-mail-ru/2023_1_Seekers/internal/middleware/middleware.go:54.17,58.4 3 1
github.com/go-park-mail-ru/2023_1_Seekers/internal/mail/repository/inmemory/inmemory.go:20.37,126.2 1 1
github.com/go-park-mail-ru/2023_1_Seekers/internal/mail/repository/inmemory/inmemory.go:128.74,129.29 1 0
github.com/go-park-mail-ru/2023_1_Seekers/internal/mail/repository/inmemory/inmemory.go:141.2,141.14 1 0
github.com/go-park-mail-ru/2023_1_Seekers/internal/mail/repository/inmemory/inmemory.go:129.29,130.31 1 0
github.com/go-park-mail-ru/2023_1_Seekers/internal/mail/repository/inmemory/inmemory.go:130.31,131.72 1 0
github.com/go-park-mail-ru/2023_1_Seekers/internal/mail/repository/inmemory/inmemory.go:135.4,135.53 1 0
github.com/go-park-mail-ru/2023_1_Seekers/internal/mail/repository/inmemory/inmemory.go:131.72,133.5 1 0
github.com/go-park-mail-ru/2023_1_Seekers/internal/mail/repository/inmemory/inmemory.go:135.53,137.5 1 0
github.com/go-park-mail-ru/2023_1_Seekers/internal/mail/repository/inmemory/inmemory.go:144.82,145.73 1 0
github.com/go-park-mail-ru/2023_1_Seekers/internal/mail/repository/inmemory/inmemory.go:149.2,149.15 1 0
github.com/go-park-mail-ru/2023_1_Seekers/internal/mail/repository/inmemory/inmemory.go:153.2,153.31 1 0
github.com/go-park-mail-ru/2023_1_Seekers/internal/mail/repository/inmemory/inmemory.go:145.73,147.3 1 0
github.com/go-park-mail-ru/2023_1_Seekers/internal/mail/repository/inmemory/inmemory.go:149.15,151.3 1 0
github.com/go-park-mail-ru/2023_1_Seekers/internal/mail/repository/inmemory/inmemory.go:156.85,157.67 1 0
github.com/go-park-mail-ru/2023_1_Seekers/internal/mail/repository/inmemory/inmemory.go:161.2,161.15 1 0
github.com/go-park-mail-ru/2023_1_Seekers/internal/mail/repository/inmemory/inmemory.go:165.2,165.29 1 0
github.com/go-park-mail-ru/2023_1_Seekers/internal/mail/repository/inmemory/inmemory.go:157.67,159.3 1 0
github.com/go-park-mail-ru/2023_1_Seekers/internal/mail/repository/inmemory/inmemory.go:161.15,163.3 1 0
github.com/go-park-mail-ru/2023_1_Seekers/internal/mail/repository/inmemory/inmemory.go:168.76,171.34 2 0
github.com/go-park-mail-ru/2023_1_Seekers/internal/mail/repository/inmemory/inmemory.go:183.2,183.30 1 0
github.com/go-park-mail-ru/2023_1_Seekers/internal/mail/repository/inmemory/inmemory.go:171.34,172.31 1 0
github.com/go-park-mail-ru/2023_1_Seekers/internal/mail/repository/inmemory/inmemory.go:172.31,175.18 2 0
github.com/go-park-mail-ru/2023_1_Seekers/internal/mail/repository/inmemory/inmemory.go:179.4,179.59 1 0
github.com/go-park-mail-ru/2023_1_Seekers/internal/mail/repository/inmemory/inmemory.go:175.18,177.5 1 0
github.com/go-park-mail-ru/2023_1_Seekers/internal/mail/repository/inmemory/inmemory.go:186.97,189.34 2 0
github.com/go-park-mail-ru/2023_1_Seekers/internal/mail/repository/inmemory/inmemory.go:227.2,227.22 1 0
github.com/go-park-mail-ru/2023_1_Seekers/internal/mail/repository/inmemory/inmemory.go:189.34,190.25 1 0
github.com/go-park-mail-ru/2023_1_Seekers/internal/mail/repository/inmemory/inmemory.go:190.25,191.50 1 0
github.com/go-park-mail-ru/2023_1_Seekers/internal/mail/repository/inmemory/inmemory.go:195.4,197.18 2 0
github.com/go-park-mail-ru/2023_1_Seekers/internal/mail/repository/inmemory/inmemory.go:201.4,203.18 2 0
github.com/go-park-mail-ru/2023_1_Seekers/internal/mail/repository/inmemory/inmemory.go:207.4,209.18 2 0
github.com/go-park-mail-ru/2023_1_Seekers/internal/mail/repository/inmemory/inmemory.go:213.4,223.47 2 0
github.com/go-park-mail-ru/2023_1_Seekers/internal/mail/repository/inmemory/inmemory.go:191.50,192.13 1 0
github.com/go-park-mail-ru/2023_1_Seekers/internal/mail/repository/inmemory/inmemory.go:197.18,199.5 1 0
github.com/go-park-mail-ru/2023_1_Seekers/internal/mail/repository/inmemory/inmemory.go:203.18,205.5 1 0
github.com/go-park-mail-ru/2023_1_Seekers/internal/mail/repository/inmemory/inmemory.go:209.18,211.5 1 0
github.com/go-park-mail-ru/2023_1_Seekers/internal/mail/repository/inmemory/inmemory.go:230.97,233.32 2 0
github.com/go-park-mail-ru/2023_1_Seekers/internal/mail/repository/inmemory/inmemory.go:265.2,265.22 1 0
github.com/go-park-mail-ru/2023_1_Seekers/internal/mail/repository/inmemory/inmemory.go:233.32,234.25 1 0
github.com/go-park-mail-ru/2023_1_Seekers/internal/mail/repository/inmemory/inmemory.go:234.25,235.48 1 0
github.com/go-park-mail-ru/2023_1_Seekers/internal/mail/repository/inmemory/inmemory.go:239.4,241.28 2 0
github.com/go-park-mail-ru/2023_1_Seekers/internal/mail/repository/inmemory/inmemory.go:245.4,247.18 2 0
github.com/go-park-mail-ru/2023_1_Seekers/internal/mail/repository/inmemory/inmemory.go:251.4,261.47 2 0
github.com/go-park-mail-ru/2023_1_Seekers/internal/mail/repository/inmemory/inmemory.go:235.48,236.13 1 0
github.com/go-park-mail-ru/2023_1_Seekers/internal/mail/repository/inmemory/inmemory.go:241.28,242.13 1 0
github.com/go-park-mail-ru/2023_1_Seekers/internal/mail/repository/inmemory/inmemory.go:247.18,249.5 1 0
github.com/go-park-mail-ru/2023_1_Seekers/internal/mail/repository/inmemory/inmemory.go:268.101,269.70 1 0
github.com/go-park-mail-ru/2023_1_Seekers/internal/mail/repository/inmemory/inmemory.go:273.2,273.15 1 0
github.com/go-park-mail-ru/2023_1_Seekers/internal/mail/repository/inmemory/inmemory.go:277.2,277.30 1 0
github.com/go-park-mail-ru/2023_1_Seekers/internal/mail/repository/inmemory/inmemory.go:269.70,271.3 1 0
github.com/go-park-mail-ru/2023_1_Seekers/internal/mail/repository/inmemory/inmemory.go:273.15,275.3 1 0
github.com/go-park-mail-ru/2023_1_Seekers/internal/mail/repository/inmemory/inmemory.go:280.70,283.31 2 0
github.com/go-park-mail-ru/2023_1_Seekers/internal/mail/repository/inmemory/inmemory.go:289.2,289.16 1 0
github.com/go-park-mail-ru/2023_1_Seekers/internal/mail/repository/inmemory/inmemory.go:283.31,284.25 1 0
github.com/go-park-mail-ru/2023_1_Seekers/internal/mail/repository/inmemory/inmemory.go:284.25,286.4 1 0
github.com/go-park-mail-ru/2023_1_Seekers/internal/mail/repository/inmemory/inmemory.go:292.113,295.29 2 0
github.com/go-park-mail-ru/2023_1_Seekers/internal/mail/repository/inmemory/inmemory.go:333.2,333.22 1 0
github.com/go-park-mail-ru/2023_1_Seekers/internal/mail/repository/inmemory/inmemory.go:295.29,296.29 1 0
github.com/go-park-mail-ru/2023_1_Seekers/internal/mail/repository/inmemory/inmemory.go:296.29,299.18 2 0
github.com/go-park-mail-ru/2023_1_Seekers/internal/mail/repository/inmemory/inmemory.go:303.4,303.18 1 0
github.com/go-park-mail-ru/2023_1_Seekers/internal/mail/repository/inmemory/inmemory.go:307.4,309.18 2 0
github.com/go-park-mail-ru/2023_1_Seekers/internal/mail/repository/inmemory/inmemory.go:313.4,315.18 2 0
github.com/go-park-mail-ru/2023_1_Seekers/internal/mail/repository/inmemory/inmemory.go:319.4,329.47 2 0
github.com/go-park-mail-ru/2023_1_Seekers/internal/mail/repository/inmemory/inmemory.go:299.18,301.5 1 0
github.com/go-park-mail-ru/2023_1_Seekers/internal/mail/repository/inmemory/inmemory.go:303.18,305.5 1 0
github.com/go-park-mail-ru/2023_1_Seekers/internal/mail/repository/inmemory/inmemory.go:309.18,311.5 1 0
github.com/go-park-mail-ru/2023_1_Seekers/internal/mail/repository/inmemory/inmemory.go:315.18,317.5 1 0
github.com/go-park-mail-ru/2023_1_Seekers/internal/mail/repository/inmemory/inmemory.go:336.77,339.25 3 1
github.com/go-park-mail-ru/2023_1_Seekers/internal/mail/repository/inmemory/inmemory.go:352.2,360.12 2 1
github.com/go-park-mail-ru/2023_1_Seekers/internal/mail/repository/inmemory/inmemory.go:339.25,351.3 2 1
github.com/go-park-mail-ru/2023_1_Seekers/internal/user/repository/inmemory/repository.go:14.23,29.2 1 1
github.com/go-park-mail-ru/2023_1_Seekers/internal/user/repository/inmemory/repository.go:31.66,32.30 1 0
github.com/go-park-mail-ru/2023_1_Seekers/internal/user/repository/inmemory/repository.go:37.2,37.34 1 0
github.com/go-park-mail-ru/2023_1_Seekers/internal/user/repository/inmemory/repository.go:32.30,33.17 1 0
github.com/go-park-mail-ru/2023_1_Seekers/internal/user/repository/inmemory/repository.go:33.17,35.4 1 0
github.com/go-park-mail-ru/2023_1_Seekers/internal/user/repository/inmemory/repository.go:40.72,41.30 1 1
github.com/go-park-mail-ru/2023_1_Seekers/internal/user/repository/inmemory/repository.go:46.2,46.34 1 1
github.com/go-park-mail-ru/2023_1_Seekers/internal/user/repository/inmemory/repository.go:41.30,42.23 1 1
github.com/go-park-mail-ru/2023_1_Seekers/internal/user/repository/inmemory/repository.go:42.23,44.4 1 1
github.com/go-park-mail-ru/2023_1_Seekers/internal/user/repository/inmemory/repository.go:49.72,51.16 2 1
github.com/go-park-mail-ru/2023_1_Seekers/internal/user/repository/inmemory/repository.go:56.2,58.19 3 1
github.com/go-park-mail-ru/2023_1_Seekers/internal/user/repository/inmemory/repository.go:51.16,53.3 1 1
github.com/go-park-mail-ru/2023_1_Seekers/internal/user/repository/inmemory/repository.go:61.56,62.30 1 0
github.com/go-park-mail-ru/2023_1_Seekers/internal/user/repository/inmemory/repository.go:68.2,68.29 1 0
github.com/go-park-mail-ru/2023_1_Seekers/internal/user/repository/inmemory/repository.go:62.30,63.22 1 0
github.com/go-park-mail-ru/2023_1_Seekers/internal/user/repository/inmemory/repository.go:63.22,66.4 2 0
github.com/go-park-mail-ru/2023_1_Seekers/internal/user/repository/inmemory/repository.go:71.72,72.33 1 1
github.com/go-park-mail-ru/2023_1_Seekers/internal/user/repository/inmemory/repository.go:77.2,77.34 1 1
github.com/go-park-mail-ru/2023_1_Seekers/internal/user/repository/inmemory/repository.go:72.33,73.18 1 1
github.com/go-park-mail-ru/2023_1_Seekers/internal/user/repository/inmemory/repository.go:73.18,75.4 1 0
github.com/go-park-mail-ru/2023_1_Seekers/internal/user/repository/inmemory/repository.go:80.65,82.16 2 1
github.com/go-park-mail-ru/2023_1_Seekers/internal/user/repository/inmemory/repository.go:85.2,86.12 2 1
github.com/go-park-mail-ru/2023_1_Seekers/internal/user/repository/inmemory/repository.go:82.16,84.3 1 0
github.com/go-park-mail-ru/2023_1_Seekers/pkg/logger.go:21.51,23.16 2 0
github.com/go-park-mail-ru/2023_1_Seekers/pkg/logger.go:26.2,26.30 1 0
github.com/go-park-mail-ru/2023_1_Seekers/pkg/logger.go:31.2,31.12 1 0
github.com/go-park-mail-ru/2023_1_Seekers/pkg/logger.go:23.16,25.3 1 0
github.com/go-park-mail-ru/2023_1_Seekers/pkg/logger.go:26.30,27.49 1 0
github.com/go-park-mail-ru/2023_1_Seekers/pkg/logger.go:27.49,29.4 1 0
github.com/go-park-mail-ru/2023_1_Seekers/pkg/logger.go:34.43,36.2 1 0
github.com/go-park-mail-ru/2023_1_Seekers/pkg/logger.go:44.26,46.2 1 1
github.com/go-park-mail-ru/2023_1_Seekers/pkg/logger.go:48.66,50.2 1 0
github.com/go-park-mail-ru/2023_1_Seekers/pkg/logger.go:52.63,54.2 1 0
github.com/go-park-mail-ru/2023_1_Seekers/pkg/logger.go:56.19,59.16 3 0
github.com/go-park-mail-ru/2023_1_Seekers/pkg/logger.go:63.2,72.56 4 0
github.com/go-park-mail-ru/2023_1_Seekers/pkg/logger.go:85.2,85.57 1 0
github.com/go-park-mail-ru/2023_1_Seekers/pkg/logger.go:92.2,93.16 2 0
github.com/go-park-mail-ru/2023_1_Seekers/pkg/logger.go:97.2,106.31 4 0
github.com/go-park-mail-ru/2023_1_Seekers/pkg/logger.go:59.16,61.3 1 0
github.com/go-park-mail-ru/2023_1_Seekers/pkg/logger.go:72.56,76.70 4 0
github.com/go-park-mail-ru/2023_1_Seekers/pkg/logger.go:81.4,81.60 1 0
github.com/go-park-mail-ru/2023_1_Seekers/pkg/logger.go:76.70,78.5 1 0
github.com/go-park-mail-ru/2023_1_Seekers/pkg/logger.go:78.10,80.5 1 0
github.com/go-park-mail-ru/2023_1_Seekers/pkg/logger.go:85.57,86.22 1 0
github.com/go-park-mail-ru/2023_1_Seekers/pkg/logger.go:89.3,89.56 1 0
github.com/go-park-mail-ru/2023_1_Seekers/pkg/logger.go:86.22,88.4 1 0
github.com/go-park-mail-ru/2023_1_Seekers/pkg/logger.go:93.16,95.3 1 0
github.com/go-park-mail-ru/2023_1_Seekers/pkg/logger.go:118.87,120.15 2 0
github.com/go-park-mail-ru/2023_1_Seekers/pkg/logger.go:130.2,131.16 2 0
github.com/go-park-mail-ru/2023_1_Seekers/pkg/logger.go:121.44,122.20 1 0
github.com/go-park-mail-ru/2023_1_Seekers/pkg/logger.go:123.24,124.22 1 0
github.com/go-park-mail-ru/2023_1_Seekers/pkg/logger.go:125.63,126.19 1 0
github.com/go-park-mail-ru/2023_1_Seekers/pkg/logger.go:127.10,128.20 1 0
github.com/go-park-mail-ru/2023_1_Seekers/pkg/logger.go:131.16,133.3 1 0
github.com/go-park-mail-ru/2023_1_Seekers/pkg/logger.go:145.65,146.24 1 0
github.com/go-park-mail-ru/2023_1_Seekers/pkg/logger.go:150.2,153.19 3 0
github.com/go-park-mail-ru/2023_1_Seekers/pkg/logger.go:157.2,157.19 1 0
github.com/go-park-mail-ru/2023_1_Seekers/pkg/logger.go:167.2,168.14 2 0
github.com/go-park-mail-ru/2023_1_Seekers/pkg/logger.go:174.2,174.19 1 0
github.com/go-park-mail-ru/2023_1_Seekers/pkg/logger.go:178.2,180.19 2 0
github.com/go-park-mail-ru/2023_1_Seekers/pkg/logger.go:184.2,184.18 1 0
github.com/go-park-mail-ru/2023_1_Seekers/pkg/logger.go:194.2,196.23 3 0
github.com/go-park-mail-ru/2023_1_Seekers/pkg/logger.go:146.24,148.3 1 0
github.com/go-park-mail-ru/2023_1_Seekers/pkg/logger.go:153.19,155.3 1 0
github.com/go-park-mail-ru/2023_1_Seekers/pkg/logger.go:157.19,158.15 1 0
github.com/go-park-mail-ru/2023_1_Seekers/pkg/logger.go:162.3,162.20 1 0
github.com/go-park-mail-ru/2023_1_Seekers/pkg/logger.go:158.15,160.4 1 0
github.com/go-park-mail-ru/2023_1_Seekers/pkg/logger.go:162.20,164.4 1 0
github.com/go-park-mail-ru/2023_1_Seekers/pkg/logger.go:168.14,170.3 1 0
github.com/go-park-mail-ru/2023_1_Seekers/pkg/logger.go:170.8,172.3 1 0
github.com/go-park-mail-ru/2023_1_Seekers/pkg/logger.go:174.19,176.3 1 0
github.com/go-park-mail-ru/2023_1_Seekers/pkg/logger.go:180.19,182.3 1 0
github.com/go-park-mail-ru/2023_1_Seekers/pkg/logger.go:184.18,185.15 1 0
github.com/go-park-mail-ru/2023_1_Seekers/pkg/logger.go:189.3,189.20 1 0
github.com/go-park-mail-ru/2023_1_Seekers/pkg/logger.go:185.15,187.4 1 0
github.com/go-park-mail-ru/2023_1_Seekers/pkg/logger.go:189.20,191.4 1 0
github.com/go-park-mail-ru/2023_1_Seekers/pkg/logger.go:199.58,201.2 1 0
github.com/go-park-mail-ru/2023_1_Seekers/pkg/logger.go:203.74,205.2 1 0
github.com/go-park-mail-ru/2023_1_Seekers/pkg/logger.go:207.71,208.23 1 0
github.com/go-park-mail-ru/2023_1_Seekers/pkg/logger.go:208.23,209.37 1 0
github.com/go-park-mail-ru/2023_1_Seekers/pkg/logger.go:209.37,211.4 1 0
github.com/go-park-mail-ru/2023_1_Seekers/pkg/logger.go:211.9,219.4 1 0
github.com/go-park-mail-ru/2023_1_Seekers/pkg/logger.go:223.71,224.26 1 0
github.com/go-park-mail-ru/2023_1_Seekers/pkg/logger.go:224.26,226.33 2 0
github.com/go-park-mail-ru/2023_1_Seekers/pkg/logger.go:230.3,232.32 2 0
github.com/go-park-mail-ru/2023_1_Seekers/pkg/logger.go:226.33,228.4 1 0
github.com/go-park-mail-ru/2023_1_Seekers/pkg/logger.go:232.32,234.4 1 0
github.com/go-park-mail-ru/2023_1_Seekers/pkg/logger.go:238.84,241.19 2 0
github.com/go-park-mail-ru/2023_1_Seekers/pkg/logger.go:244.2,244.14 1 0
github.com/go-park-mail-ru/2023_1_Seekers/pkg/logger.go:241.19,243.3 1 0
github.com/go-park-mail-ru/2023_1_Seekers/pkg/logger.go:244.14,246.3 1 0
github.com/go-park-mail-ru/2023_1_Seekers/pkg/logger.go:246.8,248.3 1 0
github.com/go-park-mail-ru/2023_1_Seekers/pkg/http_error.go:9.64,11.2 1 1
github.com/go-park-mail-ru/2023_1_Seekers/pkg/http_error.go:13.81,16.9 3 1
github.com/go-park-mail-ru/2023_1_Seekers/pkg/http_error.go:21.2,21.25 1 1
github.com/go-park-mail-ru/2023_1_Seekers/pkg/http_error.go:16.9,18.3 1 1
github.com/go-park-mail-ru/2023_1_Seekers/pkg/http_error.go:18.8,20.3 1 0
github.com/go-park-mail-ru/2023_1_Seekers/internal/auth/repository/inmemory/session.go:12.23,18.2 1 1
github.com/go-park-mail-ru/2023_1_Seekers/internal/auth/repository/inmemory/session.go:20.62,21.54 1 1
github.com/go-park-mail-ru/2023_1_Seekers/internal/auth/repository/inmemory/session.go:24.2,25.12 2 1
github.com/go-park-mail-ru/2023_1_Seekers/internal/auth/repository/inmemory/session.go:21.54,23.3 1 0
github.com/go-park-mail-ru/2023_1_Seekers/internal/auth/repository/inmemory/session.go:28.62,29.33 1 0
github.com/go-park-mail-ru/2023_1_Seekers/internal/auth/repository/inmemory/session.go:36.2,36.32 1 0
github.com/go-park-mail-ru/2023_1_Seekers/internal/auth/repository/inmemory/session.go:29.33,30.31 1 0
github.com/go-park-mail-ru/2023_1_Seekers/internal/auth/repository/inmemory/session.go:30.31,33.4 2 0
github.com/go-park-mail-ru/2023_1_Seekers/internal/auth/repository/inmemory/session.go:39.61,40.33 1 1
github.com/go-park-mail-ru/2023_1_Seekers/internal/auth/repository/inmemory/session.go:46.2,46.32 1 0
github.com/go-park-mail-ru/2023_1_Seekers/internal/auth/repository/inmemory/session.go:40.33,41.19 1 1
github.com/go-park-mail-ru/2023_1_Seekers/internal/auth/repository/inmemory/session.go:41.19,44.4 2 1
github.com/go-park-mail-ru/2023_1_Seekers/internal/auth/repository/inmemory/session.go:49.78,50.33 1 1
github.com/go-park-mail-ru/2023_1_Seekers/internal/auth/repository/inmemory/session.go:55.2,55.37 1 1
github.com/go-park-mail-ru/2023_1_Seekers/internal/auth/repository/inmemory/session.go:50.33,51.31 1 1
github.com/go-park-mail-ru/2023_1_Seekers/internal/auth/repository/inmemory/session.go:51.31,53.4 1 1
github.com/go-park-mail-ru/2023_1_Seekers/internal/auth/repository/inmemory/session.go:58.77,59.33 1 1
github.com/go-park-mail-ru/2023_1_Seekers/internal/auth/repository/inmemory/session.go:64.2,64.37 1 1
github.com/go-park-mail-ru/2023_1_Seekers/internal/auth/repository/inmemory/session.go:59.33,60.19 1 1
github.com/go-park-mail-ru/2023_1_Seekers/internal/auth/repository/inmemory/session.go:60.19,62.4 1 1
github.com/go-park-mail-ru/2023_1_Seekers/internal/auth/usecase/usecase.go:17.58,22.2 1 1
github.com/go-park-mail-ru/2023_1_Seekers/internal/auth/usecase/usecase.go:24.71,26.16 2 1
github.com/go-park-mail-ru/2023_1_Seekers/internal/auth/usecase/usecase.go:29.2,30.16 2 1
github.com/go-park-mail-ru/2023_1_Seekers/internal/auth/usecase/usecase.go:34.2,34.36 1 1
github.com/go-park-mail-ru/2023_1_Seekers/internal/auth/usecase/usecase.go:38.2,38.18 1 1
github.com/go-park-mail-ru/2023_1_Seekers/internal/auth/usecase/usecase.go:26.16,28.3 1 0
github.com/go-park-mail-ru/2023_1_Seekers/internal/auth/usecase/usecase.go:30.16,32.3 1 1
github.com/go-park-mail-ru/2023_1_Seekers/internal/auth/usecase/usecase.go:34.36,36.3 1 0
github.com/go-park-mail-ru/2023_1_Seekers/internal/auth/usecase/usecase.go:41.72,42.36 1 1
github.com/go-park-mail-ru/2023_1_Seekers/internal/auth/usecase/usecase.go:46.2,47.63 2 1
github.com/go-park-mail-ru/2023_1_Seekers/internal/auth/usecase/usecase.go:51.2,55.16 2 1
github.com/go-park-mail-ru/2023_1_Seekers/internal/auth/usecase/usecase.go:59.2,64.16 2 1
github.com/go-park-mail-ru/2023_1_Seekers/internal/auth/usecase/usecase.go:72.2,72.18 1 1
github.com/go-park-mail-ru/2023_1_Seekers/internal/auth/usecase/usecase.go:42.36,44.3 1 1
github.com/go-park-mail-ru/2023_1_Seekers/internal/auth/usecase/usecase.go:47.63,49.3 1 0
github.com/go-park-mail-ru/2023_1_Seekers/internal/auth/usecase/usecase.go:55.16,57.3 1 1
github.com/go-park-mail-ru/2023_1_Seekers/internal/auth/usecase/usecase.go:64.16,65.51 1 0
github.com/go-park-mail-ru/2023_1_Seekers/internal/auth/usecase/usecase.go:65.51,67.4 1 0
github.com/go-park-mail-ru/2023_1_Seekers/internal/auth/usecase/usecase.go:67.9,69.4 1 0
github.com/go-park-mail-ru/2023_1_Seekers/internal/auth/usecase/usecase.go:75.70,77.16 2 1
github.com/go-park-mail-ru/2023_1_Seekers/internal/auth/usecase/usecase.go:80.2,86.16 3 1
github.com/go-park-mail-ru/2023_1_Seekers/internal/auth/usecase/usecase.go:90.2,90.25 1 1
github.com/go-park-mail-ru/2023_1_Seekers/internal/auth/usecase/usecase.go:77.16,79.3 1 0
github.com/go-park-mail-ru/2023_1_Seekers/internal/auth/usecase/usecase.go:86.16,88.3 1 0
github.com/go-park-mail-ru/2023_1_Seekers/internal/auth/usecase/usecase.go:93.57,95.16 2 0
github.com/go-park-mail-ru/2023_1_Seekers/internal/auth/usecase/usecase.go:99.2,99.12 1 0
github.com/go-park-mail-ru/2023_1_Seekers/internal/auth/usecase/usecase.go:95.16,97.3 1 0
github.com/go-park-mail-ru/2023_1_Seekers/internal/auth/usecase/usecase.go:102.56,104.16 2 1
github.com/go-park-mail-ru/2023_1_Seekers/internal/auth/usecase/usecase.go:108.2,108.12 1 1
github.com/go-park-mail-ru/2023_1_Seekers/internal/auth/usecase/usecase.go:104.16,106.3 1 0
github.com/go-park-mail-ru/2023_1_Seekers/internal/auth/usecase/usecase.go:111.73,113.16 2 1
github.com/go-park-mail-ru/2023_1_Seekers/internal/auth/usecase/usecase.go:117.2,117.15 1 1
github.com/go-park-mail-ru/2023_1_Seekers/internal/auth/usecase/usecase.go:113.16,115.3 1 1
github.com/go-park-mail-ru/2023_1_Seekers/internal/auth/usecase/usecase.go:120.72,122.16 2 1
github.com/go-park-mail-ru/2023_1_Seekers/internal/auth/usecase/usecase.go:126.2,126.15 1 1
github.com/go-park-mail-ru/2023_1_Seekers/internal/auth/usecase/usecase.go:122.16,124.3 1 0
github.com/go-park-mail-ru/2023_1_Seekers/internal/auth/delivery/http/register.go:11.84,15.2 3 0
github.com/go-park-mail-ru/2023_1_Seekers/pkg/errors/errors.go:8.38,10.2 1 0
github.com/go-park-mail-ru/2023_1_Seekers/pkg/errors/errors.go:12.42,17.2 1 1
github.com/go-park-mail-ru/2023_1_Seekers/pkg/errors/errors.go:19.68,24.2 1 0
github.com/go-park-mail-ru/2023_1_Seekers/internal/auth/delivery/http/register.go:11.84,15.2 3 0
github.com/go-park-mail-ru/2023_1_Seekers/internal/mail/usecase/usecase.go:14.40,18.2 1 1
github.com/go-park-mail-ru/2023_1_Seekers/internal/mail/usecase/usecase.go:20.62,24.2 2 1
github.com/go-park-mail-ru/2023_1_Seekers/internal/mail/usecase/usecase.go:26.89,30.16 3 1
github.com/go-park-mail-ru/2023_1_Seekers/internal/mail/usecase/usecase.go:34.2,34.22 1 1
github.com/go-park-mail-ru/2023_1_Seekers/internal/mail/usecase/usecase.go:30.16,32.3 1 0
github.com/go-park-mail-ru/2023_1_Seekers/internal/mail/usecase/usecase.go:37.89,41.16 3 1
github.com/go-park-mail-ru/2023_1_Seekers/internal/mail/usecase/usecase.go:45.2,45.22 1 1
github.com/go-park-mail-ru/2023_1_Seekers/internal/mail/usecase/usecase.go:41.16,43.3 1 0
github.com/go-park-mail-ru/2023_1_Seekers/internal/mail/usecase/usecase.go:48.104,53.16 3 1
github.com/go-park-mail-ru/2023_1_Seekers/internal/mail/usecase/usecase.go:57.2,57.19 1 1
github.com/go-park-mail-ru/2023_1_Seekers/internal/mail/usecase/usecase.go:61.2,63.16 2 1
github.com/go-park-mail-ru/2023_1_Seekers/internal/mail/usecase/usecase.go:67.2,67.22 1 1
github.com/go-park-mail-ru/2023_1_Seekers/internal/mail/usecase/usecase.go:53.16,55.3 1 0
github.com/go-park-mail-ru/2023_1_Seekers/internal/mail/usecase/usecase.go:57.19,59.3 1 0
github.com/go-park-mail-ru/2023_1_Seekers/internal/mail/usecase/usecase.go:63.16,65.3 1 0
github.com/go-park-mail-ru/2023_1_Seekers/internal/mail/usecase/usecase.go:70.90,74.16 2 1
github.com/go-park-mail-ru/2023_1_Seekers/internal/mail/usecase/usecase.go:78.2,78.19 1 1
github.com/go-park-mail-ru/2023_1_Seekers/internal/mail/usecase/usecase.go:82.2,82.20 1 1
github.com/go-park-mail-ru/2023_1_Seekers/internal/mail/usecase/usecase.go:74.16,76.3 1 1
github.com/go-park-mail-ru/2023_1_Seekers/internal/mail/usecase/usecase.go:78.19,80.3 1 0
github.com/go-park-mail-ru/2023_1_Seekers/internal/mail/usecase/usecase.go:85.56,94.2 3 0
github.com/go-park-mail-ru/2023_1_Seekers/internal/mail/usecase/usecase.go:96.78,98.2 1 0
github.com/go-park-mail-ru/2023_1_Seekers/internal/user/usecase/usecase.go:16.40,18.2 1 1
github.com/go-park-mail-ru/2023_1_Seekers/internal/user/usecase/usecase.go:20.52,22.16 2 0
github.com/go-park-mail-ru/2023_1_Seekers/internal/user/usecase/usecase.go:25.2,25.27 1 0
github.com/go-park-mail-ru/2023_1_Seekers/internal/user/usecase/usecase.go:22.16,24.3 1 0
github.com/go-park-mail-ru/2023_1_Seekers/internal/user/usecase/usecase.go:28.70,31.16 3 0
github.com/go-park-mail-ru/2023_1_Seekers/internal/user/usecase/usecase.go:35.2,35.48 1 0
github.com/go-park-mail-ru/2023_1_Seekers/internal/user/usecase/usecase.go:39.2,39.48 1 0
github.com/go-park-mail-ru/2023_1_Seekers/internal/user/usecase/usecase.go:43.2,43.36 1 0
github.com/go-park-mail-ru/2023_1_Seekers/internal/user/usecase/usecase.go:31.16,34.3 2 0
github.com/go-park-mail-ru/2023_1_Seekers/internal/user/usecase/usecase.go:35.48,38.3 2 0
github.com/go-park-mail-ru/2023_1_Seekers/internal/user/usecase/usecase.go:39.48,42.3 2 0
github.com/go-park-mail-ru/2023_1_Seekers/internal/user/usecase/usecase.go:46.54,48.2 1 0
github.com/go-park-mail-ru/2023_1_Seekers/internal/user/usecase/usecase.go:50.64,52.2 1 0
github.com/go-park-mail-ru/2023_1_Seekers/internal/user/usecase/usecase.go:54.70,56.2 1 1
github.com/go-park-mail-ru/2023_1_Seekers/internal/user/usecase/usecase.go:58.63,61.16 3 0
github.com/go-park-mail-ru/2023_1_Seekers/internal/user/usecase/usecase.go:64.2,64.42 1 0
github.com/go-park-mail-ru/2023_1_Seekers/internal/user/usecase/usecase.go:61.16,63.3 1 0
github.com/go-park-mail-ru/2023_1_Seekers/internal/user/usecase/usecase.go:66.70,68.2 1 0
github.com/go-park-mail-ru/2023_1_Seekers/internal/mail/delivery/handler.go:16.43,20.2 1 1
github.com/go-park-mail-ru/2023_1_Seekers/internal/mail/delivery/handler.go:22.71,24.2 1 1
github.com/go-park-mail-ru/2023_1_Seekers/internal/mail/delivery/handler.go:38.79,41.9 2 1
github.com/go-park-mail-ru/2023_1_Seekers/internal/mail/delivery/handler.go:46.2,48.16 2 1
github.com/go-park-mail-ru/2023_1_Seekers/internal/mail/delivery/handler.go:53.2,55.4 1 1
github.com/go-park-mail-ru/2023_1_Seekers/internal/mail/delivery/handler.go:41.9,44.3 2 0
github.com/go-park-mail-ru/2023_1_Seekers/internal/mail/delivery/handler.go:48.16,51.3 2 0
github.com/go-park-mail-ru/2023_1_Seekers/internal/mail/delivery/handler.go:70.80,72.9 2 1
github.com/go-park-mail-ru/2023_1_Seekers/internal/mail/delivery/handler.go:77.2,78.16 2 1
github.com/go-park-mail-ru/2023_1_Seekers/internal/mail/delivery/handler.go:83.2,85.4 1 1
github.com/go-park-mail-ru/2023_1_Seekers/internal/mail/delivery/handler.go:72.9,75.3 2 0
github.com/go-park-mail-ru/2023_1_Seekers/internal/mail/delivery/handler.go:78.16,81.3 2 0
github.com/go-park-mail-ru/2023_1_Seekers/internal/mail/delivery/handler.go:102.80,104.9 2 1
github.com/go-park-mail-ru/2023_1_Seekers/internal/mail/delivery/handler.go:108.2,111.16 3 1
github.com/go-park-mail-ru/2023_1_Seekers/internal/mail/delivery/handler.go:116.2,118.16 2 1
github.com/go-park-mail-ru/2023_1_Seekers/internal/mail/delivery/handler.go:123.2,125.16 2 1
github.com/go-park-mail-ru/2023_1_Seekers/internal/mail/delivery/handler.go:130.2,133.4 1 1
github.com/go-park-mail-ru/2023_1_Seekers/internal/mail/delivery/handler.go:104.9,107.3 2 0
github.com/go-park-mail-ru/2023_1_Seekers/internal/mail/delivery/handler.go:111.16,114.3 2 0
github.com/go-park-mail-ru/2023_1_Seekers/internal/mail/delivery/handler.go:118.16,121.3 2 1
github.com/go-park-mail-ru/2023_1_Seekers/internal/mail/delivery/handler.go:125.16,128.3 2 0
github.com/go-park-mail-ru/2023_1_Seekers/internal/mail/delivery/handler.go:147.73,149.9 2 1
github.com/go-park-mail-ru/2023_1_Seekers/internal/mail/delivery/handler.go:154.2,157.4 2 1
github.com/go-park-mail-ru/2023_1_Seekers/internal/mail/delivery/handler.go:149.9,152.3 2 0
github.com/go-park-mail-ru/2023_1_Seekers/internal/mail/delivery/register.go:11.84,16.2 4 0
github.com/go-park-mail-ru/2023_1_Seekers/internal/auth/repository/inmemory/session.go:12.23,18.2 1 1
github.com/go-park-mail-ru/2023_1_Seekers/internal/auth/repository/inmemory/session.go:20.62,21.54 1 1
github.com/go-park-mail-ru/2023_1_Seekers/internal/auth/repository/inmemory/session.go:24.2,25.12 2 1
github.com/go-park-mail-ru/2023_1_Seekers/internal/auth/repository/inmemory/session.go:21.54,23.3 1 0
github.com/go-park-mail-ru/2023_1_Seekers/internal/auth/repository/inmemory/session.go:28.62,29.33 1 0
github.com/go-park-mail-ru/2023_1_Seekers/internal/auth/repository/inmemory/session.go:36.2,36.32 1 0
github.com/go-park-mail-ru/2023_1_Seekers/internal/auth/repository/inmemory/session.go:29.33,30.31 1 0
github.com/go-park-mail-ru/2023_1_Seekers/internal/auth/repository/inmemory/session.go:30.31,33.4 2 0
github.com/go-park-mail-ru/2023_1_Seekers/internal/auth/repository/inmemory/session.go:39.61,40.33 1 1
github.com/go-park-mail-ru/2023_1_Seekers/internal/auth/repository/inmemory/session.go:46.2,46.32 1 1
github.com/go-park-mail-ru/2023_1_Seekers/internal/auth/repository/inmemory/session.go:40.33,41.19 1 1
github.com/go-park-mail-ru/2023_1_Seekers/internal/auth/repository/inmemory/session.go:41.19,44.4 2 1
github.com/go-park-mail-ru/2023_1_Seekers/internal/auth/repository/inmemory/session.go:49.78,50.33 1 1
github.com/go-park-mail-ru/2023_1_Seekers/internal/auth/repository/inmemory/session.go:55.2,55.37 1 0
github.com/go-park-mail-ru/2023_1_Seekers/internal/auth/repository/inmemory/session.go:50.33,51.31 1 1
github.com/go-park-mail-ru/2023_1_Seekers/internal/auth/repository/inmemory/session.go:51.31,53.4 1 1
github.com/go-park-mail-ru/2023_1_Seekers/internal/auth/repository/inmemory/session.go:58.77,59.33 1 1
github.com/go-park-mail-ru/2023_1_Seekers/internal/auth/repository/inmemory/session.go:64.2,64.37 1 1
github.com/go-park-mail-ru/2023_1_Seekers/internal/auth/repository/inmemory/session.go:59.33,60.19 1 1
github.com/go-park-mail-ru/2023_1_Seekers/internal/auth/repository/inmemory/session.go:60.19,62.4 1 1
github.com/go-park-mail-ru/2023_1_Seekers/internal/user/repository/inmemory/repository.go:14.23,29.2 1 1
github.com/go-park-mail-ru/2023_1_Seekers/internal/user/repository/inmemory/repository.go:31.66,32.30 1 1
github.com/go-park-mail-ru/2023_1_Seekers/internal/user/repository/inmemory/repository.go:37.2,37.34 1 0
github.com/go-park-mail-ru/2023_1_Seekers/internal/user/repository/inmemory/repository.go:32.30,33.17 1 1
github.com/go-park-mail-ru/2023_1_Seekers/internal/user/repository/inmemory/repository.go:33.17,35.4 1 1
github.com/go-park-mail-ru/2023_1_Seekers/internal/user/repository/inmemory/repository.go:40.72,41.30 1 1
github.com/go-park-mail-ru/2023_1_Seekers/internal/user/repository/inmemory/repository.go:46.2,46.34 1 0
github.com/go-park-mail-ru/2023_1_Seekers/internal/user/repository/inmemory/repository.go:41.30,42.23 1 1
github.com/go-park-mail-ru/2023_1_Seekers/internal/user/repository/inmemory/repository.go:42.23,44.4 1 1
github.com/go-park-mail-ru/2023_1_Seekers/internal/user/repository/inmemory/repository.go:49.72,51.16 2 0
github.com/go-park-mail-ru/2023_1_Seekers/internal/user/repository/inmemory/repository.go:56.2,58.19 3 0
github.com/go-park-mail-ru/2023_1_Seekers/internal/user/repository/inmemory/repository.go:51.16,53.3 1 0
github.com/go-park-mail-ru/2023_1_Seekers/internal/user/repository/inmemory/repository.go:61.56,62.30 1 0
github.com/go-park-mail-ru/2023_1_Seekers/internal/user/repository/inmemory/repository.go:68.2,68.29 1 0
github.com/go-park-mail-ru/2023_1_Seekers/internal/user/repository/inmemory/repository.go:62.30,63.22 1 0
github.com/go-park-mail-ru/2023_1_Seekers/internal/user/repository/inmemory/repository.go:63.22,66.4 2 0
github.com/go-park-mail-ru/2023_1_Seekers/internal/user/repository/inmemory/repository.go:71.72,72.33 1 0
github.com/go-park-mail-ru/2023_1_Seekers/internal/user/repository/inmemory/repository.go:77.2,77.34 1 0
github.com/go-park-mail-ru/2023_1_Seekers/internal/user/repository/inmemory/repository.go:72.33,73.18 1 0
github.com/go-park-mail-ru/2023_1_Seekers/internal/user/repository/inmemory/repository.go:73.18,75.4 1 0
github.com/go-park-mail-ru/2023_1_Seekers/internal/user/repository/inmemory/repository.go:80.65,82.16 2 0
github.com/go-park-mail-ru/2023_1_Seekers/internal/user/repository/inmemory/repository.go:85.2,86.12 2 0
github.com/go-park-mail-ru/2023_1_Seekers/internal/user/repository/inmemory/repository.go:82.16,84.3 1 0
github.com/go-park-mail-ru/2023_1_Seekers/pkg/logger.go:21.51,23.16 2 0
github.com/go-park-mail-ru/2023_1_Seekers/pkg/logger.go:26.2,26.30 1 0
github.com/go-park-mail-ru/2023_1_Seekers/pkg/logger.go:31.2,31.12 1 0
github.com/go-park-mail-ru/2023_1_Seekers/pkg/logger.go:23.16,25.3 1 0
github.com/go-park-mail-ru/2023_1_Seekers/pkg/logger.go:26.30,27.49 1 0
github.com/go-park-mail-ru/2023_1_Seekers/pkg/logger.go:27.49,29.4 1 0
github.com/go-park-mail-ru/2023_1_Seekers/pkg/logger.go:34.43,36.2 1 0
github.com/go-park-mail-ru/2023_1_Seekers/pkg/logger.go:44.26,46.2 1 1
github.com/go-park-mail-ru/2023_1_Seekers/pkg/logger.go:48.66,50.2 1 0
github.com/go-park-mail-ru/2023_1_Seekers/pkg/logger.go:52.63,54.2 1 0
github.com/go-park-mail-ru/2023_1_Seekers/pkg/logger.go:56.19,59.16 3 0
github.com/go-park-mail-ru/2023_1_Seekers/pkg/logger.go:63.2,72.56 4 0
github.com/go-park-mail-ru/2023_1_Seekers/pkg/logger.go:85.2,85.57 1 0
github.com/go-park-mail-ru/2023_1_Seekers/pkg/logger.go:92.2,93.16 2 0
github.com/go-park-mail-ru/2023_1_Seekers/pkg/logger.go:97.2,106.31 4 0
github.com/go-park-mail-ru/2023_1_Seekers/pkg/logger.go:59.16,61.3 1 0
github.com/go-park-mail-ru/2023_1_Seekers/pkg/logger.go:72.56,76.70 4 0
github.com/go-park-mail-ru/2023_1_Seekers/pkg/logger.go:81.4,81.60 1 0
github.com/go-park-mail-ru/2023_1_Seekers/pkg/logger.go:76.70,78.5 1 0
github.com/go-park-mail-ru/2023_1_Seekers/pkg/logger.go:78.10,80.5 1 0
github.com/go-park-mail-ru/2023_1_Seekers/pkg/logger.go:85.57,86.22 1 0
github.com/go-park-mail-ru/2023_1_Seekers/pkg/logger.go:89.3,89.56 1 0
github.com/go-park-mail-ru/2023_1_Seekers/pkg/logger.go:86.22,88.4 1 0
github.com/go-park-mail-ru/2023_1_Seekers/pkg/logger.go:93.16,95.3 1 0
github.com/go-park-mail-ru/2023_1_Seekers/pkg/logger.go:118.87,120.15 2 0
github.com/go-park-mail-ru/2023_1_Seekers/pkg/logger.go:130.2,131.16 2 0
github.com/go-park-mail-ru/2023_1_Seekers/pkg/logger.go:121.44,122.20 1 0
github.com/go-park-mail-ru/2023_1_Seekers/pkg/logger.go:123.24,124.22 1 0
github.com/go-park-mail-ru/2023_1_Seekers/pkg/logger.go:125.63,126.19 1 0
github.com/go-park-mail-ru/2023_1_Seekers/pkg/logger.go:127.10,128.20 1 0
github.com/go-park-mail-ru/2023_1_Seekers/pkg/logger.go:131.16,133.3 1 0
github.com/go-park-mail-ru/2023_1_Seekers/pkg/logger.go:145.65,146.24 1 0
github.com/go-park-mail-ru/2023_1_Seekers/pkg/logger.go:150.2,153.19 3 0
github.com/go-park-mail-ru/2023_1_Seekers/pkg/logger.go:157.2,157.19 1 0
github.com/go-park-mail-ru/2023_1_Seekers/pkg/logger.go:167.2,168.14 2 0
github.com/go-park-mail-ru/2023_1_Seekers/pkg/logger.go:174.2,174.19 1 0
github.com/go-park-mail-ru/2023_1_Seekers/pkg/logger.go:178.2,180.19 2 0
github.com/go-park-mail-ru/2023_1_Seekers/pkg/logger.go:184.2,184.18 1 0
github.com/go-park-mail-ru/2023_1_Seekers/pkg/logger.go:194.2,196.23 3 0
github.com/go-park-mail-ru/2023_1_Seekers/pkg/logger.go:146.24,148.3 1 0
github.com/go-park-mail-ru/2023_1_Seekers/pkg/logger.go:153.19,155.3 1 0
github.com/go-park-mail-ru/2023_1_Seekers/pkg/logger.go:157.19,158.15 1 0
github.com/go-park-mail-ru/2023_1_Seekers/pkg/logger.go:162.3,162.20 1 0
github.com/go-park-mail-ru/2023_1_Seekers/pkg/logger.go:158.15,160.4 1 0
github.com/go-park-mail-ru/2023_1_Seekers/pkg/logger.go:162.20,164.4 1 0
github.com/go-park-mail-ru/2023_1_Seekers/pkg/logger.go:168.14,170.3 1 0
github.com/go-park-mail-ru/2023_1_Seekers/pkg/logger.go:170.8,172.3 1 0
github.com/go-park-mail-ru/2023_1_Seekers/pkg/logger.go:174.19,176.3 1 0
github.com/go-park-mail-ru/2023_1_Seekers/pkg/logger.go:180.19,182.3 1 0
github.com/go-park-mail-ru/2023_1_Seekers/pkg/logger.go:184.18,185.15 1 0
github.com/go-park-mail-ru/2023_1_Seekers/pkg/logger.go:189.3,189.20 1 0
github.com/go-park-mail-ru/2023_1_Seekers/pkg/logger.go:185.15,187.4 1 0
github.com/go-park-mail-ru/2023_1_Seekers/pkg/logger.go:189.20,191.4 1 0
github.com/go-park-mail-ru/2023_1_Seekers/pkg/logger.go:199.58,201.2 1 0
github.com/go-park-mail-ru/2023_1_Seekers/pkg/logger.go:203.74,205.2 1 0
github.com/go-park-mail-ru/2023_1_Seekers/pkg/logger.go:207.71,208.23 1 0
github.com/go-park-mail-ru/2023_1_Seekers/pkg/logger.go:208.23,209.37 1 0
github.com/go-park-mail-ru/2023_1_Seekers/pkg/logger.go:209.37,211.4 1 0
github.com/go-park-mail-ru/2023_1_Seekers/pkg/logger.go:211.9,219.4 1 0
github.com/go-park-mail-ru/2023_1_Seekers/pkg/logger.go:223.71,224.26 1 0
github.com/go-park-mail-ru/2023_1_Seekers/pkg/logger.go:224.26,226.33 2 0
github.com/go-park-mail-ru/2023_1_Seekers/pkg/logger.go:230.3,232.32 2 0
github.com/go-park-mail-ru/2023_1_Seekers/pkg/logger.go:226.33,228.4 1 0
github.com/go-park-mail-ru/2023_1_Seekers/pkg/logger.go:232.32,234.4 1 0
github.com/go-park-mail-ru/2023_1_Seekers/pkg/logger.go:238.84,241.19 2 0
github.com/go-park-mail-ru/2023_1_Seekers/pkg/logger.go:244.2,244.14 1 0
github.com/go-park-mail-ru/2023_1_Seekers/pkg/logger.go:241.19,243.3 1 0
github.com/go-park-mail-ru/2023_1_Seekers/pkg/logger.go:244.14,246.3 1 0
github.com/go-park-mail-ru/2023_1_Seekers/pkg/logger.go:246.8,248.3 1 0
github.com/go-park-mail-ru/2023_1_Seekers/pkg/send_json.go:10.66,12.16 2 1
github.com/go-park-mail-ru/2023_1_Seekers/pkg/send_json.go:18.2,22.16 4 1
github.com/go-park-mail-ru/2023_1_Seekers/pkg/send_json.go:12.16,16.3 3 0
github.com/go-park-mail-ru/2023_1_Seekers/pkg/send_json.go:22.16,26.3 3 0
github.com/go-park-mail-ru/2023_1_Seekers/internal/auth/usecase/usecase.go:17.58,22.2 1 1
github.com/go-park-mail-ru/2023_1_Seekers/internal/auth/usecase/usecase.go:24.71,26.16 2 1
github.com/go-park-mail-ru/2023_1_Seekers/internal/auth/usecase/usecase.go:29.2,30.16 2 1
github.com/go-park-mail-ru/2023_1_Seekers/internal/auth/usecase/usecase.go:34.2,34.36 1 1
github.com/go-park-mail-ru/2023_1_Seekers/internal/auth/usecase/usecase.go:38.2,38.18 1 1
github.com/go-park-mail-ru/2023_1_Seekers/internal/auth/usecase/usecase.go:26.16,28.3 1 0
github.com/go-park-mail-ru/2023_1_Seekers/internal/auth/usecase/usecase.go:30.16,32.3 1 0
github.com/go-park-mail-ru/2023_1_Seekers/internal/auth/usecase/usecase.go:34.36,36.3 1 0
github.com/go-park-mail-ru/2023_1_Seekers/internal/auth/usecase/usecase.go:41.72,42.36 1 0
github.com/go-park-mail-ru/2023_1_Seekers/internal/auth/usecase/usecase.go:46.2,47.63 2 0
github.com/go-park-mail-ru/2023_1_Seekers/internal/auth/usecase/usecase.go:51.2,55.16 2 0
github.com/go-park-mail-ru/2023_1_Seekers/internal/auth/usecase/usecase.go:59.2,64.16 2 0
github.com/go-park-mail-ru/2023_1_Seekers/internal/auth/usecase/usecase.go:72.2,72.18 1 0
github.com/go-park-mail-ru/2023_1_Seekers/internal/auth/usecase/usecase.go:42.36,44.3 1 0
github.com/go-park-mail-ru/2023_1_Seekers/internal/auth/usecase/usecase.go:47.63,49.3 1 0
github.com/go-park-mail-ru/2023_1_Seekers/internal/auth/usecase/usecase.go:55.16,57.3 1 0
github.com/go-park-mail-ru/2023_1_Seekers/internal/auth/usecase/usecase.go:64.16,65.51 1 0
github.com/go-park-mail-ru/2023_1_Seekers/internal/auth/usecase/usecase.go:65.51,67.4 1 0
github.com/go-park-mail-ru/2023_1_Seekers/internal/auth/usecase/usecase.go:67.9,69.4 1 0
github.com/go-park-mail-ru/2023_1_Seekers/internal/auth/usecase/usecase.go:75.70,77.16 2 1
github.com/go-park-mail-ru/2023_1_Seekers/internal/auth/usecase/usecase.go:80.2,86.16 3 1
github.com/go-park-mail-ru/2023_1_Seekers/internal/auth/usecase/usecase.go:90.2,90.25 1 1
github.com/go-park-mail-ru/2023_1_Seekers/internal/auth/usecase/usecase.go:77.16,79.3 1 0
github.com/go-park-mail-ru/2023_1_Seekers/internal/auth/usecase/usecase.go:86.16,88.3 1 0
github.com/go-park-mail-ru/2023_1_Seekers/internal/auth/usecase/usecase.go:93.57,95.16 2 0
github.com/go-park-mail-ru/2023_1_Seekers/internal/auth/usecase/usecase.go:99.2,99.12 1 0
github.com/go-park-mail-ru/2023_1_Seekers/internal/auth/usecase/usecase.go:95.16,97.3 1 0
github.com/go-park-mail-ru/2023_1_Seekers/internal/auth/usecase/usecase.go:102.56,104.16 2 1
github.com/go-park-mail-ru/2023_1_Seekers/internal/auth/usecase/usecase.go:108.2,108.12 1 1
github.com/go-park-mail-ru/2023_1_Seekers/internal/auth/usecase/usecase.go:104.16,106.3 1 1
github.com/go-park-mail-ru/2023_1_Seekers/internal/auth/usecase/usecase.go:111.73,113.16 2 1
github.com/go-park-mail-ru/2023_1_Seekers/internal/auth/usecase/usecase.go:117.2,117.15 1 1
github.com/go-park-mail-ru/2023_1_Seekers/internal/auth/usecase/usecase.go:113.16,115.3 1 0
github.com/go-park-mail-ru/2023_1_Seekers/internal/auth/usecase/usecase.go:120.72,122.16 2 1
github.com/go-park-mail-ru/2023_1_Seekers/internal/auth/usecase/usecase.go:126.2,126.15 1 1
github.com/go-park-mail-ru/2023_1_Seekers/internal/auth/usecase/usecase.go:122.16,124.3 1 0
github.com/go-park-mail-ru/2023_1_Seekers/pkg/rand.go:8.41,11.27 3 1
github.com/go-park-mail-ru/2023_1_Seekers/pkg/rand.go:18.2,18.31 1 1
github.com/go-park-mail-ru/2023_1_Seekers/pkg/rand.go:11.27,13.17 2 1
github.com/go-park-mail-ru/2023_1_Seekers/pkg/rand.go:16.3,16.38 1 1
github.com/go-park-mail-ru/2023_1_Seekers/pkg/rand.go:13.17,15.4 1 0
github.com/go-park-mail-ru/2023_1_Seekers/internal/middleware/middleware.go:18.56,20.2 1 1
github.com/go-park-mail-ru/2023_1_Seekers/internal/middleware/middleware.go:22.56,30.2 2 0
github.com/go-park-mail-ru/2023_1_Seekers/internal/middleware/middleware.go:32.65,33.75 1 0
github.com/go-park-mail-ru/2023_1_Seekers/internal/middleware/middleware.go:42.2,42.16 1 0
github.com/go-park-mail-ru/2023_1_Seekers/internal/middleware/middleware.go:33.75,41.3 4 0
github.com/go-park-mail-ru/2023_1_Seekers/internal/middleware/middleware.go:45.69,46.75 1 1
github.com/go-park-mail-ru/2023_1_Seekers/internal/middleware/middleware.go:64.2,64.16 1 1
github.com/go-park-mail-ru/2023_1_Seekers/internal/middleware/middleware.go:46.75,48.17 2 1
github.com/go-park-mail-ru/2023_1_Seekers/internal/middleware/middleware.go:53.3,54.17 2 1
github.com/go-park-mail-ru/2023_1_Seekers/internal/middleware/middleware.go:60.3,62.20 2 1
github.com/go-park-mail-ru/2023_1_Seekers/internal/middleware/middleware.go:48.17,52.4 3 0
github.com/go-park-mail-ru/2023_1_Seekers/internal/middleware/middleware.go:54.17,58.4 3 0
github.com/go-park-mail-ru/2023_1_Seekers/internal/mail/repository/inmemory/inmemory.go:20.37,126.2 1 1
github.com/go-park-mail-ru/2023_1_Seekers/internal/mail/repository/inmemory/inmemory.go:128.74,129.29 1 1
github.com/go-park-mail-ru/2023_1_Seekers/internal/mail/repository/inmemory/inmemory.go:141.2,141.14 1 1
github.com/go-park-mail-ru/2023_1_Seekers/internal/mail/repository/inmemory/inmemory.go:129.29,130.31 1 1
github.com/go-park-mail-ru/2023_1_Seekers/internal/mail/repository/inmemory/inmemory.go:130.31,131.72 1 1
github.com/go-park-mail-ru/2023_1_Seekers/internal/mail/repository/inmemory/inmemory.go:135.4,135.53 1 1
github.com/go-park-mail-ru/2023_1_Seekers/internal/mail/repository/inmemory/inmemory.go:131.72,133.5 1 1
github.com/go-park-mail-ru/2023_1_Seekers/internal/mail/repository/inmemory/inmemory.go:135.53,137.5 1 1
github.com/go-park-mail-ru/2023_1_Seekers/internal/mail/repository/inmemory/inmemory.go:144.82,145.73 1 1
github.com/go-park-mail-ru/2023_1_Seekers/internal/mail/repository/inmemory/inmemory.go:149.2,149.15 1 1
github.com/go-park-mail-ru/2023_1_Seekers/internal/mail/repository/inmemory/inmemory.go:153.2,153.31 1 1
github.com/go-park-mail-ru/2023_1_Seekers/internal/mail/repository/inmemory/inmemory.go:145.73,147.3 1 1
github.com/go-park-mail-ru/2023_1_Seekers/internal/mail/repository/inmemory/inmemory.go:149.15,151.3 1 0
github.com/go-park-mail-ru/2023_1_Seekers/internal/mail/repository/inmemory/inmemory.go:156.85,157.67 1 1
github.com/go-park-mail-ru/2023_1_Seekers/internal/mail/repository/inmemory/inmemory.go:161.2,161.15 1 1
github.com/go-park-mail-ru/2023_1_Seekers/internal/mail/repository/inmemory/inmemory.go:165.2,165.29 1 1
github.com/go-park-mail-ru/2023_1_Seekers/internal/mail/repository/inmemory/inmemory.go:157.67,159.3 1 1
github.com/go-park-mail-ru/2023_1_Seekers/internal/mail/repository/inmemory/inmemory.go:161.15,163.3 1 0
github.com/go-park-mail-ru/2023_1_Seekers/internal/mail/repository/inmemory/inmemory.go:168.76,171.34 2 1
github.com/go-park-mail-ru/2023_1_Seekers/internal/mail/repository/inmemory/inmemory.go:183.2,183.30 1 1
github.com/go-park-mail-ru/2023_1_Seekers/internal/mail/repository/inmemory/inmemory.go:171.34,172.31 1 1
github.com/go-park-mail-ru/2023_1_Seekers/internal/mail/repository/inmemory/inmemory.go:172.31,175.18 2 1
github.com/go-park-mail-ru/2023_1_Seekers/internal/mail/repository/inmemory/inmemory.go:179.4,179.59 1 1
github.com/go-park-mail-ru/2023_1_Seekers/internal/mail/repository/inmemory/inmemory.go:175.18,177.5 1 0
github.com/go-park-mail-ru/2023_1_Seekers/internal/mail/repository/inmemory/inmemory.go:186.97,189.34 2 1
github.com/go-park-mail-ru/2023_1_Seekers/internal/mail/repository/inmemory/inmemory.go:227.2,227.22 1 1
github.com/go-park-mail-ru/2023_1_Seekers/internal/mail/repository/inmemory/inmemory.go:189.34,190.25 1 1
github.com/go-park-mail-ru/2023_1_Seekers/internal/mail/repository/inmemory/inmemory.go:190.25,191.50 1 1
github.com/go-park-mail-ru/2023_1_Seekers/internal/mail/repository/inmemory/inmemory.go:195.4,197.18 2 1
github.com/go-park-mail-ru/2023_1_Seekers/internal/mail/repository/inmemory/inmemory.go:201.4,203.18 2 1
github.com/go-park-mail-ru/2023_1_Seekers/internal/mail/repository/inmemory/inmemory.go:207.4,209.18 2 1
github.com/go-park-mail-ru/2023_1_Seekers/internal/mail/repository/inmemory/inmemory.go:213.4,223.47 2 1
github.com/go-park-mail-ru/2023_1_Seekers/internal/mail/repository/inmemory/inmemory.go:191.50,192.13 1 0
github.com/go-park-mail-ru/2023_1_Seekers/internal/mail/repository/inmemory/inmemory.go:197.18,199.5 1 0
github.com/go-park-mail-ru/2023_1_Seekers/internal/mail/repository/inmemory/inmemory.go:203.18,205.5 1 0
github.com/go-park-mail-ru/2023_1_Seekers/internal/mail/repository/inmemory/inmemory.go:209.18,211.5 1 0
github.com/go-park-mail-ru/2023_1_Seekers/internal/mail/repository/inmemory/inmemory.go:230.97,233.32 2 1
github.com/go-park-mail-ru/2023_1_Seekers/internal/mail/repository/inmemory/inmemory.go:265.2,265.22 1 1
github.com/go-park-mail-ru/2023_1_Seekers/internal/mail/repository/inmemory/inmemory.go:233.32,234.25 1 1
github.com/go-park-mail-ru/2023_1_Seekers/internal/mail/repository/inmemory/inmemory.go:234.25,235.48 1 1
github.com/go-park-mail-ru/2023_1_Seekers/internal/mail/repository/inmemory/inmemory.go:239.4,241.28 2 1
github.com/go-park-mail-ru/2023_1_Seekers/internal/mail/repository/inmemory/inmemory.go:245.4,247.18 2 1
github.com/go-park-mail-ru/2023_1_Seekers/internal/mail/repository/inmemory/inmemory.go:251.4,261.47 2 1
github.com/go-park-mail-ru/2023_1_Seekers/internal/mail/repository/inmemory/inmemory.go:235.48,236.13 1 1
github.com/go-park-mail-ru/2023_1_Seekers/internal/mail/repository/inmemory/inmemory.go:241.28,242.13 1 0
github.com/go-park-mail-ru/2023_1_Seekers/internal/mail/repository/inmemory/inmemory.go:247.18,249.5 1 0
github.com/go-park-mail-ru/2023_1_Seekers/internal/mail/repository/inmemory/inmemory.go:268.101,269.70 1 1
github.com/go-park-mail-ru/2023_1_Seekers/internal/mail/repository/inmemory/inmemory.go:273.2,273.15 1 1
github.com/go-park-mail-ru/2023_1_Seekers/internal/mail/repository/inmemory/inmemory.go:277.2,277.30 1 1
github.com/go-park-mail-ru/2023_1_Seekers/internal/mail/repository/inmemory/inmemory.go:269.70,271.3 1 1
github.com/go-park-mail-ru/2023_1_Seekers/internal/mail/repository/inmemory/inmemory.go:273.15,275.3 1 1
github.com/go-park-mail-ru/2023_1_Seekers/internal/mail/repository/inmemory/inmemory.go:280.70,283.31 2 1
github.com/go-park-mail-ru/2023_1_Seekers/internal/mail/repository/inmemory/inmemory.go:289.2,289.16 1 1
github.com/go-park-mail-ru/2023_1_Seekers/internal/mail/repository/inmemory/inmemory.go:283.31,284.25 1 1
github.com/go-park-mail-ru/2023_1_Seekers/internal/mail/repository/inmemory/inmemory.go:284.25,286.4 1 1
github.com/go-park-mail-ru/2023_1_Seekers/internal/mail/repository/inmemory/inmemory.go:292.113,295.29 2 1
github.com/go-park-mail-ru/2023_1_Seekers/internal/mail/repository/inmemory/inmemory.go:333.2,333.22 1 1
github.com/go-park-mail-ru/2023_1_Seekers/internal/mail/repository/inmemory/inmemory.go:295.29,296.29 1 1
github.com/go-park-mail-ru/2023_1_Seekers/internal/mail/repository/inmemory/inmemory.go:296.29,299.18 2 1
github.com/go-park-mail-ru/2023_1_Seekers/internal/mail/repository/inmemory/inmemory.go:303.4,303.18 1 1
github.com/go-park-mail-ru/2023_1_Seekers/internal/mail/repository/inmemory/inmemory.go:307.4,309.18 2 1
github.com/go-park-mail-ru/2023_1_Seekers/internal/mail/repository/inmemory/inmemory.go:313.4,315.18 2 1
github.com/go-park-mail-ru/2023_1_Seekers/internal/mail/repository/inmemory/inmemory.go:319.4,329.47 2 1
github.com/go-park-mail-ru/2023_1_Seekers/internal/mail/repository/inmemory/inmemory.go:299.18,301.5 1 0
github.com/go-park-mail-ru/2023_1_Seekers/internal/mail/repository/inmemory/inmemory.go:303.18,305.5 1 0
github.com/go-park-mail-ru/2023_1_Seekers/internal/mail/repository/inmemory/inmemory.go:309.18,311.5 1 0
github.com/go-park-mail-ru/2023_1_Seekers/internal/mail/repository/inmemory/inmemory.go:315.18,317.5 1 0
github.com/go-park-mail-ru/2023_1_Seekers/internal/mail/repository/inmemory/inmemory.go:336.77,339.25 3 0
github.com/go-park-mail-ru/2023_1_Seekers/internal/mail/repository/inmemory/inmemory.go:352.2,360.12 2 0
github.com/go-park-mail-ru/2023_1_Seekers/internal/mail/repository/inmemory/inmemory.go:339.25,351.3 2 0
github.com/go-park-mail-ru/2023_1_Seekers/pkg/http_error.go:9.64,11.2 1 1
github.com/go-park-mail-ru/2023_1_Seekers/pkg/http_error.go:13.81,16.9 3 1
github.com/go-park-mail-ru/2023_1_Seekers/pkg/http_error.go:21.2,21.25 1 1
github.com/go-park-mail-ru/2023_1_Seekers/pkg/http_error.go:16.9,18.3 1 1
github.com/go-park-mail-ru/2023_1_Seekers/pkg/http_error.go:18.8,20.3 1 0
github.com/go-park-mail-ru/2023_1_Seekers/pkg/validation.go:9.50,11.51 2 1
github.com/go-park-mail-ru/2023_1_Seekers/pkg/validation.go:24.2,24.19 1 1
github.com/go-park-mail-ru/2023_1_Seekers/pkg/validation.go:11.51,12.67 1 0
github.com/go-park-mail-ru/2023_1_Seekers/pkg/validation.go:12.67,14.4 1 0
github.com/go-park-mail-ru/2023_1_Seekers/pkg/validation.go:14.9,16.4 1 0
github.com/go-park-mail-ru/2023_1_Seekers/pkg/validation.go:17.8,20.71 2 1
github.com/go-park-mail-ru/2023_1_Seekers/pkg/validation.go:20.71,22.4 1 0
github.com/go-park-mail-ru/2023_1_Seekers/internal/auth/delivery/http/handler.go:25.83,31.2 1 1
github.com/go-park-mail-ru/2023_1_Seekers/internal/auth/delivery/http/handler.go:33.71,35.2 1 0
github.com/go-park-mail-ru/2023_1_Seekers/internal/auth/delivery/http/handler.go:37.67,45.2 1 1
github.com/go-park-mail-ru/2023_1_Seekers/internal/auth/delivery/http/handler.go:47.39,54.2 1 0
github.com/go-park-mail-ru/2023_1_Seekers/internal/auth/delivery/http/handler.go:71.67,72.33 1 0
github.com/go-park-mail-ru/2023_1_Seekers/internal/auth/delivery/http/handler.go:79.2,80.62 2 0
github.com/go-park-mail-ru/2023_1_Seekers/internal/auth/delivery/http/handler.go:85.2,86.46 2 0
github.com/go-park-mail-ru/2023_1_Seekers/internal/auth/delivery/http/handler.go:91.2,92.16 2 0
github.com/go-park-mail-ru/2023_1_Seekers/internal/auth/delivery/http/handler.go:102.2,103.16 2 0
github.com/go-park-mail-ru/2023_1_Seekers/internal/auth/delivery/http/handler.go:108.2,109.16 2 0
github.com/go-park-mail-ru/2023_1_Seekers/internal/auth/delivery/http/handler.go:114.2,115.38 2 0
github.com/go-park-mail-ru/2023_1_Seekers/internal/auth/delivery/http/handler.go:72.33,74.17 2 0
github.com/go-park-mail-ru/2023_1_Seekers/internal/auth/delivery/http/handler.go:74.17,76.4 1 0
github.com/go-park-mail-ru/2023_1_Seekers/internal/auth/delivery/http/handler.go:80.62,83.3 2 0
github.com/go-park-mail-ru/2023_1_Seekers/internal/auth/delivery/http/handler.go:86.46,89.3 2 0
github.com/go-park-mail-ru/2023_1_Seekers/internal/auth/delivery/http/handler.go:92.16,94.69 1 0
github.com/go-park-mail-ru/2023_1_Seekers/internal/auth/delivery/http/handler.go:98.3,99.9 2 0
github.com/go-park-mail-ru/2023_1_Seekers/internal/auth/delivery/http/handler.go:94.69,97.4 2 0
github.com/go-park-mail-ru/2023_1_Seekers/internal/auth/delivery/http/handler.go:103.16,106.3 2 0
github.com/go-park-mail-ru/2023_1_Seekers/internal/auth/delivery/http/handler.go:109.16,112.3 2 0
github.com/go-park-mail-ru/2023_1_Seekers/internal/auth/delivery/http/handler.go:130.67,131.33 1 1
github.com/go-park-mail-ru/2023_1_Seekers/internal/auth/delivery/http/handler.go:137.2,140.16 3 1
github.com/go-park-mail-ru/2023_1_Seekers/internal/auth/delivery/http/handler.go:145.2,146.16 2 1
github.com/go-park-mail-ru/2023_1_Seekers/internal/auth/delivery/http/handler.go:156.2,158.16 3 1
github.com/go-park-mail-ru/2023_1_Seekers/internal/auth/delivery/http/handler.go:163.2,164.38 2 1
github.com/go-park-mail-ru/2023_1_Seekers/internal/auth/delivery/http/handler.go:131.33,133.17 2 1
github.com/go-park-mail-ru/2023_1_Seekers/internal/auth/delivery/http/handler.go:133.17,135.4 1 0
github.com/go-park-mail-ru/2023_1_Seekers/internal/auth/delivery/http/handler.go:140.16,143.3 2 0
github.com/go-park-mail-ru/2023_1_Seekers/internal/auth/delivery/http/handler.go:146.16,147.34 1 0
github.com/go-park-mail-ru/2023_1_Seekers/internal/auth/delivery/http/handler.go:151.3,152.9 2 0
github.com/go-park-mail-ru/2023_1_Seekers/internal/auth/delivery/http/handler.go:147.34,150.4 2 0
github.com/go-park-mail-ru/2023_1_Seekers/internal/auth/delivery/http/handler.go:158.16,161.3 2 0
github.com/go-park-mail-ru/2023_1_Seekers/internal/auth/delivery/http/handler.go:177.67,180.2 2 0
github.com/go-park-mail-ru/2023_1_Seekers/pkg/rand.go:8.41,11.27 3 1
github.com/go-park-mail-ru/2023_1_Seekers/pkg/rand.go:18.2,18.31 1 1
github.com/go-park-mail-ru/2023_1_Seekers/pkg/rand.go:11.27,13.17 2 1
github.com/go-park-mail-ru/2023_1_Seekers/pkg/rand.go:16.3,16.38 1 1
github.com/go-park-mail-ru/2023_1_Seekers/pkg/rand.go:13.17,15.4 1 0
github.com/go-park-mail-ru/2023_1_Seekers/pkg/send_json.go:10.66,12.16 2 1
github.com/go-park-mail-ru/2023_1_Seekers/pkg/send_json.go:18.2,22.16 4 1
github.com/go-park-mail-ru/2023_1_Seekers/pkg/send_json.go:12.16,16.3 3 0
github.com/go-park-mail-ru/2023_1_Seekers/pkg/send_json.go:22.16,26.3 3 0
github.com/go-park-mail-ru/2023_1_Seekers/internal/auth/usecase/usecase.go:17.58,22.2 1 1
github.com/go-park-mail-ru/2023_1_Seekers/internal/auth/usecase/usecase.go:24.71,26.16 2 0
github.com/go-park-mail-ru/2023_1_Seekers/internal/auth/usecase/usecase.go:29.2,30.16 2 0
github.com/go-park-mail-ru/2023_1_Seekers/internal/auth/usecase/usecase.go:34.2,34.36 1 0
github.com/go-park-mail-ru/2023_1_Seekers/internal/auth/usecase/usecase.go:38.2,38.18 1 0
github.com/go-park-mail-ru/2023_1_Seekers/internal/auth/usecase/usecase.go:26.16,28.3 1 0
github.com/go-park-mail-ru/2023_1_Seekers/internal/auth/usecase/usecase.go:30.16,32.3 1 0
github.com/go-park-mail-ru/2023_1_Seekers/internal/auth/usecase/usecase.go:34.36,36.3 1 0
github.com/go-park-mail-ru/2023_1_Seekers/internal/auth/usecase/usecase.go:41.72,42.36 1 0
github.com/go-park-mail-ru/2023_1_Seekers/internal/auth/usecase/usecase.go:46.2,47.63 2 0
github.com/go-park-mail-ru/2023_1_Seekers/internal/auth/usecase/usecase.go:51.2,55.16 2 0
github.com/go-park-mail-ru/2023_1_Seekers/internal/auth/usecase/usecase.go:59.2,64.16 2 0
github.com/go-park-mail-ru/2023_1_Seekers/internal/auth/usecase/usecase.go:72.2,72.18 1 0
github.com/go-park-mail-ru/2023_1_Seekers/internal/auth/usecase/usecase.go:42.36,44.3 1 0
github.com/go-park-mail-ru/2023_1_Seekers/internal/auth/usecase/usecase.go:47.63,49.3 1 0
github.com/go-park-mail-ru/2023_1_Seekers/internal/auth/usecase/usecase.go:55.16,57.3 1 0
github.com/go-park-mail-ru/2023_1_Seekers/internal/auth/usecase/usecase.go:64.16,65.51 1 0
github.com/go-park-mail-ru/2023_1_Seekers/internal/auth/usecase/usecase.go:65.51,67.4 1 0
github.com/go-park-mail-ru/2023_1_Seekers/internal/auth/usecase/usecase.go:67.9,69.4 1 0
github.com/go-park-mail-ru/2023_1_Seekers/internal/auth/usecase/usecase.go:75.70,77.16 2 0
github.com/go-park-mail-ru/2023_1_Seekers/internal/auth/usecase/usecase.go:80.2,86.16 3 0
github.com/go-park-mail-ru/2023_1_Seekers/internal/auth/usecase/usecase.go:90.2,90.25 1 0
github.com/go-park-mail-ru/2023_1_Seekers/internal/auth/usecase/usecase.go:77.16,79.3 1 0
github.com/go-park-mail-ru/2023_1_Seekers/internal/auth/usecase/usecase.go:86.16,88.3 1 0
github.com/go-park-mail-ru/2023_1_Seekers/internal/auth/usecase/usecase.go:93.57,95.16 2 0
github.com/go-park-mail-ru/2023_1_Seekers/internal/auth/usecase/usecase.go:99.2,99.12 1 0
github.com/go-park-mail-ru/2023_1_Seekers/internal/auth/usecase/usecase.go:95.16,97.3 1 0
github.com/go-park-mail-ru/2023_1_Seekers/internal/auth/usecase/usecase.go:102.56,104.16 2 0
github.com/go-park-mail-ru/2023_1_Seekers/internal/auth/usecase/usecase.go:108.2,108.12 1 0
github.com/go-park-mail-ru/2023_1_Seekers/internal/auth/usecase/usecase.go:104.16,106.3 1 0
github.com/go-park-mail-ru/2023_1_Seekers/internal/auth/usecase/usecase.go:111.73,113.16 2 1
github.com/go-park-mail-ru/2023_1_Seekers/internal/auth/usecase/usecase.go:117.2,117.15 1 1
github.com/go-park-mail-ru/2023_1_Seekers/internal/auth/usecase/usecase.go:113.16,115.3 1 1
github.com/go-park-mail-ru/2023_1_Seekers/internal/auth/usecase/usecase.go:120.72,122.16 2 0
github.com/go-park-mail-ru/2023_1_Seekers/internal/auth/usecase/usecase.go:126.2,126.15 1 0
github.com/go-park-mail-ru/2023_1_Seekers/internal/auth/usecase/usecase.go:122.16,124.3 1 0
github.com/go-park-mail-ru/2023_1_Seekers/pkg/errors/errors.go:8.38,10.2 1 0
github.com/go-park-mail-ru/2023_1_Seekers/pkg/errors/errors.go:12.42,17.2 1 1
github.com/go-park-mail-ru/2023_1_Seekers/pkg/errors/errors.go:19.68,24.2 1 0
github.com/go-park-mail-ru/2023_1_Seekers/pkg/http_error.go:9.64,11.2 1 1
github.com/go-park-mail-ru/2023_1_Seekers/pkg/http_error.go:13.81,16.9 3 1
github.com/go-park-mail-ru/2023_1_Seekers/pkg/http_error.go:21.2,21.25 1 1
github.com/go-park-mail-ru/2023_1_Seekers/pkg/http_error.go:16.9,18.3 1 1
github.com/go-park-mail-ru/2023_1_Seekers/pkg/http_error.go:18.8,20.3 1 0
github.com/go-park-mail-ru/2023_1_Seekers/pkg/logger.go:21.51,23.16 2 0
github.com/go-park-mail-ru/2023_1_Seekers/pkg/logger.go:26.2,26.30 1 0
github.com/go-park-mail-ru/2023_1_Seekers/pkg/logger.go:31.2,31.12 1 0
github.com/go-park-mail-ru/2023_1_Seekers/pkg/logger.go:23.16,25.3 1 0
github.com/go-park-mail-ru/2023_1_Seekers/pkg/logger.go:26.30,27.49 1 0
github.com/go-park-mail-ru/2023_1_Seekers/pkg/logger.go:27.49,29.4 1 0
github.com/go-park-mail-ru/2023_1_Seekers/pkg/logger.go:34.43,36.2 1 0
github.com/go-park-mail-ru/2023_1_Seekers/pkg/logger.go:44.26,46.2 1 1
github.com/go-park-mail-ru/2023_1_Seekers/pkg/logger.go:48.66,50.2 1 0
github.com/go-park-mail-ru/2023_1_Seekers/pkg/logger.go:52.63,54.2 1 0
github.com/go-park-mail-ru/2023_1_Seekers/pkg/logger.go:56.19,59.16 3 0
github.com/go-park-mail-ru/2023_1_Seekers/pkg/logger.go:63.2,72.56 4 0
github.com/go-park-mail-ru/2023_1_Seekers/pkg/logger.go:85.2,85.57 1 0
github.com/go-park-mail-ru/2023_1_Seekers/pkg/logger.go:92.2,93.16 2 0
github.com/go-park-mail-ru/2023_1_Seekers/pkg/logger.go:97.2,106.31 4 0
github.com/go-park-mail-ru/2023_1_Seekers/pkg/logger.go:59.16,61.3 1 0
github.com/go-park-mail-ru/2023_1_Seekers/pkg/logger.go:72.56,76.70 4 0
github.com/go-park-mail-ru/2023_1_Seekers/pkg/logger.go:81.4,81.60 1 0
github.com/go-park-mail-ru/2023_1_Seekers/pkg/logger.go:76.70,78.5 1 0
github.com/go-park-mail-ru/2023_1_Seekers/pkg/logger.go:78.10,80.5 1 0
github.com/go-park-mail-ru/2023_1_Seekers/pkg/logger.go:85.57,86.22 1 0
github.com/go-park-mail-ru/2023_1_Seekers/pkg/logger.go:89.3,89.56 1 0
github.com/go-park-mail-ru/2023_1_Seekers/pkg/logger.go:86.22,88.4 1 0
github.com/go-park-mail-ru/2023_1_Seekers/pkg/logger.go:93.16,95.3 1 0
github.com/go-park-mail-ru/2023_1_Seekers/pkg/logger.go:118.87,120.15 2 0
github.com/go-park-mail-ru/2023_1_Seekers/pkg/logger.go:130.2,131.16 2 0
github.com/go-park-mail-ru/2023_1_Seekers/pkg/logger.go:121.44,122.20 1 0
github.com/go-park-mail-ru/2023_1_Seekers/pkg/logger.go:123.24,124.22 1 0
github.com/go-park-mail-ru/2023_1_Seekers/pkg/logger.go:125.63,126.19 1 0
github.com/go-park-mail-ru/2023_1_Seekers/pkg/logger.go:127.10,128.20 1 0
github.com/go-park-mail-ru/2023_1_Seekers/pkg/logger.go:131.16,133.3 1 0
github.com/go-park-mail-ru/2023_1_Seekers/pkg/logger.go:145.65,146.24 1 0
github.com/go-park-mail-ru/2023_1_Seekers/pkg/logger.go:150.2,153.19 3 0
github.com/go-park-mail-ru/2023_1_Seekers/pkg/logger.go:157.2,157.19 1 0
github.com/go-park-mail-ru/2023_1_Seekers/pkg/logger.go:167.2,168.14 2 0
github.com/go-park-mail-ru/2023_1_Seekers/pkg/logger.go:174.2,174.19 1 0
github.com/go-park-mail-ru/2023_1_Seekers/pkg/logger.go:178.2,180.19 2 0
github.com/go-park-mail-ru/2023_1_Seekers/pkg/logger.go:184.2,184.18 1 0
github.com/go-park-mail-ru/2023_1_Seekers/pkg/logger.go:194.2,196.23 3 0
github.com/go-park-mail-ru/2023_1_Seekers/pkg/logger.go:146.24,148.3 1 0
github.com/go-park-mail-ru/2023_1_Seekers/pkg/logger.go:153.19,155.3 1 0
github.com/go-park-mail-ru/2023_1_Seekers/pkg/logger.go:157.19,158.15 1 0
github.com/go-park-mail-ru/2023_1_Seekers/pkg/logger.go:162.3,162.20 1 0
github.com/go-park-mail-ru/2023_1_Seekers/pkg/logger.go:158.15,160.4 1 0
github.com/go-park-mail-ru/2023_1_Seekers/pkg/logger.go:162.20,164.4 1 0
github.com/go-park-mail-ru/2023_1_Seekers/pkg/logger.go:168.14,170.3 1 0
github.com/go-park-mail-ru/2023_1_Seekers/pkg/logger.go:170.8,172.3 1 0
github.com/go-park-mail-ru/2023_1_Seekers/pkg/logger.go:174.19,176.3 1 0
github.com/go-park-mail-ru/2023_1_Seekers/pkg/logger.go:180.19,182.3 1 0
github.com/go-park-mail-ru/2023_1_Seekers/pkg/logger.go:184.18,185.15 1 0
github.com/go-park-mail-ru/2023_1_Seekers/pkg/logger.go:189.3,189.20 1 0
github.com/go-park-mail-ru/2023_1_Seekers/pkg/logger.go:185.15,187.4 1 0
github.com/go-park-mail-ru/2023_1_Seekers/pkg/logger.go:189.20,191.4 1 0
github.com/go-park-mail-ru/2023_1_Seekers/pkg/logger.go:199.58,201.2 1 0
github.com/go-park-mail-ru/2023_1_Seekers/pkg/logger.go:203.74,205.2 1 0
github.com/go-park-mail-ru/2023_1_Seekers/pkg/logger.go:207.71,208.23 1 0
github.com/go-park-mail-ru/2023_1_Seekers/pkg/logger.go:208.23,209.37 1 0
github.com/go-park-mail-ru/2023_1_Seekers/pkg/logger.go:209.37,211.4 1 0
github.com/go-park-mail-ru/2023_1_Seekers/pkg/logger.go:211.9,219.4 1 0
github.com/go-park-mail-ru/2023_1_Seekers/pkg/logger.go:223.71,224.26 1 0
github.com/go-park-mail-ru/2023_1_Seekers/pkg/logger.go:224.26,226.33 2 0
github.com/go-park-mail-ru/2023_1_Seekers/pkg/logger.go:230.3,232.32 2 0
github.com/go-park-mail-ru/2023_1_Seekers/pkg/logger.go:226.33,228.4 1 0
github.com/go-park-mail-ru/2023_1_Seekers/pkg/logger.go:232.32,234.4 1 0
github.com/go-park-mail-ru/2023_1_Seekers/pkg/logger.go:238.84,241.19 2 0
github.com/go-park-mail-ru/2023_1_Seekers/pkg/logger.go:244.2,244.14 1 0
github.com/go-park-mail-ru/2023_1_Seekers/pkg/logger.go:241.19,243.3 1 0
github.com/go-park-mail-ru/2023_1_Seekers/pkg/logger.go:244.14,246.3 1 0
github.com/go-park-mail-ru/2023_1_Seekers/pkg/logger.go:246.8,248.3 1 0
github.com/go-park-mail-ru/2023_1_Seekers/pkg/validation.go:9.50,11.51 2 0
github.com/go-park-mail-ru/2023_1_Seekers/pkg/validation.go:24.2,24.19 1 0
github.com/go-park-mail-ru/2023_1_Seekers/pkg/validation.go:11.51,12.67 1 0
github.com/go-park-mail-ru/2023_1_Seekers/pkg/validation.go:12.67,14.4 1 0
github.com/go-park-mail-ru/2023_1_Seekers/pkg/validation.go:14.9,16.4 1 0
github.com/go-park-mail-ru/2023_1_Seekers/pkg/validation.go:17.8,20.71 2 0
github.com/go-park-mail-ru/2023_1_Seekers/pkg/validation.go:20.71,22.4 1 0
github.com/go-park-mail-ru/2023_1_Seekers/internal/user/repository/inmemory/repository.go:14.23,29.2 1 1
github.com/go-park-mail-ru/2023_1_Seekers/internal/user/repository/inmemory/repository.go:31.66,32.30 1 0
github.com/go-park-mail-ru/2023_1_Seekers/internal/user/repository/inmemory/repository.go:37.2,37.34 1 0
github.com/go-park-mail-ru/2023_1_Seekers/internal/user/repository/inmemory/repository.go:32.30,33.17 1 0
github.com/go-park-mail-ru/2023_1_Seekers/internal/user/repository/inmemory/repository.go:33.17,35.4 1 0
github.com/go-park-mail-ru/2023_1_Seekers/internal/user/repository/inmemory/repository.go:40.72,41.30 1 0
github.com/go-park-mail-ru/2023_1_Seekers/internal/user/repository/inmemory/repository.go:46.2,46.34 1 0
github.com/go-park-mail-ru/2023_1_Seekers/internal/user/repository/inmemory/repository.go:41.30,42.23 1 0
github.com/go-park-mail-ru/2023_1_Seekers/internal/user/repository/inmemory/repository.go:42.23,44.4 1 0
github.com/go-park-mail-ru/2023_1_Seekers/internal/user/repository/inmemory/repository.go:49.72,51.16 2 0
github.com/go-park-mail-ru/2023_1_Seekers/internal/user/repository/inmemory/repository.go:56.2,58.19 3 0
github.com/go-park-mail-ru/2023_1_Seekers/internal/user/repository/inmemory/repository.go:51.16,53.3 1 0
github.com/go-park-mail-ru/2023_1_Seekers/internal/user/repository/inmemory/repository.go:61.56,62.30 1 0
github.com/go-park-mail-ru/2023_1_Seekers/internal/user/repository/inmemory/repository.go:68.2,68.29 1 0
github.com/go-park-mail-ru/2023_1_Seekers/internal/user/repository/inmemory/repository.go:62.30,63.22 1 0
github.com/go-park-mail-ru/2023_1_Seekers/internal/user/repository/inmemory/repository.go:63.22,66.4 2 0
github.com/go-park-mail-ru/2023_1_Seekers/internal/user/repository/inmemory/repository.go:71.72,72.33 1 0
github.com/go-park-mail-ru/2023_1_Seekers/internal/user/repository/inmemory/repository.go:77.2,77.34 1 0
github.com/go-park-mail-ru/2023_1_Seekers/internal/user/repository/inmemory/repository.go:72.33,73.18 1 0
github.com/go-park-mail-ru/2023_1_Seekers/internal/user/repository/inmemory/repository.go:73.18,75.4 1 0
github.com/go-park-mail-ru/2023_1_Seekers/internal/user/repository/inmemory/repository.go:80.65,82.16 2 0
github.com/go-park-mail-ru/2023_1_Seekers/internal/user/repository/inmemory/repository.go:85.2,86.12 2 0
github.com/go-park-mail-ru/2023_1_Seekers/internal/user/repository/inmemory/repository.go:82.16,84.3 1 0
github.com/go-park-mail-ru/2023_1_Seekers/internal/middleware/middleware.go:18.56,20.2 1 1
github.com/go-park-mail-ru/2023_1_Seekers/internal/middleware/middleware.go:22.56,30.2 2 0
github.com/go-park-mail-ru/2023_1_Seekers/internal/middleware/middleware.go:32.65,33.75 1 0
github.com/go-park-mail-ru/2023_1_Seekers/internal/middleware/middleware.go:42.2,42.16 1 0
github.com/go-park-mail-ru/2023_1_Seekers/internal/middleware/middleware.go:33.75,41.3 4 0
github.com/go-park-mail-ru/2023_1_Seekers/internal/middleware/middleware.go:45.69,46.75 1 1
github.com/go-park-mail-ru/2023_1_Seekers/internal/middleware/middleware.go:64.2,64.16 1 1
github.com/go-park-mail-ru/2023_1_Seekers/internal/middleware/middleware.go:46.75,48.17 2 1
github.com/go-park-mail-ru/2023_1_Seekers/internal/middleware/middleware.go:53.3,54.17 2 1
github.com/go-park-mail-ru/2023_1_Seekers/internal/middleware/middleware.go:60.3,62.20 2 1
github.com/go-park-mail-ru/2023_1_Seekers/internal/middleware/middleware.go:48.17,52.4 3 1
github.com/go-park-mail-ru/2023_1_Seekers/internal/middleware/middleware.go:54.17,58.4 3 1
github.com/go-park-mail-ru/2023_1_Seekers/internal/auth/repository/inmemory/session.go:12.23,18.2 1 1
github.com/go-park-mail-ru/2023_1_Seekers/internal/auth/repository/inmemory/session.go:20.62,21.54 1 0
github.com/go-park-mail-ru/2023_1_Seekers/internal/auth/repository/inmemory/session.go:24.2,25.12 2 0
github.com/go-park-mail-ru/2023_1_Seekers/internal/auth/repository/inmemory/session.go:21.54,23.3 1 0
github.com/go-park-mail-ru/2023_1_Seekers/internal/auth/repository/inmemory/session.go:28.62,29.33 1 0
github.com/go-park-mail-ru/2023_1_Seekers/internal/auth/repository/inmemory/session.go:36.2,36.32 1 0
github.com/go-park-mail-ru/2023_1_Seekers/internal/auth/repository/inmemory/session.go:29.33,30.31 1 0
github.com/go-park-mail-ru/2023_1_Seekers/internal/auth/repository/inmemory/session.go:30.31,33.4 2 0
github.com/go-park-mail-ru/2023_1_Seekers/internal/auth/repository/inmemory/session.go:39.61,40.33 1 0
github.com/go-park-mail-ru/2023_1_Seekers/internal/auth/repository/inmemory/session.go:46.2,46.32 1 0
github.com/go-park-mail-ru/2023_1_Seekers/internal/auth/repository/inmemory/session.go:40.33,41.19 1 0
github.com/go-park-mail-ru/2023_1_Seekers/internal/auth/repository/inmemory/session.go:41.19,44.4 2 0
github.com/go-park-mail-ru/2023_1_Seekers/internal/auth/repository/inmemory/session.go:49.78,50.33 1 1
github.com/go-park-mail-ru/2023_1_Seekers/internal/auth/repository/inmemory/session.go:55.2,55.37 1 1
github.com/go-park-mail-ru/2023_1_Seekers/internal/auth/repository/inmemory/session.go:50.33,51.31 1 1
github.com/go-park-mail-ru/2023_1_Seekers/internal/auth/repository/inmemory/session.go:51.31,53.4 1 1
github.com/go-park-mail-ru/2023_1_Seekers/internal/auth/repository/inmemory/session.go:58.77,59.33 1 0
github.com/go-park-mail-ru/2023_1_Seekers/internal/auth/repository/inmemory/session.go:64.2,64.37 1 0
github.com/go-park-mail-ru/2023_1_Seekers/internal/auth/repository/inmemory/session.go:59.33,60.19 1 0
github.com/go-park-mail-ru/2023_1_Seekers/internal/auth/repository/inmemory/session.go:60.19,62.4 1 0
github.com/go-park-mail-ru/2023_1_Seekers/internal/user/usecase/usecase.go:16.40,18.2 1 1
github.com/go-park-mail-ru/2023_1_Seekers/internal/user/usecase/usecase.go:20.52,22.16 2 0
github.com/go-park-mail-ru/2023_1_Seekers/internal/user/usecase/usecase.go:25.2,25.27 1 0
github.com/go-park-mail-ru/2023_1_Seekers/internal/user/usecase/usecase.go:22.16,24.3 1 0
github.com/go-park-mail-ru/2023_1_Seekers/internal/user/usecase/usecase.go:28.70,31.16 3 0
github.com/go-park-mail-ru/2023_1_Seekers/internal/user/usecase/usecase.go:35.2,35.48 1 0
github.com/go-park-mail-ru/2023_1_Seekers/internal/user/usecase/usecase.go:39.2,39.48 1 0
github.com/go-park-mail-ru/2023_1_Seekers/internal/user/usecase/usecase.go:43.2,43.36 1 0
github.com/go-park-mail-ru/2023_1_Seekers/internal/user/usecase/usecase.go:31.16,34.3 2 0
github.com/go-park-mail-ru/2023_1_Seekers/internal/user/usecase/usecase.go:35.48,38.3 2 0
github.com/go-park-mail-ru/2023_1_Seekers/internal/user/usecase/usecase.go:39.48,42.3 2 0
github.com/go-park-mail-ru/2023_1_Seekers/internal/user/usecase/usecase.go:46.54,48.2 1 0
github.com/go-park-mail-ru/2023_1_Seekers/internal/user/usecase/usecase.go:50.64,52.2 1 0
github.com/go-park-mail-ru/2023_1_Seekers/internal/user/usecase/usecase.go:54.70,56.2 1 0
github.com/go-park-mail-ru/2023_1_Seekers/internal/user/usecase/usecase.go:58.63,61.16 3 0
github.com/go-park-mail-ru/2023_1_Seekers/internal/user/usecase/usecase.go:64.2,64.42 1 0
github.com/go-park-mail-ru/2023_1_Seekers/internal/user/usecase/usecase.go:61.16,63.3 1 0
github.com/go-park-mail-ru/2023_1_Seekers/internal/user/usecase/usecase.go:66.70,68.2 1 0
