mode: atomic
github.com/go-park-mail-ru/2023_1_Seekers/internal/auth/repository/redis/session.go:19.66,24.2 2 3
github.com/go-park-mail-ru/2023_1_Seekers/internal/auth/repository/redis/session.go:26.75,28.16 2 1
github.com/go-park-mail-ru/2023_1_Seekers/internal/auth/repository/redis/session.go:28.16,30.3 1 0
github.com/go-park-mail-ru/2023_1_Seekers/internal/auth/repository/redis/session.go:31.2,32.16 2 1
github.com/go-park-mail-ru/2023_1_Seekers/internal/auth/repository/redis/session.go:32.16,34.3 1 0
github.com/go-park-mail-ru/2023_1_Seekers/internal/auth/repository/redis/session.go:36.2,39.8 1 1
github.com/go-park-mail-ru/2023_1_Seekers/internal/auth/repository/redis/session.go:42.62,44.16 2 1
github.com/go-park-mail-ru/2023_1_Seekers/internal/auth/repository/redis/session.go:44.16,46.3 1 0
github.com/go-park-mail-ru/2023_1_Seekers/internal/auth/repository/redis/session.go:48.2,48.12 1 1
github.com/go-park-mail-ru/2023_1_Seekers/internal/auth/repository/redis/session.go:51.78,53.16 2 1
github.com/go-park-mail-ru/2023_1_Seekers/internal/auth/repository/redis/session.go:53.16,55.3 1 0
github.com/go-park-mail-ru/2023_1_Seekers/internal/auth/repository/redis/session.go:56.2,57.16 2 1
github.com/go-park-mail-ru/2023_1_Seekers/internal/auth/repository/redis/session.go:57.16,59.3 1 0
github.com/go-park-mail-ru/2023_1_Seekers/internal/auth/repository/redis/session.go:61.2,64.8 1 1
github.com/go-park-mail-ru/2023_1_Seekers/internal/models/auth.go:19.45,21.2 1 0
github.com/go-park-mail-ru/2023_1_Seekers/internal/models/mail.go:43.37,47.36 4 0
github.com/go-park-mail-ru/2023_1_Seekers/internal/models/mail.go:47.36,49.3 1 0
github.com/go-park-mail-ru/2023_1_Seekers/internal/models/user.go:28.36,34.2 5 0
github.com/go-park-mail-ru/2023_1_Seekers/internal/models/user.go:49.34,53.2 3 0
github.com/go-park-mail-ru/2023_1_Seekers/internal/models/user.go:59.33,61.2 1 0
github.com/go-park-mail-ru/2023_1_Seekers/internal/models/user.go:63.37,65.2 1 0
github.com/go-park-mail-ru/2023_1_Seekers/pkg/errors/classificator.go:58.26,60.9 2 0
github.com/go-park-mail-ru/2023_1_Seekers/pkg/errors/classificator.go:60.9,62.3 1 0
github.com/go-park-mail-ru/2023_1_Seekers/pkg/errors/classificator.go:64.2,64.13 1 0
github.com/go-park-mail-ru/2023_1_Seekers/pkg/errors/errors.go:8.38,10.2 1 0
github.com/go-park-mail-ru/2023_1_Seekers/pkg/errors/errors.go:12.42,17.2 1 0
github.com/go-park-mail-ru/2023_1_Seekers/pkg/rand/string.go:8.41,11.27 3 1
github.com/go-park-mail-ru/2023_1_Seekers/pkg/rand/string.go:11.27,13.17 2 0
github.com/go-park-mail-ru/2023_1_Seekers/pkg/rand/string.go:13.17,15.4 1 0
github.com/go-park-mail-ru/2023_1_Seekers/pkg/rand/string.go:16.3,16.38 1 0
github.com/go-park-mail-ru/2023_1_Seekers/pkg/rand/string.go:18.2,18.31 1 1
github.com/go-park-mail-ru/2023_1_Seekers/internal/auth/delivery/http/handler.go:25.44,29.2 1 6
github.com/go-park-mail-ru/2023_1_Seekers/internal/auth/delivery/http/handler.go:31.67,40.2 1 2
github.com/go-park-mail-ru/2023_1_Seekers/internal/auth/delivery/http/handler.go:42.39,49.2 1 1
github.com/go-park-mail-ru/2023_1_Seekers/internal/auth/delivery/http/handler.go:66.67,67.33 1 1
github.com/go-park-mail-ru/2023_1_Seekers/internal/auth/delivery/http/handler.go:67.33,69.17 2 1
github.com/go-park-mail-ru/2023_1_Seekers/internal/auth/delivery/http/handler.go:69.17,71.4 1 0
github.com/go-park-mail-ru/2023_1_Seekers/internal/auth/delivery/http/handler.go:74.2,75.62 2 1
github.com/go-park-mail-ru/2023_1_Seekers/internal/auth/delivery/http/handler.go:75.62,78.3 2 0
github.com/go-park-mail-ru/2023_1_Seekers/internal/auth/delivery/http/handler.go:80.2,81.46 2 1
github.com/go-park-mail-ru/2023_1_Seekers/internal/auth/delivery/http/handler.go:81.46,84.3 2 0
github.com/go-park-mail-ru/2023_1_Seekers/internal/auth/delivery/http/handler.go:86.2,89.16 3 1
github.com/go-park-mail-ru/2023_1_Seekers/internal/auth/delivery/http/handler.go:89.16,92.3 2 0
github.com/go-park-mail-ru/2023_1_Seekers/internal/auth/delivery/http/handler.go:94.2,95.49 2 1
github.com/go-park-mail-ru/2023_1_Seekers/internal/auth/delivery/http/handler.go:111.67,112.33 1 1
github.com/go-park-mail-ru/2023_1_Seekers/internal/auth/delivery/http/handler.go:112.33,114.17 2 1
github.com/go-park-mail-ru/2023_1_Seekers/internal/auth/delivery/http/handler.go:114.17,116.4 1 0
github.com/go-park-mail-ru/2023_1_Seekers/internal/auth/delivery/http/handler.go:118.2,121.16 3 1
github.com/go-park-mail-ru/2023_1_Seekers/internal/auth/delivery/http/handler.go:121.16,124.3 2 0
github.com/go-park-mail-ru/2023_1_Seekers/internal/auth/delivery/http/handler.go:126.2,127.16 2 1
github.com/go-park-mail-ru/2023_1_Seekers/internal/auth/delivery/http/handler.go:127.16,130.3 2 0
github.com/go-park-mail-ru/2023_1_Seekers/internal/auth/delivery/http/handler.go:132.2,133.49 2 1
github.com/go-park-mail-ru/2023_1_Seekers/internal/auth/delivery/http/handler.go:145.65,147.2 1 1
github.com/go-park-mail-ru/2023_1_Seekers/internal/auth/delivery/http/handler.go:158.67,161.2 2 1
github.com/go-park-mail-ru/2023_1_Seekers/internal/auth/delivery/http/handler.go:175.67,177.9 2 1
github.com/go-park-mail-ru/2023_1_Seekers/internal/auth/delivery/http/handler.go:177.9,180.3 2 0
github.com/go-park-mail-ru/2023_1_Seekers/internal/auth/delivery/http/handler.go:181.2,181.33 1 1
github.com/go-park-mail-ru/2023_1_Seekers/internal/auth/delivery/http/handler.go:181.33,183.17 2 1
github.com/go-park-mail-ru/2023_1_Seekers/internal/auth/delivery/http/handler.go:183.17,185.4 1 0
github.com/go-park-mail-ru/2023_1_Seekers/internal/auth/delivery/http/handler.go:187.2,190.16 3 1
github.com/go-park-mail-ru/2023_1_Seekers/internal/auth/delivery/http/handler.go:190.16,193.3 2 0
github.com/go-park-mail-ru/2023_1_Seekers/internal/auth/delivery/http/handler.go:195.2,198.16 3 1
github.com/go-park-mail-ru/2023_1_Seekers/internal/auth/delivery/http/handler.go:198.16,201.3 2 0
github.com/go-park-mail-ru/2023_1_Seekers/internal/auth/delivery/http/handler.go:202.2,202.30 1 1
github.com/go-park-mail-ru/2023_1_Seekers/internal/auth/delivery/http/handler.go:213.68,215.16 2 1
github.com/go-park-mail-ru/2023_1_Seekers/internal/auth/delivery/http/handler.go:215.16,218.3 2 0
github.com/go-park-mail-ru/2023_1_Seekers/internal/auth/delivery/http/handler.go:220.2,221.16 2 1
github.com/go-park-mail-ru/2023_1_Seekers/internal/auth/delivery/http/handler.go:221.16,224.3 2 0
github.com/go-park-mail-ru/2023_1_Seekers/internal/auth/delivery/http/handler.go:225.2,226.30 2 1
github.com/go-park-mail-ru/2023_1_Seekers/internal/auth/delivery/http/register.go:11.84,18.2 6 0
github.com/go-park-mail-ru/2023_1_Seekers/internal/auth/usecase/mocks_auth/mockusecase.go:26.61,30.2 3 6
github.com/go-park-mail-ru/2023_1_Seekers/internal/auth/usecase/mocks_auth/mockusecase.go:33.59,35.2 1 3
github.com/go-park-mail-ru/2023_1_Seekers/internal/auth/usecase/mocks_auth/mockusecase.go:38.83,43.2 4 1
github.com/go-park-mail-ru/2023_1_Seekers/internal/auth/usecase/mocks_auth/mockusecase.go:46.81,49.2 2 1
github.com/go-park-mail-ru/2023_1_Seekers/internal/auth/usecase/mocks_auth/mockusecase.go:52.101,59.2 6 1
github.com/go-park-mail-ru/2023_1_Seekers/internal/auth/usecase/mocks_auth/mockusecase.go:62.75,65.2 2 1
github.com/go-park-mail-ru/2023_1_Seekers/internal/auth/usecase/mocks_auth/mockusecase.go:68.102,75.2 6 1
github.com/go-park-mail-ru/2023_1_Seekers/internal/auth/usecase/mocks_auth/mockusecase.go:78.75,81.2 2 1
github.com/go-park-mail-ru/2023_1_Seekers/internal/middleware/middleware.go:20.63,22.2 1 0
github.com/go-park-mail-ru/2023_1_Seekers/internal/middleware/middleware.go:24.56,32.2 2 0
github.com/go-park-mail-ru/2023_1_Seekers/internal/middleware/middleware.go:34.65,35.75 1 0
github.com/go-park-mail-ru/2023_1_Seekers/internal/middleware/middleware.go:35.75,43.3 4 0
github.com/go-park-mail-ru/2023_1_Seekers/internal/middleware/middleware.go:44.2,44.16 1 0
github.com/go-park-mail-ru/2023_1_Seekers/internal/middleware/middleware.go:47.69,48.75 1 0
github.com/go-park-mail-ru/2023_1_Seekers/internal/middleware/middleware.go:48.75,50.17 2 0
github.com/go-park-mail-ru/2023_1_Seekers/internal/middleware/middleware.go:50.17,53.4 2 0
github.com/go-park-mail-ru/2023_1_Seekers/internal/middleware/middleware.go:54.3,55.17 2 0
github.com/go-park-mail-ru/2023_1_Seekers/internal/middleware/middleware.go:55.17,58.4 2 0
github.com/go-park-mail-ru/2023_1_Seekers/internal/middleware/middleware.go:60.3,62.20 2 0
github.com/go-park-mail-ru/2023_1_Seekers/internal/middleware/middleware.go:64.2,64.16 1 0
github.com/go-park-mail-ru/2023_1_Seekers/internal/middleware/middleware.go:67.69,68.75 1 0
github.com/go-park-mail-ru/2023_1_Seekers/internal/middleware/middleware.go:68.75,86.3 1 0
github.com/go-park-mail-ru/2023_1_Seekers/internal/middleware/middleware.go:87.2,87.16 1 0
github.com/go-park-mail-ru/2023_1_Seekers/internal/models/auth.go:19.45,21.2 1 1
github.com/go-park-mail-ru/2023_1_Seekers/internal/models/mail.go:43.37,47.36 4 0
github.com/go-park-mail-ru/2023_1_Seekers/internal/models/mail.go:47.36,49.3 1 0
github.com/go-park-mail-ru/2023_1_Seekers/internal/models/user.go:28.36,34.2 5 1
github.com/go-park-mail-ru/2023_1_Seekers/internal/models/user.go:49.34,53.2 3 0
github.com/go-park-mail-ru/2023_1_Seekers/internal/models/user.go:59.33,61.2 1 0
github.com/go-park-mail-ru/2023_1_Seekers/internal/models/user.go:63.37,65.2 1 0
github.com/go-park-mail-ru/2023_1_Seekers/pkg/csrf.go:20.13,22.22 2 1
github.com/go-park-mail-ru/2023_1_Seekers/pkg/csrf.go:22.22,25.3 2 0
github.com/go-park-mail-ru/2023_1_Seekers/pkg/csrf.go:26.2,26.29 1 1
github.com/go-park-mail-ru/2023_1_Seekers/pkg/csrf.go:29.45,31.41 2 1
github.com/go-park-mail-ru/2023_1_Seekers/pkg/csrf.go:31.41,33.3 1 0
github.com/go-park-mail-ru/2023_1_Seekers/pkg/csrf.go:34.2,34.24 1 1
github.com/go-park-mail-ru/2023_1_Seekers/pkg/csrf.go:37.48,41.16 4 1
github.com/go-park-mail-ru/2023_1_Seekers/pkg/csrf.go:41.16,43.3 1 0
github.com/go-park-mail-ru/2023_1_Seekers/pkg/csrf.go:44.2,45.19 2 1
github.com/go-park-mail-ru/2023_1_Seekers/pkg/csrf.go:48.55,51.46 3 0
github.com/go-park-mail-ru/2023_1_Seekers/pkg/csrf.go:51.46,53.3 1 0
github.com/go-park-mail-ru/2023_1_Seekers/pkg/csrf.go:55.2,57.16 3 0
github.com/go-park-mail-ru/2023_1_Seekers/pkg/csrf.go:57.16,59.3 1 0
github.com/go-park-mail-ru/2023_1_Seekers/pkg/csrf.go:61.2,62.16 2 0
github.com/go-park-mail-ru/2023_1_Seekers/pkg/csrf.go:62.16,64.3 1 0
github.com/go-park-mail-ru/2023_1_Seekers/pkg/csrf.go:66.2,66.31 1 0
github.com/go-park-mail-ru/2023_1_Seekers/pkg/csrf.go:66.31,68.3 1 0
github.com/go-park-mail-ru/2023_1_Seekers/pkg/csrf.go:69.2,69.78 1 0
github.com/go-park-mail-ru/2023_1_Seekers/pkg/hash.go:11.32,13.16 2 0
github.com/go-park-mail-ru/2023_1_Seekers/pkg/hash.go:13.16,15.3 1 0
github.com/go-park-mail-ru/2023_1_Seekers/pkg/hash.go:17.2,17.26 1 0
github.com/go-park-mail-ru/2023_1_Seekers/pkg/hash.go:20.43,23.2 2 0
github.com/go-park-mail-ru/2023_1_Seekers/pkg/hash.go:25.46,27.16 2 0
github.com/go-park-mail-ru/2023_1_Seekers/pkg/hash.go:27.16,29.3 1 0
github.com/go-park-mail-ru/2023_1_Seekers/pkg/hash.go:31.2,32.20 2 0
github.com/go-park-mail-ru/2023_1_Seekers/pkg/hash.go:35.49,36.40 1 0
github.com/go-park-mail-ru/2023_1_Seekers/pkg/hash.go:36.40,38.3 1 0
github.com/go-park-mail-ru/2023_1_Seekers/pkg/hash.go:39.2,41.43 3 0
github.com/go-park-mail-ru/2023_1_Seekers/pkg/logger.go:21.51,23.16 2 0
github.com/go-park-mail-ru/2023_1_Seekers/pkg/logger.go:23.16,25.3 1 0
github.com/go-park-mail-ru/2023_1_Seekers/pkg/logger.go:26.2,26.30 1 0
github.com/go-park-mail-ru/2023_1_Seekers/pkg/logger.go:26.30,27.49 1 0
github.com/go-park-mail-ru/2023_1_Seekers/pkg/logger.go:27.49,29.4 1 0
github.com/go-park-mail-ru/2023_1_Seekers/pkg/logger.go:31.2,31.12 1 0
github.com/go-park-mail-ru/2023_1_Seekers/pkg/logger.go:34.43,36.2 1 0
github.com/go-park-mail-ru/2023_1_Seekers/pkg/logger.go:44.26,46.2 1 0
github.com/go-park-mail-ru/2023_1_Seekers/pkg/logger.go:48.66,50.2 1 0
github.com/go-park-mail-ru/2023_1_Seekers/pkg/logger.go:52.63,54.2 1 0
github.com/go-park-mail-ru/2023_1_Seekers/pkg/logger.go:56.19,59.16 3 0
github.com/go-park-mail-ru/2023_1_Seekers/pkg/logger.go:59.16,61.3 1 0
github.com/go-park-mail-ru/2023_1_Seekers/pkg/logger.go:63.2,72.56 4 0
github.com/go-park-mail-ru/2023_1_Seekers/pkg/logger.go:72.56,76.70 4 0
github.com/go-park-mail-ru/2023_1_Seekers/pkg/logger.go:76.70,78.5 1 0
github.com/go-park-mail-ru/2023_1_Seekers/pkg/logger.go:78.10,80.5 1 0
github.com/go-park-mail-ru/2023_1_Seekers/pkg/logger.go:81.4,81.60 1 0
github.com/go-park-mail-ru/2023_1_Seekers/pkg/logger.go:85.2,85.57 1 0
github.com/go-park-mail-ru/2023_1_Seekers/pkg/logger.go:85.57,86.22 1 0
github.com/go-park-mail-ru/2023_1_Seekers/pkg/logger.go:86.22,88.4 1 0
github.com/go-park-mail-ru/2023_1_Seekers/pkg/logger.go:89.3,89.56 1 0
github.com/go-park-mail-ru/2023_1_Seekers/pkg/logger.go:92.2,93.16 2 0
github.com/go-park-mail-ru/2023_1_Seekers/pkg/logger.go:93.16,95.3 1 0
github.com/go-park-mail-ru/2023_1_Seekers/pkg/logger.go:97.2,106.31 4 0
github.com/go-park-mail-ru/2023_1_Seekers/pkg/logger.go:118.87,120.15 2 0
github.com/go-park-mail-ru/2023_1_Seekers/pkg/logger.go:121.44,122.20 1 0
github.com/go-park-mail-ru/2023_1_Seekers/pkg/logger.go:123.24,124.22 1 0
github.com/go-park-mail-ru/2023_1_Seekers/pkg/logger.go:125.63,126.19 1 0
github.com/go-park-mail-ru/2023_1_Seekers/pkg/logger.go:127.10,128.20 1 0
github.com/go-park-mail-ru/2023_1_Seekers/pkg/logger.go:130.2,131.16 2 0
github.com/go-park-mail-ru/2023_1_Seekers/pkg/logger.go:131.16,133.3 1 0
github.com/go-park-mail-ru/2023_1_Seekers/pkg/logger.go:145.65,146.24 1 0
github.com/go-park-mail-ru/2023_1_Seekers/pkg/logger.go:146.24,148.3 1 0
github.com/go-park-mail-ru/2023_1_Seekers/pkg/logger.go:150.2,153.19 3 0
github.com/go-park-mail-ru/2023_1_Seekers/pkg/logger.go:153.19,155.3 1 0
github.com/go-park-mail-ru/2023_1_Seekers/pkg/logger.go:157.2,157.19 1 0
github.com/go-park-mail-ru/2023_1_Seekers/pkg/logger.go:157.19,158.15 1 0
github.com/go-park-mail-ru/2023_1_Seekers/pkg/logger.go:158.15,160.4 1 0
github.com/go-park-mail-ru/2023_1_Seekers/pkg/logger.go:162.3,162.20 1 0
github.com/go-park-mail-ru/2023_1_Seekers/pkg/logger.go:162.20,164.4 1 0
github.com/go-park-mail-ru/2023_1_Seekers/pkg/logger.go:167.2,168.14 2 0
github.com/go-park-mail-ru/2023_1_Seekers/pkg/logger.go:168.14,170.3 1 0
github.com/go-park-mail-ru/2023_1_Seekers/pkg/logger.go:170.8,172.3 1 0
github.com/go-park-mail-ru/2023_1_Seekers/pkg/logger.go:174.2,174.19 1 0
github.com/go-park-mail-ru/2023_1_Seekers/pkg/logger.go:174.19,176.3 1 0
github.com/go-park-mail-ru/2023_1_Seekers/pkg/logger.go:178.2,180.19 2 0
github.com/go-park-mail-ru/2023_1_Seekers/pkg/logger.go:180.19,182.3 1 0
github.com/go-park-mail-ru/2023_1_Seekers/pkg/logger.go:184.2,184.18 1 0
github.com/go-park-mail-ru/2023_1_Seekers/pkg/logger.go:184.18,185.15 1 0
github.com/go-park-mail-ru/2023_1_Seekers/pkg/logger.go:185.15,187.4 1 0
github.com/go-park-mail-ru/2023_1_Seekers/pkg/logger.go:189.3,189.20 1 0
github.com/go-park-mail-ru/2023_1_Seekers/pkg/logger.go:189.20,191.4 1 0
github.com/go-park-mail-ru/2023_1_Seekers/pkg/logger.go:194.2,196.23 3 0
github.com/go-park-mail-ru/2023_1_Seekers/pkg/logger.go:199.58,201.2 1 0
github.com/go-park-mail-ru/2023_1_Seekers/pkg/logger.go:203.74,205.2 1 0
github.com/go-park-mail-ru/2023_1_Seekers/pkg/logger.go:207.71,208.23 1 0
github.com/go-park-mail-ru/2023_1_Seekers/pkg/logger.go:208.23,209.37 1 0
github.com/go-park-mail-ru/2023_1_Seekers/pkg/logger.go:209.37,211.4 1 0
github.com/go-park-mail-ru/2023_1_Seekers/pkg/logger.go:211.9,219.4 1 0
github.com/go-park-mail-ru/2023_1_Seekers/pkg/logger.go:223.71,224.26 1 0
github.com/go-park-mail-ru/2023_1_Seekers/pkg/logger.go:224.26,226.33 2 0
github.com/go-park-mail-ru/2023_1_Seekers/pkg/logger.go:226.33,228.4 1 0
github.com/go-park-mail-ru/2023_1_Seekers/pkg/logger.go:230.3,232.32 2 0
github.com/go-park-mail-ru/2023_1_Seekers/pkg/logger.go:232.32,234.4 1 0
github.com/go-park-mail-ru/2023_1_Seekers/pkg/logger.go:238.84,241.19 2 0
github.com/go-park-mail-ru/2023_1_Seekers/pkg/logger.go:241.19,243.3 1 0
github.com/go-park-mail-ru/2023_1_Seekers/pkg/logger.go:244.2,244.14 1 0
github.com/go-park-mail-ru/2023_1_Seekers/pkg/logger.go:244.14,246.3 1 0
github.com/go-park-mail-ru/2023_1_Seekers/pkg/logger.go:246.8,248.3 1 0
github.com/go-park-mail-ru/2023_1_Seekers/pkg/strings.go:3.37,4.24 1 0
github.com/go-park-mail-ru/2023_1_Seekers/pkg/strings.go:4.24,6.3 1 0
github.com/go-park-mail-ru/2023_1_Seekers/pkg/strings.go:7.2,7.11 1 0
github.com/go-park-mail-ru/2023_1_Seekers/pkg/time.go:8.30,10.2 1 0
github.com/go-park-mail-ru/2023_1_Seekers/pkg/errors/classificator.go:58.26,60.9 2 0
github.com/go-park-mail-ru/2023_1_Seekers/pkg/errors/classificator.go:60.9,62.3 1 0
github.com/go-park-mail-ru/2023_1_Seekers/pkg/errors/classificator.go:64.2,64.13 1 0
github.com/go-park-mail-ru/2023_1_Seekers/pkg/errors/errors.go:8.38,10.2 1 0
github.com/go-park-mail-ru/2023_1_Seekers/pkg/errors/errors.go:12.42,17.2 1 0
github.com/go-park-mail-ru/2023_1_Seekers/pkg/http/http_error.go:11.69,13.9 2 0
github.com/go-park-mail-ru/2023_1_Seekers/pkg/http/http_error.go:13.9,16.3 2 0
github.com/go-park-mail-ru/2023_1_Seekers/pkg/http/http_error.go:16.8,18.3 1 0
github.com/go-park-mail-ru/2023_1_Seekers/pkg/http/http_error.go:20.2,23.33 4 0
github.com/go-park-mail-ru/2023_1_Seekers/pkg/http/send_json.go:10.83,12.16 2 2
github.com/go-park-mail-ru/2023_1_Seekers/pkg/http/send_json.go:12.16,15.3 2 0
github.com/go-park-mail-ru/2023_1_Seekers/pkg/http/send_json.go:17.2,21.16 4 2
github.com/go-park-mail-ru/2023_1_Seekers/pkg/http/send_json.go:21.16,24.3 2 0
github.com/go-park-mail-ru/2023_1_Seekers/pkg/http/send_json.go:27.81,30.44 3 0
github.com/go-park-mail-ru/2023_1_Seekers/pkg/http/send_json.go:30.44,32.3 1 0
github.com/go-park-mail-ru/2023_1_Seekers/pkg/http/send_json.go:34.2,38.16 4 0
github.com/go-park-mail-ru/2023_1_Seekers/pkg/http/send_json.go:38.16,41.3 2 0
github.com/go-park-mail-ru/2023_1_Seekers/pkg/rand/string.go:8.41,11.27 3 0
github.com/go-park-mail-ru/2023_1_Seekers/pkg/rand/string.go:11.27,13.17 2 0
github.com/go-park-mail-ru/2023_1_Seekers/pkg/rand/string.go:13.17,15.4 1 0
github.com/go-park-mail-ru/2023_1_Seekers/pkg/rand/string.go:16.3,16.38 1 0
github.com/go-park-mail-ru/2023_1_Seekers/pkg/rand/string.go:18.2,18.31 1 0
github.com/go-park-mail-ru/2023_1_Seekers/internal/auth/repository/mocks/mockrepository.go:26.69,30.2 3 3
github.com/go-park-mail-ru/2023_1_Seekers/internal/auth/repository/mocks/mockrepository.go:33.67,35.2 1 3
github.com/go-park-mail-ru/2023_1_Seekers/internal/auth/repository/mocks/mockrepository.go:38.80,44.2 5 1
github.com/go-park-mail-ru/2023_1_Seekers/internal/auth/repository/mocks/mockrepository.go:47.86,50.2 2 1
github.com/go-park-mail-ru/2023_1_Seekers/internal/auth/repository/mocks/mockrepository.go:53.61,58.2 4 1
github.com/go-park-mail-ru/2023_1_Seekers/internal/auth/repository/mocks/mockrepository.go:61.86,64.2 2 1
github.com/go-park-mail-ru/2023_1_Seekers/internal/auth/repository/mocks/mockrepository.go:67.77,73.2 5 1
github.com/go-park-mail-ru/2023_1_Seekers/internal/auth/repository/mocks/mockrepository.go:76.83,79.2 2 1
github.com/go-park-mail-ru/2023_1_Seekers/internal/auth/usecase/auth.go:24.114,31.2 1 2
github.com/go-park-mail-ru/2023_1_Seekers/internal/auth/usecase/auth.go:33.95,35.16 2 1
github.com/go-park-mail-ru/2023_1_Seekers/internal/auth/usecase/auth.go:35.16,37.3 1 0
github.com/go-park-mail-ru/2023_1_Seekers/internal/auth/usecase/auth.go:38.2,39.16 2 1
github.com/go-park-mail-ru/2023_1_Seekers/internal/auth/usecase/auth.go:39.16,41.3 1 0
github.com/go-park-mail-ru/2023_1_Seekers/internal/auth/usecase/auth.go:43.2,43.55 1 1
github.com/go-park-mail-ru/2023_1_Seekers/internal/auth/usecase/auth.go:43.55,45.3 1 0
github.com/go-park-mail-ru/2023_1_Seekers/internal/auth/usecase/auth.go:47.2,48.16 2 1
github.com/go-park-mail-ru/2023_1_Seekers/internal/auth/usecase/auth.go:48.16,50.3 1 0
github.com/go-park-mail-ru/2023_1_Seekers/internal/auth/usecase/auth.go:52.2,56.17 1 1
github.com/go-park-mail-ru/2023_1_Seekers/internal/auth/usecase/auth.go:59.96,60.36 1 0
github.com/go-park-mail-ru/2023_1_Seekers/internal/auth/usecase/auth.go:60.36,62.3 1 0
github.com/go-park-mail-ru/2023_1_Seekers/internal/auth/usecase/auth.go:64.2,65.63 2 0
github.com/go-park-mail-ru/2023_1_Seekers/internal/auth/usecase/auth.go:65.63,67.3 1 0
github.com/go-park-mail-ru/2023_1_Seekers/internal/auth/usecase/auth.go:69.2,77.16 3 0
github.com/go-park-mail-ru/2023_1_Seekers/internal/auth/usecase/auth.go:77.16,79.3 1 0
github.com/go-park-mail-ru/2023_1_Seekers/internal/auth/usecase/auth.go:81.2,82.16 2 0
github.com/go-park-mail-ru/2023_1_Seekers/internal/auth/usecase/auth.go:82.16,84.3 1 0
github.com/go-park-mail-ru/2023_1_Seekers/internal/auth/usecase/auth.go:86.2,90.16 5 0
github.com/go-park-mail-ru/2023_1_Seekers/internal/auth/usecase/auth.go:90.16,92.3 1 0
github.com/go-park-mail-ru/2023_1_Seekers/internal/auth/usecase/auth.go:94.2,95.16 2 0
github.com/go-park-mail-ru/2023_1_Seekers/internal/auth/usecase/auth.go:95.16,97.3 1 0
github.com/go-park-mail-ru/2023_1_Seekers/internal/auth/usecase/auth.go:99.2,100.16 2 0
github.com/go-park-mail-ru/2023_1_Seekers/internal/auth/usecase/auth.go:100.16,102.3 1 0
github.com/go-park-mail-ru/2023_1_Seekers/internal/auth/usecase/auth.go:104.2,105.16 2 0
github.com/go-park-mail-ru/2023_1_Seekers/internal/auth/usecase/auth.go:105.16,108.3 1 0
github.com/go-park-mail-ru/2023_1_Seekers/internal/auth/usecase/auth.go:110.2,114.17 1 0
github.com/go-park-mail-ru/2023_1_Seekers/internal/auth/usecase/auth.go:117.75,118.36 1 1
github.com/go-park-mail-ru/2023_1_Seekers/internal/auth/usecase/auth.go:118.36,120.3 1 0
github.com/go-park-mail-ru/2023_1_Seekers/internal/auth/usecase/auth.go:122.2,123.58 2 1
github.com/go-park-mail-ru/2023_1_Seekers/internal/auth/usecase/auth.go:123.58,125.3 1 0
github.com/go-park-mail-ru/2023_1_Seekers/internal/auth/usecase/auth.go:127.2,127.59 1 1
github.com/go-park-mail-ru/2023_1_Seekers/internal/auth/usecase/auth.go:127.59,129.3 1 0
github.com/go-park-mail-ru/2023_1_Seekers/internal/auth/usecase/auth.go:130.2,131.16 2 1
github.com/go-park-mail-ru/2023_1_Seekers/internal/auth/usecase/auth.go:131.16,133.3 1 0
github.com/go-park-mail-ru/2023_1_Seekers/internal/auth/usecase/auth.go:134.2,135.16 2 1
github.com/go-park-mail-ru/2023_1_Seekers/internal/auth/usecase/auth.go:135.16,137.3 1 0
github.com/go-park-mail-ru/2023_1_Seekers/internal/auth/usecase/auth.go:138.2,138.12 1 1
github.com/go-park-mail-ru/2023_1_Seekers/internal/auth/usecase/session.go:14.62,18.2 1 3
github.com/go-park-mail-ru/2023_1_Seekers/internal/auth/usecase/session.go:20.72,22.16 2 1
github.com/go-park-mail-ru/2023_1_Seekers/internal/auth/usecase/session.go:22.16,24.3 1 0
github.com/go-park-mail-ru/2023_1_Seekers/internal/auth/usecase/session.go:26.2,26.24 1 1
github.com/go-park-mail-ru/2023_1_Seekers/internal/auth/usecase/session.go:29.59,31.16 2 1
github.com/go-park-mail-ru/2023_1_Seekers/internal/auth/usecase/session.go:31.16,33.3 1 0
github.com/go-park-mail-ru/2023_1_Seekers/internal/auth/usecase/session.go:35.2,35.12 1 1
github.com/go-park-mail-ru/2023_1_Seekers/internal/auth/usecase/session.go:38.75,40.16 2 1
github.com/go-park-mail-ru/2023_1_Seekers/internal/auth/usecase/session.go:40.16,42.3 1 0
github.com/go-park-mail-ru/2023_1_Seekers/internal/auth/usecase/session.go:44.2,44.15 1 1
github.com/go-park-mail-ru/2023_1_Seekers/internal/auth/usecase/mocks_session/mockusecase.go:26.75,30.2 3 2
github.com/go-park-mail-ru/2023_1_Seekers/internal/auth/usecase/mocks_session/mockusecase.go:33.73,35.2 1 1
github.com/go-park-mail-ru/2023_1_Seekers/internal/auth/usecase/mocks_session/mockusecase.go:38.83,44.2 5 1
github.com/go-park-mail-ru/2023_1_Seekers/internal/auth/usecase/mocks_session/mockusecase.go:47.89,50.2 2 1
github.com/go-park-mail-ru/2023_1_Seekers/internal/auth/usecase/mocks_session/mockusecase.go:53.64,58.2 4 0
github.com/go-park-mail-ru/2023_1_Seekers/internal/auth/usecase/mocks_session/mockusecase.go:61.89,64.2 2 0
github.com/go-park-mail-ru/2023_1_Seekers/internal/auth/usecase/mocks_session/mockusecase.go:67.80,73.2 5 0
github.com/go-park-mail-ru/2023_1_Seekers/internal/auth/usecase/mocks_session/mockusecase.go:76.86,79.2 2 0
github.com/go-park-mail-ru/2023_1_Seekers/internal/mail/usecase/mocks/mockusecase.go:26.61,30.2 3 2
github.com/go-park-mail-ru/2023_1_Seekers/internal/mail/usecase/mocks/mockusecase.go:33.59,35.2 1 0
github.com/go-park-mail-ru/2023_1_Seekers/internal/mail/usecase/mocks/mockusecase.go:38.83,44.2 5 0
github.com/go-park-mail-ru/2023_1_Seekers/internal/mail/usecase/mocks/mockusecase.go:47.89,50.2 2 0
github.com/go-park-mail-ru/2023_1_Seekers/internal/mail/usecase/mocks/mockusecase.go:53.88,59.2 5 0
github.com/go-park-mail-ru/2023_1_Seekers/internal/mail/usecase/mocks/mockusecase.go:62.88,65.2 2 0
github.com/go-park-mail-ru/2023_1_Seekers/internal/mail/usecase/mocks/mockusecase.go:68.98,74.2 5 0
github.com/go-park-mail-ru/2023_1_Seekers/internal/mail/usecase/mocks/mockusecase.go:77.92,80.2 2 0
github.com/go-park-mail-ru/2023_1_Seekers/internal/mail/usecase/mocks/mockusecase.go:83.73,89.2 5 0
github.com/go-park-mail-ru/2023_1_Seekers/internal/mail/usecase/mocks/mockusecase.go:92.79,95.2 2 0
github.com/go-park-mail-ru/2023_1_Seekers/internal/mail/usecase/mocks/mockusecase.go:98.83,104.2 5 0
github.com/go-park-mail-ru/2023_1_Seekers/internal/mail/usecase/mocks/mockusecase.go:107.85,110.2 2 0
github.com/go-park-mail-ru/2023_1_Seekers/internal/mail/usecase/mocks/mockusecase.go:113.90,119.2 5 0
github.com/go-park-mail-ru/2023_1_Seekers/internal/mail/usecase/mocks/mockusecase.go:122.92,125.2 2 0
github.com/go-park-mail-ru/2023_1_Seekers/internal/mail/usecase/mocks/mockusecase.go:128.92,134.2 5 0
github.com/go-park-mail-ru/2023_1_Seekers/internal/mail/usecase/mocks/mockusecase.go:137.94,140.2 2 0
github.com/go-park-mail-ru/2023_1_Seekers/internal/mail/usecase/mocks/mockusecase.go:143.83,148.2 4 0
github.com/go-park-mail-ru/2023_1_Seekers/internal/mail/usecase/mocks/mockusecase.go:151.99,154.2 2 0
github.com/go-park-mail-ru/2023_1_Seekers/internal/mail/usecase/mocks/mockusecase.go:157.103,163.2 5 0
github.com/go-park-mail-ru/2023_1_Seekers/internal/mail/usecase/mocks/mockusecase.go:166.86,169.2 2 0
github.com/go-park-mail-ru/2023_1_Seekers/internal/mail/usecase/mocks/mockusecase.go:172.62,177.2 4 0
github.com/go-park-mail-ru/2023_1_Seekers/internal/mail/usecase/mocks/mockusecase.go:180.87,183.2 2 0
github.com/go-park-mail-ru/2023_1_Seekers/internal/mail/usecase/mocks/mockusecase.go:186.79,192.2 5 0
github.com/go-park-mail-ru/2023_1_Seekers/internal/mail/usecase/mocks/mockusecase.go:195.87,198.2 2 0
github.com/go-park-mail-ru/2023_1_Seekers/internal/models/auth.go:19.45,21.2 1 0
github.com/go-park-mail-ru/2023_1_Seekers/internal/models/mail.go:43.37,47.36 4 0
github.com/go-park-mail-ru/2023_1_Seekers/internal/models/mail.go:47.36,49.3 1 0
github.com/go-park-mail-ru/2023_1_Seekers/internal/models/user.go:28.36,34.2 5 0
github.com/go-park-mail-ru/2023_1_Seekers/internal/models/user.go:49.34,53.2 3 0
github.com/go-park-mail-ru/2023_1_Seekers/internal/models/user.go:59.33,61.2 1 0
github.com/go-park-mail-ru/2023_1_Seekers/internal/models/user.go:63.37,65.2 1 0
github.com/go-park-mail-ru/2023_1_Seekers/internal/user/repository/mocks/mockrepository.go:26.55,30.2 3 2
github.com/go-park-mail-ru/2023_1_Seekers/internal/user/repository/mocks/mockrepository.go:33.53,35.2 1 3
github.com/go-park-mail-ru/2023_1_Seekers/internal/user/repository/mocks/mockrepository.go:38.69,44.2 5 0
github.com/go-park-mail-ru/2023_1_Seekers/internal/user/repository/mocks/mockrepository.go:47.72,50.2 2 0
github.com/go-park-mail-ru/2023_1_Seekers/internal/user/repository/mocks/mockrepository.go:53.47,58.2 4 0
github.com/go-park-mail-ru/2023_1_Seekers/internal/user/repository/mocks/mockrepository.go:61.72,64.2 2 0
github.com/go-park-mail-ru/2023_1_Seekers/internal/user/repository/mocks/mockrepository.go:67.71,72.2 4 0
github.com/go-park-mail-ru/2023_1_Seekers/internal/user/repository/mocks/mockrepository.go:75.80,78.2 2 0
github.com/go-park-mail-ru/2023_1_Seekers/internal/user/repository/mocks/mockrepository.go:81.60,86.2 4 1
github.com/go-park-mail-ru/2023_1_Seekers/internal/user/repository/mocks/mockrepository.go:89.78,92.2 2 1
github.com/go-park-mail-ru/2023_1_Seekers/internal/user/repository/mocks/mockrepository.go:95.67,101.2 5 1
github.com/go-park-mail-ru/2023_1_Seekers/internal/user/repository/mocks/mockrepository.go:104.76,107.2 2 1
github.com/go-park-mail-ru/2023_1_Seekers/internal/user/repository/mocks/mockrepository.go:110.64,116.2 5 1
github.com/go-park-mail-ru/2023_1_Seekers/internal/user/repository/mocks/mockrepository.go:119.73,122.2 2 1
github.com/go-park-mail-ru/2023_1_Seekers/internal/user/repository/mocks/mockrepository.go:125.75,131.2 5 0
github.com/go-park-mail-ru/2023_1_Seekers/internal/user/repository/mocks/mockrepository.go:134.80,137.2 2 0
github.com/go-park-mail-ru/2023_1_Seekers/internal/user/repository/mocks/mockrepository.go:140.72,146.2 5 0
github.com/go-park-mail-ru/2023_1_Seekers/internal/user/repository/mocks/mockrepository.go:149.77,152.2 2 0
github.com/go-park-mail-ru/2023_1_Seekers/internal/user/repository/mocks/mockrepository.go:155.63,160.2 4 0
github.com/go-park-mail-ru/2023_1_Seekers/internal/user/repository/mocks/mockrepository.go:163.81,166.2 2 0
github.com/go-park-mail-ru/2023_1_Seekers/internal/user/usecase/mocks/mockusecase.go:26.61,30.2 3 2
github.com/go-park-mail-ru/2023_1_Seekers/internal/user/usecase/mocks/mockusecase.go:33.59,35.2 1 0
github.com/go-park-mail-ru/2023_1_Seekers/internal/user/usecase/mocks/mockusecase.go:38.72,44.2 5 0
github.com/go-park-mail-ru/2023_1_Seekers/internal/user/usecase/mocks/mockusecase.go:47.75,50.2 2 0
github.com/go-park-mail-ru/2023_1_Seekers/internal/user/usecase/mocks/mockusecase.go:53.50,58.2 4 0
github.com/go-park-mail-ru/2023_1_Seekers/internal/user/usecase/mocks/mockusecase.go:61.75,64.2 2 0
github.com/go-park-mail-ru/2023_1_Seekers/internal/user/usecase/mocks/mockusecase.go:67.74,72.2 4 0
github.com/go-park-mail-ru/2023_1_Seekers/internal/user/usecase/mocks/mockusecase.go:75.85,78.2 2 0
github.com/go-park-mail-ru/2023_1_Seekers/internal/user/usecase/mocks/mockusecase.go:81.94,87.2 5 0
github.com/go-park-mail-ru/2023_1_Seekers/internal/user/usecase/mocks/mockusecase.go:90.83,93.2 2 0
github.com/go-park-mail-ru/2023_1_Seekers/internal/user/usecase/mocks/mockusecase.go:96.70,102.2 5 0
github.com/go-park-mail-ru/2023_1_Seekers/internal/user/usecase/mocks/mockusecase.go:105.78,108.2 2 0
github.com/go-park-mail-ru/2023_1_Seekers/internal/user/usecase/mocks/mockusecase.go:111.70,117.2 5 0
github.com/go-park-mail-ru/2023_1_Seekers/internal/user/usecase/mocks/mockusecase.go:120.79,123.2 2 0
github.com/go-park-mail-ru/2023_1_Seekers/internal/user/usecase/mocks/mockusecase.go:126.67,132.2 5 0
github.com/go-park-mail-ru/2023_1_Seekers/internal/user/usecase/mocks/mockusecase.go:135.76,138.2 2 0
github.com/go-park-mail-ru/2023_1_Seekers/internal/user/usecase/mocks/mockusecase.go:141.71,147.2 5 0
github.com/go-park-mail-ru/2023_1_Seekers/internal/user/usecase/mocks/mockusecase.go:150.76,153.2 2 0
github.com/go-park-mail-ru/2023_1_Seekers/pkg/csrf.go:20.13,22.22 2 1
github.com/go-park-mail-ru/2023_1_Seekers/pkg/csrf.go:22.22,25.3 2 0
github.com/go-park-mail-ru/2023_1_Seekers/pkg/csrf.go:26.2,26.29 1 1
github.com/go-park-mail-ru/2023_1_Seekers/pkg/csrf.go:29.45,31.41 2 0
github.com/go-park-mail-ru/2023_1_Seekers/pkg/csrf.go:31.41,33.3 1 0
github.com/go-park-mail-ru/2023_1_Seekers/pkg/csrf.go:34.2,34.24 1 0
github.com/go-park-mail-ru/2023_1_Seekers/pkg/csrf.go:37.48,41.16 4 0
github.com/go-park-mail-ru/2023_1_Seekers/pkg/csrf.go:41.16,43.3 1 0
github.com/go-park-mail-ru/2023_1_Seekers/pkg/csrf.go:44.2,45.19 2 0
github.com/go-park-mail-ru/2023_1_Seekers/pkg/csrf.go:48.55,51.46 3 0
github.com/go-park-mail-ru/2023_1_Seekers/pkg/csrf.go:51.46,53.3 1 0
github.com/go-park-mail-ru/2023_1_Seekers/pkg/csrf.go:55.2,57.16 3 0
github.com/go-park-mail-ru/2023_1_Seekers/pkg/csrf.go:57.16,59.3 1 0
github.com/go-park-mail-ru/2023_1_Seekers/pkg/csrf.go:61.2,62.16 2 0
github.com/go-park-mail-ru/2023_1_Seekers/pkg/csrf.go:62.16,64.3 1 0
github.com/go-park-mail-ru/2023_1_Seekers/pkg/csrf.go:66.2,66.31 1 0
github.com/go-park-mail-ru/2023_1_Seekers/pkg/csrf.go:66.31,68.3 1 0
github.com/go-park-mail-ru/2023_1_Seekers/pkg/csrf.go:69.2,69.78 1 0
github.com/go-park-mail-ru/2023_1_Seekers/pkg/hash.go:11.32,13.16 2 4
github.com/go-park-mail-ru/2023_1_Seekers/pkg/hash.go:13.16,15.3 1 0
github.com/go-park-mail-ru/2023_1_Seekers/pkg/hash.go:17.2,17.26 1 4
github.com/go-park-mail-ru/2023_1_Seekers/pkg/hash.go:20.43,23.2 2 6
github.com/go-park-mail-ru/2023_1_Seekers/pkg/hash.go:25.46,27.16 2 4
github.com/go-park-mail-ru/2023_1_Seekers/pkg/hash.go:27.16,29.3 1 0
github.com/go-park-mail-ru/2023_1_Seekers/pkg/hash.go:31.2,32.20 2 4
github.com/go-park-mail-ru/2023_1_Seekers/pkg/hash.go:35.49,36.40 1 2
github.com/go-park-mail-ru/2023_1_Seekers/pkg/hash.go:36.40,38.3 1 0
github.com/go-park-mail-ru/2023_1_Seekers/pkg/hash.go:39.2,41.43 3 2
github.com/go-park-mail-ru/2023_1_Seekers/pkg/logger.go:21.51,23.16 2 0
github.com/go-park-mail-ru/2023_1_Seekers/pkg/logger.go:23.16,25.3 1 0
github.com/go-park-mail-ru/2023_1_Seekers/pkg/logger.go:26.2,26.30 1 0
github.com/go-park-mail-ru/2023_1_Seekers/pkg/logger.go:26.30,27.49 1 0
github.com/go-park-mail-ru/2023_1_Seekers/pkg/logger.go:27.49,29.4 1 0
github.com/go-park-mail-ru/2023_1_Seekers/pkg/logger.go:31.2,31.12 1 0
github.com/go-park-mail-ru/2023_1_Seekers/pkg/logger.go:34.43,36.2 1 0
github.com/go-park-mail-ru/2023_1_Seekers/pkg/logger.go:44.26,46.2 1 0
github.com/go-park-mail-ru/2023_1_Seekers/pkg/logger.go:48.66,50.2 1 0
github.com/go-park-mail-ru/2023_1_Seekers/pkg/logger.go:52.63,54.2 1 0
github.com/go-park-mail-ru/2023_1_Seekers/pkg/logger.go:56.19,59.16 3 0
github.com/go-park-mail-ru/2023_1_Seekers/pkg/logger.go:59.16,61.3 1 0
github.com/go-park-mail-ru/2023_1_Seekers/pkg/logger.go:63.2,72.56 4 0
github.com/go-park-mail-ru/2023_1_Seekers/pkg/logger.go:72.56,76.70 4 0
github.com/go-park-mail-ru/2023_1_Seekers/pkg/logger.go:76.70,78.5 1 0
github.com/go-park-mail-ru/2023_1_Seekers/pkg/logger.go:78.10,80.5 1 0
github.com/go-park-mail-ru/2023_1_Seekers/pkg/logger.go:81.4,81.60 1 0
github.com/go-park-mail-ru/2023_1_Seekers/pkg/logger.go:85.2,85.57 1 0
github.com/go-park-mail-ru/2023_1_Seekers/pkg/logger.go:85.57,86.22 1 0
github.com/go-park-mail-ru/2023_1_Seekers/pkg/logger.go:86.22,88.4 1 0
github.com/go-park-mail-ru/2023_1_Seekers/pkg/logger.go:89.3,89.56 1 0
github.com/go-park-mail-ru/2023_1_Seekers/pkg/logger.go:92.2,93.16 2 0
github.com/go-park-mail-ru/2023_1_Seekers/pkg/logger.go:93.16,95.3 1 0
github.com/go-park-mail-ru/2023_1_Seekers/pkg/logger.go:97.2,106.31 4 0
github.com/go-park-mail-ru/2023_1_Seekers/pkg/logger.go:118.87,120.15 2 0
github.com/go-park-mail-ru/2023_1_Seekers/pkg/logger.go:121.44,122.20 1 0
github.com/go-park-mail-ru/2023_1_Seekers/pkg/logger.go:123.24,124.22 1 0
github.com/go-park-mail-ru/2023_1_Seekers/pkg/logger.go:125.63,126.19 1 0
github.com/go-park-mail-ru/2023_1_Seekers/pkg/logger.go:127.10,128.20 1 0
github.com/go-park-mail-ru/2023_1_Seekers/pkg/logger.go:130.2,131.16 2 0
github.com/go-park-mail-ru/2023_1_Seekers/pkg/logger.go:131.16,133.3 1 0
github.com/go-park-mail-ru/2023_1_Seekers/pkg/logger.go:145.65,146.24 1 0
github.com/go-park-mail-ru/2023_1_Seekers/pkg/logger.go:146.24,148.3 1 0
github.com/go-park-mail-ru/2023_1_Seekers/pkg/logger.go:150.2,153.19 3 0
github.com/go-park-mail-ru/2023_1_Seekers/pkg/logger.go:153.19,155.3 1 0
github.com/go-park-mail-ru/2023_1_Seekers/pkg/logger.go:157.2,157.19 1 0
github.com/go-park-mail-ru/2023_1_Seekers/pkg/logger.go:157.19,158.15 1 0
github.com/go-park-mail-ru/2023_1_Seekers/pkg/logger.go:158.15,160.4 1 0
github.com/go-park-mail-ru/2023_1_Seekers/pkg/logger.go:162.3,162.20 1 0
github.com/go-park-mail-ru/2023_1_Seekers/pkg/logger.go:162.20,164.4 1 0
github.com/go-park-mail-ru/2023_1_Seekers/pkg/logger.go:167.2,168.14 2 0
github.com/go-park-mail-ru/2023_1_Seekers/pkg/logger.go:168.14,170.3 1 0
github.com/go-park-mail-ru/2023_1_Seekers/pkg/logger.go:170.8,172.3 1 0
github.com/go-park-mail-ru/2023_1_Seekers/pkg/logger.go:174.2,174.19 1 0
github.com/go-park-mail-ru/2023_1_Seekers/pkg/logger.go:174.19,176.3 1 0
github.com/go-park-mail-ru/2023_1_Seekers/pkg/logger.go:178.2,180.19 2 0
github.com/go-park-mail-ru/2023_1_Seekers/pkg/logger.go:180.19,182.3 1 0
github.com/go-park-mail-ru/2023_1_Seekers/pkg/logger.go:184.2,184.18 1 0
github.com/go-park-mail-ru/2023_1_Seekers/pkg/logger.go:184.18,185.15 1 0
github.com/go-park-mail-ru/2023_1_Seekers/pkg/logger.go:185.15,187.4 1 0
github.com/go-park-mail-ru/2023_1_Seekers/pkg/logger.go:189.3,189.20 1 0
github.com/go-park-mail-ru/2023_1_Seekers/pkg/logger.go:189.20,191.4 1 0
github.com/go-park-mail-ru/2023_1_Seekers/pkg/logger.go:194.2,196.23 3 0
github.com/go-park-mail-ru/2023_1_Seekers/pkg/logger.go:199.58,201.2 1 0
github.com/go-park-mail-ru/2023_1_Seekers/pkg/logger.go:203.74,205.2 1 0
github.com/go-park-mail-ru/2023_1_Seekers/pkg/logger.go:207.71,208.23 1 0
github.com/go-park-mail-ru/2023_1_Seekers/pkg/logger.go:208.23,209.37 1 0
github.com/go-park-mail-ru/2023_1_Seekers/pkg/logger.go:209.37,211.4 1 0
github.com/go-park-mail-ru/2023_1_Seekers/pkg/logger.go:211.9,219.4 1 0
github.com/go-park-mail-ru/2023_1_Seekers/pkg/logger.go:223.71,224.26 1 0
github.com/go-park-mail-ru/2023_1_Seekers/pkg/logger.go:224.26,226.33 2 0
github.com/go-park-mail-ru/2023_1_Seekers/pkg/logger.go:226.33,228.4 1 0
github.com/go-park-mail-ru/2023_1_Seekers/pkg/logger.go:230.3,232.32 2 0
github.com/go-park-mail-ru/2023_1_Seekers/pkg/logger.go:232.32,234.4 1 0
github.com/go-park-mail-ru/2023_1_Seekers/pkg/logger.go:238.84,241.19 2 0
github.com/go-park-mail-ru/2023_1_Seekers/pkg/logger.go:241.19,243.3 1 0
github.com/go-park-mail-ru/2023_1_Seekers/pkg/logger.go:244.2,244.14 1 0
github.com/go-park-mail-ru/2023_1_Seekers/pkg/logger.go:244.14,246.3 1 0
github.com/go-park-mail-ru/2023_1_Seekers/pkg/logger.go:246.8,248.3 1 0
github.com/go-park-mail-ru/2023_1_Seekers/pkg/strings.go:3.37,4.24 1 0
github.com/go-park-mail-ru/2023_1_Seekers/pkg/strings.go:4.24,6.3 1 0
github.com/go-park-mail-ru/2023_1_Seekers/pkg/strings.go:7.2,7.11 1 0
github.com/go-park-mail-ru/2023_1_Seekers/pkg/time.go:8.30,10.2 1 0
github.com/go-park-mail-ru/2023_1_Seekers/pkg/errors/classificator.go:58.26,60.9 2 0
github.com/go-park-mail-ru/2023_1_Seekers/pkg/errors/classificator.go:60.9,62.3 1 0
github.com/go-park-mail-ru/2023_1_Seekers/pkg/errors/classificator.go:64.2,64.13 1 0
github.com/go-park-mail-ru/2023_1_Seekers/pkg/errors/errors.go:8.38,10.2 1 0
github.com/go-park-mail-ru/2023_1_Seekers/pkg/errors/errors.go:12.42,17.2 1 0
github.com/go-park-mail-ru/2023_1_Seekers/pkg/image/generate.go:15.13,22.2 6 1
github.com/go-park-mail-ru/2023_1_Seekers/pkg/image/generate.go:26.28,29.24 3 0
github.com/go-park-mail-ru/2023_1_Seekers/pkg/image/generate.go:29.24,31.3 1 0
github.com/go-park-mail-ru/2023_1_Seekers/pkg/image/generate.go:32.2,32.16 1 0
github.com/go-park-mail-ru/2023_1_Seekers/pkg/image/generate.go:35.36,39.9 4 0
github.com/go-park-mail-ru/2023_1_Seekers/pkg/image/generate.go:39.9,41.3 1 0
github.com/go-park-mail-ru/2023_1_Seekers/pkg/image/generate.go:42.2,42.16 1 0
github.com/go-park-mail-ru/2023_1_Seekers/pkg/image/generate.go:45.50,57.2 11 0
github.com/go-park-mail-ru/2023_1_Seekers/pkg/image/generate.go:58.43,64.25 6 0
github.com/go-park-mail-ru/2023_1_Seekers/pkg/image/generate.go:64.25,65.53 1 0
github.com/go-park-mail-ru/2023_1_Seekers/pkg/image/generate.go:65.53,66.29 1 0
github.com/go-park-mail-ru/2023_1_Seekers/pkg/image/generate.go:66.29,67.25 1 0
github.com/go-park-mail-ru/2023_1_Seekers/pkg/image/generate.go:67.25,70.6 2 0
github.com/go-park-mail-ru/2023_1_Seekers/pkg/image/generate.go:74.3,74.58 1 0
github.com/go-park-mail-ru/2023_1_Seekers/pkg/image/generate.go:74.58,76.4 1 0
github.com/go-park-mail-ru/2023_1_Seekers/pkg/image/generate.go:79.2,80.17 2 0
github.com/go-park-mail-ru/2023_1_Seekers/pkg/image/generate.go:82.62,93.2 10 0
github.com/go-park-mail-ru/2023_1_Seekers/pkg/image/image_content_type.go:5.53,7.76 1 0
github.com/go-park-mail-ru/2023_1_Seekers/pkg/image/image_content_type.go:7.76,9.3 1 0
github.com/go-park-mail-ru/2023_1_Seekers/pkg/image/image_content_type.go:10.2,10.14 1 0
github.com/go-park-mail-ru/2023_1_Seekers/pkg/image/read.go:12.90,18.16 3 0
github.com/go-park-mail-ru/2023_1_Seekers/pkg/image/read.go:18.16,20.3 1 0
github.com/go-park-mail-ru/2023_1_Seekers/pkg/image/read.go:22.2,22.72 1 0
github.com/go-park-mail-ru/2023_1_Seekers/pkg/image/read.go:22.72,24.3 1 0
github.com/go-park-mail-ru/2023_1_Seekers/pkg/image/read.go:25.2,25.18 1 0
github.com/go-park-mail-ru/2023_1_Seekers/pkg/rand/string.go:8.41,11.27 3 4
github.com/go-park-mail-ru/2023_1_Seekers/pkg/rand/string.go:11.27,13.17 2 0
github.com/go-park-mail-ru/2023_1_Seekers/pkg/rand/string.go:13.17,15.4 1 0
github.com/go-park-mail-ru/2023_1_Seekers/pkg/rand/string.go:16.3,16.38 1 0
github.com/go-park-mail-ru/2023_1_Seekers/pkg/rand/string.go:18.2,18.31 1 4
github.com/go-park-mail-ru/2023_1_Seekers/pkg/validation/login.go:9.42,11.51 2 1
github.com/go-park-mail-ru/2023_1_Seekers/pkg/validation/login.go:11.51,12.67 1 1
github.com/go-park-mail-ru/2023_1_Seekers/pkg/validation/login.go:12.67,14.4 1 0
github.com/go-park-mail-ru/2023_1_Seekers/pkg/validation/login.go:14.9,16.4 1 1
github.com/go-park-mail-ru/2023_1_Seekers/pkg/validation/login.go:17.8,20.71 2 0
github.com/go-park-mail-ru/2023_1_Seekers/pkg/validation/login.go:20.71,22.4 1 0
github.com/go-park-mail-ru/2023_1_Seekers/pkg/validation/login.go:24.2,24.19 1 1
github.com/go-park-mail-ru/2023_1_Seekers/pkg/validation/password.go:9.38,10.43 1 1
github.com/go-park-mail-ru/2023_1_Seekers/pkg/validation/password.go:10.43,12.3 1 0
github.com/go-park-mail-ru/2023_1_Seekers/pkg/validation/password.go:13.2,13.12 1 1
github.com/go-park-mail-ru/2023_1_Seekers/internal/file_storage/repository/mocks/mockrepository.go:26.55,30.2 3 2
github.com/go-park-mail-ru/2023_1_Seekers/internal/file_storage/repository/mocks/mockrepository.go:33.53,35.2 1 2
github.com/go-park-mail-ru/2023_1_Seekers/internal/file_storage/repository/mocks/mockrepository.go:38.68,44.2 5 1
github.com/go-park-mail-ru/2023_1_Seekers/internal/file_storage/repository/mocks/mockrepository.go:47.75,50.2 2 1
github.com/go-park-mail-ru/2023_1_Seekers/internal/file_storage/repository/mocks/mockrepository.go:53.55,58.2 4 1
github.com/go-park-mail-ru/2023_1_Seekers/internal/file_storage/repository/mocks/mockrepository.go:61.72,64.2 2 1
github.com/go-park-mail-ru/2023_1_Seekers/internal/file_storage/usecase/usecase.go:13.56,17.2 1 2
github.com/go-park-mail-ru/2023_1_Seekers/internal/file_storage/usecase/usecase.go:19.69,21.16 2 1
github.com/go-park-mail-ru/2023_1_Seekers/internal/file_storage/usecase/usecase.go:21.16,23.3 1 0
github.com/go-park-mail-ru/2023_1_Seekers/internal/file_storage/usecase/usecase.go:24.2,24.18 1 1
github.com/go-park-mail-ru/2023_1_Seekers/internal/file_storage/usecase/usecase.go:26.54,28.16 2 1
github.com/go-park-mail-ru/2023_1_Seekers/internal/file_storage/usecase/usecase.go:28.16,30.3 1 0
github.com/go-park-mail-ru/2023_1_Seekers/internal/file_storage/usecase/usecase.go:31.2,31.12 1 1
github.com/go-park-mail-ru/2023_1_Seekers/internal/models/auth.go:19.45,21.2 1 0
github.com/go-park-mail-ru/2023_1_Seekers/internal/models/mail.go:43.37,47.36 4 0
github.com/go-park-mail-ru/2023_1_Seekers/internal/models/mail.go:47.36,49.3 1 0
github.com/go-park-mail-ru/2023_1_Seekers/internal/models/user.go:28.36,34.2 5 0
github.com/go-park-mail-ru/2023_1_Seekers/internal/models/user.go:49.34,53.2 3 0
github.com/go-park-mail-ru/2023_1_Seekers/internal/models/user.go:59.33,61.2 1 0
github.com/go-park-mail-ru/2023_1_Seekers/internal/models/user.go:63.37,65.2 1 0
github.com/go-park-mail-ru/2023_1_Seekers/internal/mail/delivery/handler.go:21.43,25.2 1 6
github.com/go-park-mail-ru/2023_1_Seekers/internal/mail/delivery/handler.go:40.80,42.9 2 2
github.com/go-park-mail-ru/2023_1_Seekers/internal/mail/delivery/handler.go:42.9,45.3 2 0
github.com/go-park-mail-ru/2023_1_Seekers/internal/mail/delivery/handler.go:47.2,49.9 3 2
github.com/go-park-mail-ru/2023_1_Seekers/internal/mail/delivery/handler.go:49.9,52.3 2 0
github.com/go-park-mail-ru/2023_1_Seekers/internal/mail/delivery/handler.go:54.2,55.16 2 2
github.com/go-park-mail-ru/2023_1_Seekers/internal/mail/delivery/handler.go:55.16,58.3 2 0
github.com/go-park-mail-ru/2023_1_Seekers/internal/mail/delivery/handler.go:60.2,61.16 2 2
github.com/go-park-mail-ru/2023_1_Seekers/internal/mail/delivery/handler.go:61.16,64.3 2 0
github.com/go-park-mail-ru/2023_1_Seekers/internal/mail/delivery/handler.go:66.2,69.4 1 2
github.com/go-park-mail-ru/2023_1_Seekers/internal/mail/delivery/handler.go:82.73,84.9 2 1
github.com/go-park-mail-ru/2023_1_Seekers/internal/mail/delivery/handler.go:84.9,87.3 2 0
github.com/go-park-mail-ru/2023_1_Seekers/internal/mail/delivery/handler.go:89.2,90.16 2 1
github.com/go-park-mail-ru/2023_1_Seekers/internal/mail/delivery/handler.go:90.16,93.3 2 0
github.com/go-park-mail-ru/2023_1_Seekers/internal/mail/delivery/handler.go:95.2,98.4 1 1
github.com/go-park-mail-ru/2023_1_Seekers/internal/mail/delivery/handler.go:114.73,116.9 2 1
github.com/go-park-mail-ru/2023_1_Seekers/internal/mail/delivery/handler.go:116.9,119.3 2 0
github.com/go-park-mail-ru/2023_1_Seekers/internal/mail/delivery/handler.go:121.2,123.16 3 1
github.com/go-park-mail-ru/2023_1_Seekers/internal/mail/delivery/handler.go:123.16,126.3 2 0
github.com/go-park-mail-ru/2023_1_Seekers/internal/mail/delivery/handler.go:128.2,129.16 2 1
github.com/go-park-mail-ru/2023_1_Seekers/internal/mail/delivery/handler.go:129.16,132.3 2 0
github.com/go-park-mail-ru/2023_1_Seekers/internal/mail/delivery/handler.go:134.2,136.4 1 1
github.com/go-park-mail-ru/2023_1_Seekers/internal/mail/delivery/handler.go:153.74,155.9 2 2
github.com/go-park-mail-ru/2023_1_Seekers/internal/mail/delivery/handler.go:155.9,158.3 2 0
github.com/go-park-mail-ru/2023_1_Seekers/internal/mail/delivery/handler.go:160.2,161.62 2 2
github.com/go-park-mail-ru/2023_1_Seekers/internal/mail/delivery/handler.go:161.62,164.3 2 0
github.com/go-park-mail-ru/2023_1_Seekers/internal/mail/delivery/handler.go:166.2,167.46 2 2
github.com/go-park-mail-ru/2023_1_Seekers/internal/mail/delivery/handler.go:167.46,170.3 2 0
github.com/go-park-mail-ru/2023_1_Seekers/internal/mail/delivery/handler.go:172.2,178.16 5 2
github.com/go-park-mail-ru/2023_1_Seekers/internal/mail/delivery/handler.go:178.16,181.3 2 0
github.com/go-park-mail-ru/2023_1_Seekers/internal/mail/delivery/handler.go:183.2,183.29 1 2
github.com/go-park-mail-ru/2023_1_Seekers/internal/mail/delivery/handler.go:183.29,186.17 2 0
github.com/go-park-mail-ru/2023_1_Seekers/internal/mail/delivery/handler.go:186.17,189.4 2 0
github.com/go-park-mail-ru/2023_1_Seekers/internal/mail/delivery/handler.go:192.2,194.4 1 2
github.com/go-park-mail-ru/2023_1_Seekers/internal/mail/delivery/handler.go:210.74,212.9 2 1
github.com/go-park-mail-ru/2023_1_Seekers/internal/mail/delivery/handler.go:212.9,215.3 2 0
github.com/go-park-mail-ru/2023_1_Seekers/internal/mail/delivery/handler.go:217.2,219.16 3 1
github.com/go-park-mail-ru/2023_1_Seekers/internal/mail/delivery/handler.go:219.16,222.3 2 0
github.com/go-park-mail-ru/2023_1_Seekers/internal/mail/delivery/handler.go:224.2,225.16 2 1
github.com/go-park-mail-ru/2023_1_Seekers/internal/mail/delivery/handler.go:225.16,228.3 2 0
github.com/go-park-mail-ru/2023_1_Seekers/internal/mail/delivery/handler.go:230.2,232.4 1 1
github.com/go-park-mail-ru/2023_1_Seekers/internal/mail/delivery/handler.go:248.76,250.9 2 1
github.com/go-park-mail-ru/2023_1_Seekers/internal/mail/delivery/handler.go:250.9,253.3 2 0
github.com/go-park-mail-ru/2023_1_Seekers/internal/mail/delivery/handler.go:255.2,257.16 3 1
github.com/go-park-mail-ru/2023_1_Seekers/internal/mail/delivery/handler.go:257.16,260.3 2 0
github.com/go-park-mail-ru/2023_1_Seekers/internal/mail/delivery/handler.go:262.2,263.16 2 1
github.com/go-park-mail-ru/2023_1_Seekers/internal/mail/delivery/handler.go:263.16,266.3 2 0
github.com/go-park-mail-ru/2023_1_Seekers/internal/mail/delivery/handler.go:268.2,270.4 1 1
github.com/go-park-mail-ru/2023_1_Seekers/internal/mail/delivery/register.go:11.84,18.2 6 0
github.com/go-park-mail-ru/2023_1_Seekers/internal/mail/usecase/mocks/mockusecase.go:26.61,30.2 3 6
github.com/go-park-mail-ru/2023_1_Seekers/internal/mail/usecase/mocks/mockusecase.go:33.59,35.2 1 12
github.com/go-park-mail-ru/2023_1_Seekers/internal/mail/usecase/mocks/mockusecase.go:38.83,44.2 5 0
github.com/go-park-mail-ru/2023_1_Seekers/internal/mail/usecase/mocks/mockusecase.go:47.89,50.2 2 0
github.com/go-park-mail-ru/2023_1_Seekers/internal/mail/usecase/mocks/mockusecase.go:53.88,59.2 5 2
github.com/go-park-mail-ru/2023_1_Seekers/internal/mail/usecase/mocks/mockusecase.go:62.88,65.2 2 2
github.com/go-park-mail-ru/2023_1_Seekers/internal/mail/usecase/mocks/mockusecase.go:68.98,74.2 5 2
github.com/go-park-mail-ru/2023_1_Seekers/internal/mail/usecase/mocks/mockusecase.go:77.92,80.2 2 2
github.com/go-park-mail-ru/2023_1_Seekers/internal/mail/usecase/mocks/mockusecase.go:83.73,89.2 5 1
github.com/go-park-mail-ru/2023_1_Seekers/internal/mail/usecase/mocks/mockusecase.go:92.79,95.2 2 1
github.com/go-park-mail-ru/2023_1_Seekers/internal/mail/usecase/mocks/mockusecase.go:98.83,104.2 5 1
github.com/go-park-mail-ru/2023_1_Seekers/internal/mail/usecase/mocks/mockusecase.go:107.85,110.2 2 1
github.com/go-park-mail-ru/2023_1_Seekers/internal/mail/usecase/mocks/mockusecase.go:113.90,119.2 5 1
github.com/go-park-mail-ru/2023_1_Seekers/internal/mail/usecase/mocks/mockusecase.go:122.92,125.2 2 1
github.com/go-park-mail-ru/2023_1_Seekers/internal/mail/usecase/mocks/mockusecase.go:128.92,134.2 5 1
github.com/go-park-mail-ru/2023_1_Seekers/internal/mail/usecase/mocks/mockusecase.go:137.94,140.2 2 1
github.com/go-park-mail-ru/2023_1_Seekers/internal/mail/usecase/mocks/mockusecase.go:143.83,148.2 4 0
github.com/go-park-mail-ru/2023_1_Seekers/internal/mail/usecase/mocks/mockusecase.go:151.99,154.2 2 0
github.com/go-park-mail-ru/2023_1_Seekers/internal/mail/usecase/mocks/mockusecase.go:157.103,163.2 5 2
github.com/go-park-mail-ru/2023_1_Seekers/internal/mail/usecase/mocks/mockusecase.go:166.86,169.2 2 2
github.com/go-park-mail-ru/2023_1_Seekers/internal/mail/usecase/mocks/mockusecase.go:172.62,177.2 4 0
github.com/go-park-mail-ru/2023_1_Seekers/internal/mail/usecase/mocks/mockusecase.go:180.87,183.2 2 0
github.com/go-park-mail-ru/2023_1_Seekers/internal/mail/usecase/mocks/mockusecase.go:186.79,192.2 5 2
github.com/go-park-mail-ru/2023_1_Seekers/internal/mail/usecase/mocks/mockusecase.go:195.87,198.2 2 2
github.com/go-park-mail-ru/2023_1_Seekers/internal/middleware/middleware.go:20.63,22.2 1 0
github.com/go-park-mail-ru/2023_1_Seekers/internal/middleware/middleware.go:24.56,32.2 2 0
github.com/go-park-mail-ru/2023_1_Seekers/internal/middleware/middleware.go:34.65,35.75 1 0
github.com/go-park-mail-ru/2023_1_Seekers/internal/middleware/middleware.go:35.75,43.3 4 0
github.com/go-park-mail-ru/2023_1_Seekers/internal/middleware/middleware.go:44.2,44.16 1 0
github.com/go-park-mail-ru/2023_1_Seekers/internal/middleware/middleware.go:47.69,48.75 1 0
github.com/go-park-mail-ru/2023_1_Seekers/internal/middleware/middleware.go:48.75,50.17 2 0
github.com/go-park-mail-ru/2023_1_Seekers/internal/middleware/middleware.go:50.17,53.4 2 0
github.com/go-park-mail-ru/2023_1_Seekers/internal/middleware/middleware.go:54.3,55.17 2 0
github.com/go-park-mail-ru/2023_1_Seekers/internal/middleware/middleware.go:55.17,58.4 2 0
github.com/go-park-mail-ru/2023_1_Seekers/internal/middleware/middleware.go:60.3,62.20 2 0
github.com/go-park-mail-ru/2023_1_Seekers/internal/middleware/middleware.go:64.2,64.16 1 0
github.com/go-park-mail-ru/2023_1_Seekers/internal/middleware/middleware.go:67.69,68.75 1 0
github.com/go-park-mail-ru/2023_1_Seekers/internal/middleware/middleware.go:68.75,86.3 1 0
github.com/go-park-mail-ru/2023_1_Seekers/internal/middleware/middleware.go:87.2,87.16 1 0
github.com/go-park-mail-ru/2023_1_Seekers/internal/models/auth.go:19.45,21.2 1 0
github.com/go-park-mail-ru/2023_1_Seekers/internal/models/mail.go:43.37,47.36 4 2
github.com/go-park-mail-ru/2023_1_Seekers/internal/models/mail.go:47.36,49.3 1 3
github.com/go-park-mail-ru/2023_1_Seekers/internal/models/user.go:28.36,34.2 5 0
github.com/go-park-mail-ru/2023_1_Seekers/internal/models/user.go:49.34,53.2 3 0
github.com/go-park-mail-ru/2023_1_Seekers/internal/models/user.go:59.33,61.2 1 0
github.com/go-park-mail-ru/2023_1_Seekers/internal/models/user.go:63.37,65.2 1 0
github.com/go-park-mail-ru/2023_1_Seekers/pkg/csrf.go:20.13,22.22 2 1
github.com/go-park-mail-ru/2023_1_Seekers/pkg/csrf.go:22.22,25.3 2 0
github.com/go-park-mail-ru/2023_1_Seekers/pkg/csrf.go:26.2,26.29 1 1
github.com/go-park-mail-ru/2023_1_Seekers/pkg/csrf.go:29.45,31.41 2 0
github.com/go-park-mail-ru/2023_1_Seekers/pkg/csrf.go:31.41,33.3 1 0
github.com/go-park-mail-ru/2023_1_Seekers/pkg/csrf.go:34.2,34.24 1 0
github.com/go-park-mail-ru/2023_1_Seekers/pkg/csrf.go:37.48,41.16 4 0
github.com/go-park-mail-ru/2023_1_Seekers/pkg/csrf.go:41.16,43.3 1 0
github.com/go-park-mail-ru/2023_1_Seekers/pkg/csrf.go:44.2,45.19 2 0
github.com/go-park-mail-ru/2023_1_Seekers/pkg/csrf.go:48.55,51.46 3 0
github.com/go-park-mail-ru/2023_1_Seekers/pkg/csrf.go:51.46,53.3 1 0
github.com/go-park-mail-ru/2023_1_Seekers/pkg/csrf.go:55.2,57.16 3 0
github.com/go-park-mail-ru/2023_1_Seekers/pkg/csrf.go:57.16,59.3 1 0
github.com/go-park-mail-ru/2023_1_Seekers/pkg/csrf.go:61.2,62.16 2 0
github.com/go-park-mail-ru/2023_1_Seekers/pkg/csrf.go:62.16,64.3 1 0
github.com/go-park-mail-ru/2023_1_Seekers/pkg/csrf.go:66.2,66.31 1 0
github.com/go-park-mail-ru/2023_1_Seekers/pkg/csrf.go:66.31,68.3 1 0
github.com/go-park-mail-ru/2023_1_Seekers/pkg/csrf.go:69.2,69.78 1 0
github.com/go-park-mail-ru/2023_1_Seekers/pkg/hash.go:11.32,13.16 2 0
github.com/go-park-mail-ru/2023_1_Seekers/pkg/hash.go:13.16,15.3 1 0
github.com/go-park-mail-ru/2023_1_Seekers/pkg/hash.go:17.2,17.26 1 0
github.com/go-park-mail-ru/2023_1_Seekers/pkg/hash.go:20.43,23.2 2 0
github.com/go-park-mail-ru/2023_1_Seekers/pkg/hash.go:25.46,27.16 2 0
github.com/go-park-mail-ru/2023_1_Seekers/pkg/hash.go:27.16,29.3 1 0
github.com/go-park-mail-ru/2023_1_Seekers/pkg/hash.go:31.2,32.20 2 0
github.com/go-park-mail-ru/2023_1_Seekers/pkg/hash.go:35.49,36.40 1 0
github.com/go-park-mail-ru/2023_1_Seekers/pkg/hash.go:36.40,38.3 1 0
github.com/go-park-mail-ru/2023_1_Seekers/pkg/hash.go:39.2,41.43 3 0
github.com/go-park-mail-ru/2023_1_Seekers/pkg/logger.go:21.51,23.16 2 0
github.com/go-park-mail-ru/2023_1_Seekers/pkg/logger.go:23.16,25.3 1 0
github.com/go-park-mail-ru/2023_1_Seekers/pkg/logger.go:26.2,26.30 1 0
github.com/go-park-mail-ru/2023_1_Seekers/pkg/logger.go:26.30,27.49 1 0
github.com/go-park-mail-ru/2023_1_Seekers/pkg/logger.go:27.49,29.4 1 0
github.com/go-park-mail-ru/2023_1_Seekers/pkg/logger.go:31.2,31.12 1 0
github.com/go-park-mail-ru/2023_1_Seekers/pkg/logger.go:34.43,36.2 1 0
github.com/go-park-mail-ru/2023_1_Seekers/pkg/logger.go:44.26,46.2 1 0
github.com/go-park-mail-ru/2023_1_Seekers/pkg/logger.go:48.66,50.2 1 0
github.com/go-park-mail-ru/2023_1_Seekers/pkg/logger.go:52.63,54.2 1 0
github.com/go-park-mail-ru/2023_1_Seekers/pkg/logger.go:56.19,59.16 3 0
github.com/go-park-mail-ru/2023_1_Seekers/pkg/logger.go:59.16,61.3 1 0
github.com/go-park-mail-ru/2023_1_Seekers/pkg/logger.go:63.2,72.56 4 0
github.com/go-park-mail-ru/2023_1_Seekers/pkg/logger.go:72.56,76.70 4 0
github.com/go-park-mail-ru/2023_1_Seekers/pkg/logger.go:76.70,78.5 1 0
github.com/go-park-mail-ru/2023_1_Seekers/pkg/logger.go:78.10,80.5 1 0
github.com/go-park-mail-ru/2023_1_Seekers/pkg/logger.go:81.4,81.60 1 0
github.com/go-park-mail-ru/2023_1_Seekers/pkg/logger.go:85.2,85.57 1 0
github.com/go-park-mail-ru/2023_1_Seekers/pkg/logger.go:85.57,86.22 1 0
github.com/go-park-mail-ru/2023_1_Seekers/pkg/logger.go:86.22,88.4 1 0
github.com/go-park-mail-ru/2023_1_Seekers/pkg/logger.go:89.3,89.56 1 0
github.com/go-park-mail-ru/2023_1_Seekers/pkg/logger.go:92.2,93.16 2 0
github.com/go-park-mail-ru/2023_1_Seekers/pkg/logger.go:93.16,95.3 1 0
github.com/go-park-mail-ru/2023_1_Seekers/pkg/logger.go:97.2,106.31 4 0
github.com/go-park-mail-ru/2023_1_Seekers/pkg/logger.go:118.87,120.15 2 0
github.com/go-park-mail-ru/2023_1_Seekers/pkg/logger.go:121.44,122.20 1 0
github.com/go-park-mail-ru/2023_1_Seekers/pkg/logger.go:123.24,124.22 1 0
github.com/go-park-mail-ru/2023_1_Seekers/pkg/logger.go:125.63,126.19 1 0
github.com/go-park-mail-ru/2023_1_Seekers/pkg/logger.go:127.10,128.20 1 0
github.com/go-park-mail-ru/2023_1_Seekers/pkg/logger.go:130.2,131.16 2 0
github.com/go-park-mail-ru/2023_1_Seekers/pkg/logger.go:131.16,133.3 1 0
github.com/go-park-mail-ru/2023_1_Seekers/pkg/logger.go:145.65,146.24 1 0
github.com/go-park-mail-ru/2023_1_Seekers/pkg/logger.go:146.24,148.3 1 0
github.com/go-park-mail-ru/2023_1_Seekers/pkg/logger.go:150.2,153.19 3 0
github.com/go-park-mail-ru/2023_1_Seekers/pkg/logger.go:153.19,155.3 1 0
github.com/go-park-mail-ru/2023_1_Seekers/pkg/logger.go:157.2,157.19 1 0
github.com/go-park-mail-ru/2023_1_Seekers/pkg/logger.go:157.19,158.15 1 0
github.com/go-park-mail-ru/2023_1_Seekers/pkg/logger.go:158.15,160.4 1 0
github.com/go-park-mail-ru/2023_1_Seekers/pkg/logger.go:162.3,162.20 1 0
github.com/go-park-mail-ru/2023_1_Seekers/pkg/logger.go:162.20,164.4 1 0
github.com/go-park-mail-ru/2023_1_Seekers/pkg/logger.go:167.2,168.14 2 0
github.com/go-park-mail-ru/2023_1_Seekers/pkg/logger.go:168.14,170.3 1 0
github.com/go-park-mail-ru/2023_1_Seekers/pkg/logger.go:170.8,172.3 1 0
github.com/go-park-mail-ru/2023_1_Seekers/pkg/logger.go:174.2,174.19 1 0
github.com/go-park-mail-ru/2023_1_Seekers/pkg/logger.go:174.19,176.3 1 0
github.com/go-park-mail-ru/2023_1_Seekers/pkg/logger.go:178.2,180.19 2 0
github.com/go-park-mail-ru/2023_1_Seekers/pkg/logger.go:180.19,182.3 1 0
github.com/go-park-mail-ru/2023_1_Seekers/pkg/logger.go:184.2,184.18 1 0
github.com/go-park-mail-ru/2023_1_Seekers/pkg/logger.go:184.18,185.15 1 0
github.com/go-park-mail-ru/2023_1_Seekers/pkg/logger.go:185.15,187.4 1 0
github.com/go-park-mail-ru/2023_1_Seekers/pkg/logger.go:189.3,189.20 1 0
github.com/go-park-mail-ru/2023_1_Seekers/pkg/logger.go:189.20,191.4 1 0
github.com/go-park-mail-ru/2023_1_Seekers/pkg/logger.go:194.2,196.23 3 0
github.com/go-park-mail-ru/2023_1_Seekers/pkg/logger.go:199.58,201.2 1 0
github.com/go-park-mail-ru/2023_1_Seekers/pkg/logger.go:203.74,205.2 1 0
github.com/go-park-mail-ru/2023_1_Seekers/pkg/logger.go:207.71,208.23 1 0
github.com/go-park-mail-ru/2023_1_Seekers/pkg/logger.go:208.23,209.37 1 0
github.com/go-park-mail-ru/2023_1_Seekers/pkg/logger.go:209.37,211.4 1 0
github.com/go-park-mail-ru/2023_1_Seekers/pkg/logger.go:211.9,219.4 1 0
github.com/go-park-mail-ru/2023_1_Seekers/pkg/logger.go:223.71,224.26 1 0
github.com/go-park-mail-ru/2023_1_Seekers/pkg/logger.go:224.26,226.33 2 0
github.com/go-park-mail-ru/2023_1_Seekers/pkg/logger.go:226.33,228.4 1 0
github.com/go-park-mail-ru/2023_1_Seekers/pkg/logger.go:230.3,232.32 2 0
github.com/go-park-mail-ru/2023_1_Seekers/pkg/logger.go:232.32,234.4 1 0
github.com/go-park-mail-ru/2023_1_Seekers/pkg/logger.go:238.84,241.19 2 0
github.com/go-park-mail-ru/2023_1_Seekers/pkg/logger.go:241.19,243.3 1 0
github.com/go-park-mail-ru/2023_1_Seekers/pkg/logger.go:244.2,244.14 1 0
github.com/go-park-mail-ru/2023_1_Seekers/pkg/logger.go:244.14,246.3 1 0
github.com/go-park-mail-ru/2023_1_Seekers/pkg/logger.go:246.8,248.3 1 0
github.com/go-park-mail-ru/2023_1_Seekers/pkg/strings.go:3.37,4.24 1 0
github.com/go-park-mail-ru/2023_1_Seekers/pkg/strings.go:4.24,6.3 1 0
github.com/go-park-mail-ru/2023_1_Seekers/pkg/strings.go:7.2,7.11 1 0
github.com/go-park-mail-ru/2023_1_Seekers/pkg/time.go:8.30,10.2 1 0
github.com/go-park-mail-ru/2023_1_Seekers/pkg/errors/classificator.go:58.26,60.9 2 0
github.com/go-park-mail-ru/2023_1_Seekers/pkg/errors/classificator.go:60.9,62.3 1 0
github.com/go-park-mail-ru/2023_1_Seekers/pkg/errors/classificator.go:64.2,64.13 1 0
github.com/go-park-mail-ru/2023_1_Seekers/pkg/errors/errors.go:8.38,10.2 1 0
github.com/go-park-mail-ru/2023_1_Seekers/pkg/errors/errors.go:12.42,17.2 1 0
github.com/go-park-mail-ru/2023_1_Seekers/pkg/http/http_error.go:11.69,13.9 2 0
github.com/go-park-mail-ru/2023_1_Seekers/pkg/http/http_error.go:13.9,16.3 2 0
github.com/go-park-mail-ru/2023_1_Seekers/pkg/http/http_error.go:16.8,18.3 1 0
github.com/go-park-mail-ru/2023_1_Seekers/pkg/http/http_error.go:20.2,23.33 4 0
github.com/go-park-mail-ru/2023_1_Seekers/pkg/http/send_json.go:10.83,12.16 2 8
github.com/go-park-mail-ru/2023_1_Seekers/pkg/http/send_json.go:12.16,15.3 2 0
github.com/go-park-mail-ru/2023_1_Seekers/pkg/http/send_json.go:17.2,21.16 4 8
github.com/go-park-mail-ru/2023_1_Seekers/pkg/http/send_json.go:21.16,24.3 2 0
github.com/go-park-mail-ru/2023_1_Seekers/pkg/http/send_json.go:27.81,30.44 3 0
github.com/go-park-mail-ru/2023_1_Seekers/pkg/http/send_json.go:30.44,32.3 1 0
github.com/go-park-mail-ru/2023_1_Seekers/pkg/http/send_json.go:34.2,38.16 4 0
github.com/go-park-mail-ru/2023_1_Seekers/pkg/http/send_json.go:38.16,41.3 2 0
github.com/go-park-mail-ru/2023_1_Seekers/pkg/rand/string.go:8.41,11.27 3 0
github.com/go-park-mail-ru/2023_1_Seekers/pkg/rand/string.go:11.27,13.17 2 0
github.com/go-park-mail-ru/2023_1_Seekers/pkg/rand/string.go:13.17,15.4 1 0
github.com/go-park-mail-ru/2023_1_Seekers/pkg/rand/string.go:16.3,16.38 1 0
github.com/go-park-mail-ru/2023_1_Seekers/pkg/rand/string.go:18.2,18.31 1 0
github.com/go-park-mail-ru/2023_1_Seekers/internal/auth/usecase/mocks_session/mockusecase.go:26.75,30.2 3 1
github.com/go-park-mail-ru/2023_1_Seekers/internal/auth/usecase/mocks_session/mockusecase.go:33.73,35.2 1 2
github.com/go-park-mail-ru/2023_1_Seekers/internal/auth/usecase/mocks_session/mockusecase.go:38.83,44.2 5 0
github.com/go-park-mail-ru/2023_1_Seekers/internal/auth/usecase/mocks_session/mockusecase.go:47.89,50.2 2 0
github.com/go-park-mail-ru/2023_1_Seekers/internal/auth/usecase/mocks_session/mockusecase.go:53.64,58.2 4 0
github.com/go-park-mail-ru/2023_1_Seekers/internal/auth/usecase/mocks_session/mockusecase.go:61.89,64.2 2 0
github.com/go-park-mail-ru/2023_1_Seekers/internal/auth/usecase/mocks_session/mockusecase.go:67.80,73.2 5 2
github.com/go-park-mail-ru/2023_1_Seekers/internal/auth/usecase/mocks_session/mockusecase.go:76.86,79.2 2 2
github.com/go-park-mail-ru/2023_1_Seekers/internal/middleware/middleware.go:20.63,22.2 1 1
github.com/go-park-mail-ru/2023_1_Seekers/internal/middleware/middleware.go:24.56,32.2 2 0
github.com/go-park-mail-ru/2023_1_Seekers/internal/middleware/middleware.go:34.65,35.75 1 0
github.com/go-park-mail-ru/2023_1_Seekers/internal/middleware/middleware.go:35.75,43.3 4 0
github.com/go-park-mail-ru/2023_1_Seekers/internal/middleware/middleware.go:44.2,44.16 1 0
github.com/go-park-mail-ru/2023_1_Seekers/internal/middleware/middleware.go:47.69,48.75 1 3
github.com/go-park-mail-ru/2023_1_Seekers/internal/middleware/middleware.go:48.75,50.17 2 3
github.com/go-park-mail-ru/2023_1_Seekers/internal/middleware/middleware.go:50.17,53.4 2 1
github.com/go-park-mail-ru/2023_1_Seekers/internal/middleware/middleware.go:54.3,55.17 2 2
github.com/go-park-mail-ru/2023_1_Seekers/internal/middleware/middleware.go:55.17,58.4 2 1
github.com/go-park-mail-ru/2023_1_Seekers/internal/middleware/middleware.go:60.3,62.20 2 1
github.com/go-park-mail-ru/2023_1_Seekers/internal/middleware/middleware.go:64.2,64.16 1 3
github.com/go-park-mail-ru/2023_1_Seekers/internal/middleware/middleware.go:67.69,68.75 1 0
github.com/go-park-mail-ru/2023_1_Seekers/internal/middleware/middleware.go:68.75,86.3 1 0
github.com/go-park-mail-ru/2023_1_Seekers/internal/middleware/middleware.go:87.2,87.16 1 0
github.com/go-park-mail-ru/2023_1_Seekers/internal/models/auth.go:19.45,21.2 1 0
github.com/go-park-mail-ru/2023_1_Seekers/internal/models/mail.go:43.37,47.36 4 0
github.com/go-park-mail-ru/2023_1_Seekers/internal/models/mail.go:47.36,49.3 1 0
github.com/go-park-mail-ru/2023_1_Seekers/internal/models/user.go:28.36,34.2 5 0
github.com/go-park-mail-ru/2023_1_Seekers/internal/models/user.go:49.34,53.2 3 0
github.com/go-park-mail-ru/2023_1_Seekers/internal/models/user.go:59.33,61.2 1 0
github.com/go-park-mail-ru/2023_1_Seekers/internal/models/user.go:63.37,65.2 1 0
github.com/go-park-mail-ru/2023_1_Seekers/pkg/csrf.go:20.13,22.22 2 1
github.com/go-park-mail-ru/2023_1_Seekers/pkg/csrf.go:22.22,25.3 2 0
github.com/go-park-mail-ru/2023_1_Seekers/pkg/csrf.go:26.2,26.29 1 1
github.com/go-park-mail-ru/2023_1_Seekers/pkg/csrf.go:29.45,31.41 2 0
github.com/go-park-mail-ru/2023_1_Seekers/pkg/csrf.go:31.41,33.3 1 0
github.com/go-park-mail-ru/2023_1_Seekers/pkg/csrf.go:34.2,34.24 1 0
github.com/go-park-mail-ru/2023_1_Seekers/pkg/csrf.go:37.48,41.16 4 0
github.com/go-park-mail-ru/2023_1_Seekers/pkg/csrf.go:41.16,43.3 1 0
github.com/go-park-mail-ru/2023_1_Seekers/pkg/csrf.go:44.2,45.19 2 0
github.com/go-park-mail-ru/2023_1_Seekers/pkg/csrf.go:48.55,51.46 3 0
github.com/go-park-mail-ru/2023_1_Seekers/pkg/csrf.go:51.46,53.3 1 0
github.com/go-park-mail-ru/2023_1_Seekers/pkg/csrf.go:55.2,57.16 3 0
github.com/go-park-mail-ru/2023_1_Seekers/pkg/csrf.go:57.16,59.3 1 0
github.com/go-park-mail-ru/2023_1_Seekers/pkg/csrf.go:61.2,62.16 2 0
github.com/go-park-mail-ru/2023_1_Seekers/pkg/csrf.go:62.16,64.3 1 0
github.com/go-park-mail-ru/2023_1_Seekers/pkg/csrf.go:66.2,66.31 1 0
github.com/go-park-mail-ru/2023_1_Seekers/pkg/csrf.go:66.31,68.3 1 0
github.com/go-park-mail-ru/2023_1_Seekers/pkg/csrf.go:69.2,69.78 1 0
github.com/go-park-mail-ru/2023_1_Seekers/pkg/hash.go:11.32,13.16 2 0
github.com/go-park-mail-ru/2023_1_Seekers/pkg/hash.go:13.16,15.3 1 0
github.com/go-park-mail-ru/2023_1_Seekers/pkg/hash.go:17.2,17.26 1 0
github.com/go-park-mail-ru/2023_1_Seekers/pkg/hash.go:20.43,23.2 2 0
github.com/go-park-mail-ru/2023_1_Seekers/pkg/hash.go:25.46,27.16 2 0
github.com/go-park-mail-ru/2023_1_Seekers/pkg/hash.go:27.16,29.3 1 0
github.com/go-park-mail-ru/2023_1_Seekers/pkg/hash.go:31.2,32.20 2 0
github.com/go-park-mail-ru/2023_1_Seekers/pkg/hash.go:35.49,36.40 1 0
github.com/go-park-mail-ru/2023_1_Seekers/pkg/hash.go:36.40,38.3 1 0
github.com/go-park-mail-ru/2023_1_Seekers/pkg/hash.go:39.2,41.43 3 0
github.com/go-park-mail-ru/2023_1_Seekers/pkg/logger.go:21.51,23.16 2 2
github.com/go-park-mail-ru/2023_1_Seekers/pkg/logger.go:23.16,25.3 1 0
github.com/go-park-mail-ru/2023_1_Seekers/pkg/logger.go:26.2,26.30 1 2
github.com/go-park-mail-ru/2023_1_Seekers/pkg/logger.go:26.30,27.49 1 4
github.com/go-park-mail-ru/2023_1_Seekers/pkg/logger.go:27.49,29.4 1 0
github.com/go-park-mail-ru/2023_1_Seekers/pkg/logger.go:31.2,31.12 1 2
github.com/go-park-mail-ru/2023_1_Seekers/pkg/logger.go:34.43,36.2 1 1
github.com/go-park-mail-ru/2023_1_Seekers/pkg/logger.go:44.26,46.2 1 1
github.com/go-park-mail-ru/2023_1_Seekers/pkg/logger.go:48.66,50.2 1 0
github.com/go-park-mail-ru/2023_1_Seekers/pkg/logger.go:52.63,54.2 1 0
github.com/go-park-mail-ru/2023_1_Seekers/pkg/logger.go:56.19,59.16 3 1
github.com/go-park-mail-ru/2023_1_Seekers/pkg/logger.go:59.16,61.3 1 0
github.com/go-park-mail-ru/2023_1_Seekers/pkg/logger.go:63.2,72.56 4 1
github.com/go-park-mail-ru/2023_1_Seekers/pkg/logger.go:72.56,76.70 4 4
github.com/go-park-mail-ru/2023_1_Seekers/pkg/logger.go:76.70,78.5 1 4
github.com/go-park-mail-ru/2023_1_Seekers/pkg/logger.go:78.10,80.5 1 0
github.com/go-park-mail-ru/2023_1_Seekers/pkg/logger.go:81.4,81.60 1 4
github.com/go-park-mail-ru/2023_1_Seekers/pkg/logger.go:85.2,85.57 1 1
github.com/go-park-mail-ru/2023_1_Seekers/pkg/logger.go:85.57,86.22 1 0
github.com/go-park-mail-ru/2023_1_Seekers/pkg/logger.go:86.22,88.4 1 0
github.com/go-park-mail-ru/2023_1_Seekers/pkg/logger.go:89.3,89.56 1 0
github.com/go-park-mail-ru/2023_1_Seekers/pkg/logger.go:92.2,93.16 2 1
github.com/go-park-mail-ru/2023_1_Seekers/pkg/logger.go:93.16,95.3 1 0
github.com/go-park-mail-ru/2023_1_Seekers/pkg/logger.go:97.2,106.31 4 1
github.com/go-park-mail-ru/2023_1_Seekers/pkg/logger.go:118.87,120.15 2 4
github.com/go-park-mail-ru/2023_1_Seekers/pkg/logger.go:121.44,122.20 1 0
github.com/go-park-mail-ru/2023_1_Seekers/pkg/logger.go:123.24,124.22 1 0
github.com/go-park-mail-ru/2023_1_Seekers/pkg/logger.go:125.63,126.19 1 4
github.com/go-park-mail-ru/2023_1_Seekers/pkg/logger.go:127.10,128.20 1 0
github.com/go-park-mail-ru/2023_1_Seekers/pkg/logger.go:130.2,131.16 2 4
github.com/go-park-mail-ru/2023_1_Seekers/pkg/logger.go:131.16,133.3 1 0
github.com/go-park-mail-ru/2023_1_Seekers/pkg/logger.go:145.65,146.24 1 4
github.com/go-park-mail-ru/2023_1_Seekers/pkg/logger.go:146.24,148.3 1 0
github.com/go-park-mail-ru/2023_1_Seekers/pkg/logger.go:150.2,153.19 3 4
github.com/go-park-mail-ru/2023_1_Seekers/pkg/logger.go:153.19,155.3 1 4
github.com/go-park-mail-ru/2023_1_Seekers/pkg/logger.go:157.2,157.19 1 4
github.com/go-park-mail-ru/2023_1_Seekers/pkg/logger.go:157.19,158.15 1 4
github.com/go-park-mail-ru/2023_1_Seekers/pkg/logger.go:158.15,160.4 1 4
github.com/go-park-mail-ru/2023_1_Seekers/pkg/logger.go:162.3,162.20 1 4
github.com/go-park-mail-ru/2023_1_Seekers/pkg/logger.go:162.20,164.4 1 4
github.com/go-park-mail-ru/2023_1_Seekers/pkg/logger.go:167.2,168.14 2 4
github.com/go-park-mail-ru/2023_1_Seekers/pkg/logger.go:168.14,170.3 1 4
github.com/go-park-mail-ru/2023_1_Seekers/pkg/logger.go:170.8,172.3 1 0
github.com/go-park-mail-ru/2023_1_Seekers/pkg/logger.go:174.2,174.19 1 4
github.com/go-park-mail-ru/2023_1_Seekers/pkg/logger.go:174.19,176.3 1 4
github.com/go-park-mail-ru/2023_1_Seekers/pkg/logger.go:178.2,180.19 2 4
github.com/go-park-mail-ru/2023_1_Seekers/pkg/logger.go:180.19,182.3 1 4
github.com/go-park-mail-ru/2023_1_Seekers/pkg/logger.go:184.2,184.18 1 4
github.com/go-park-mail-ru/2023_1_Seekers/pkg/logger.go:184.18,185.15 1 0
github.com/go-park-mail-ru/2023_1_Seekers/pkg/logger.go:185.15,187.4 1 0
github.com/go-park-mail-ru/2023_1_Seekers/pkg/logger.go:189.3,189.20 1 0
github.com/go-park-mail-ru/2023_1_Seekers/pkg/logger.go:189.20,191.4 1 0
github.com/go-park-mail-ru/2023_1_Seekers/pkg/logger.go:194.2,196.23 3 4
github.com/go-park-mail-ru/2023_1_Seekers/pkg/logger.go:199.58,201.2 1 8
github.com/go-park-mail-ru/2023_1_Seekers/pkg/logger.go:203.74,205.2 1 4
github.com/go-park-mail-ru/2023_1_Seekers/pkg/logger.go:207.71,208.23 1 4
github.com/go-park-mail-ru/2023_1_Seekers/pkg/logger.go:208.23,209.37 1 4
github.com/go-park-mail-ru/2023_1_Seekers/pkg/logger.go:209.37,211.4 1 4
github.com/go-park-mail-ru/2023_1_Seekers/pkg/logger.go:211.9,219.4 1 0
github.com/go-park-mail-ru/2023_1_Seekers/pkg/logger.go:223.71,224.26 1 4
github.com/go-park-mail-ru/2023_1_Seekers/pkg/logger.go:224.26,226.33 2 0
github.com/go-park-mail-ru/2023_1_Seekers/pkg/logger.go:226.33,228.4 1 0
github.com/go-park-mail-ru/2023_1_Seekers/pkg/logger.go:230.3,232.32 2 0
github.com/go-park-mail-ru/2023_1_Seekers/pkg/logger.go:232.32,234.4 1 0
github.com/go-park-mail-ru/2023_1_Seekers/pkg/logger.go:238.84,241.19 2 0
github.com/go-park-mail-ru/2023_1_Seekers/pkg/logger.go:241.19,243.3 1 0
github.com/go-park-mail-ru/2023_1_Seekers/pkg/logger.go:244.2,244.14 1 0
github.com/go-park-mail-ru/2023_1_Seekers/pkg/logger.go:244.14,246.3 1 0
github.com/go-park-mail-ru/2023_1_Seekers/pkg/logger.go:246.8,248.3 1 0
github.com/go-park-mail-ru/2023_1_Seekers/pkg/strings.go:3.37,4.24 1 0
github.com/go-park-mail-ru/2023_1_Seekers/pkg/strings.go:4.24,6.3 1 0
github.com/go-park-mail-ru/2023_1_Seekers/pkg/strings.go:7.2,7.11 1 0
github.com/go-park-mail-ru/2023_1_Seekers/pkg/time.go:8.30,10.2 1 0
github.com/go-park-mail-ru/2023_1_Seekers/pkg/errors/classificator.go:58.26,60.9 2 2
github.com/go-park-mail-ru/2023_1_Seekers/pkg/errors/classificator.go:60.9,62.3 1 0
github.com/go-park-mail-ru/2023_1_Seekers/pkg/errors/classificator.go:64.2,64.13 1 2
github.com/go-park-mail-ru/2023_1_Seekers/pkg/errors/errors.go:8.38,10.2 1 0
github.com/go-park-mail-ru/2023_1_Seekers/pkg/errors/errors.go:12.42,17.2 1 2
github.com/go-park-mail-ru/2023_1_Seekers/pkg/http/http_error.go:11.69,13.9 2 2
github.com/go-park-mail-ru/2023_1_Seekers/pkg/http/http_error.go:13.9,16.3 2 0
github.com/go-park-mail-ru/2023_1_Seekers/pkg/http/http_error.go:16.8,18.3 1 2
github.com/go-park-mail-ru/2023_1_Seekers/pkg/http/http_error.go:20.2,23.33 4 2
github.com/go-park-mail-ru/2023_1_Seekers/pkg/http/send_json.go:10.83,12.16 2 2
github.com/go-park-mail-ru/2023_1_Seekers/pkg/http/send_json.go:12.16,15.3 2 0
github.com/go-park-mail-ru/2023_1_Seekers/pkg/http/send_json.go:17.2,21.16 4 2
github.com/go-park-mail-ru/2023_1_Seekers/pkg/http/send_json.go:21.16,24.3 2 0
github.com/go-park-mail-ru/2023_1_Seekers/pkg/http/send_json.go:27.81,30.44 3 0
github.com/go-park-mail-ru/2023_1_Seekers/pkg/http/send_json.go:30.44,32.3 1 0
github.com/go-park-mail-ru/2023_1_Seekers/pkg/http/send_json.go:34.2,38.16 4 0
github.com/go-park-mail-ru/2023_1_Seekers/pkg/http/send_json.go:38.16,41.3 2 0
github.com/go-park-mail-ru/2023_1_Seekers/pkg/rand/string.go:8.41,11.27 3 1
github.com/go-park-mail-ru/2023_1_Seekers/pkg/rand/string.go:11.27,13.17 2 32
github.com/go-park-mail-ru/2023_1_Seekers/pkg/rand/string.go:13.17,15.4 1 0
github.com/go-park-mail-ru/2023_1_Seekers/pkg/rand/string.go:16.3,16.38 1 32
github.com/go-park-mail-ru/2023_1_Seekers/pkg/rand/string.go:18.2,18.31 1 1
github.com/go-park-mail-ru/2023_1_Seekers/internal/mail/repository/mocks/mockrepository.go:26.55,30.2 3 11
github.com/go-park-mail-ru/2023_1_Seekers/internal/mail/repository/mocks/mockrepository.go:33.53,35.2 1 37
github.com/go-park-mail-ru/2023_1_Seekers/internal/mail/repository/mocks/mockrepository.go:38.71,44.2 5 5
github.com/go-park-mail-ru/2023_1_Seekers/internal/mail/repository/mocks/mockrepository.go:47.78,50.2 2 5
github.com/go-park-mail-ru/2023_1_Seekers/internal/mail/repository/mocks/mockrepository.go:53.107,58.2 4 3
github.com/go-park-mail-ru/2023_1_Seekers/internal/mail/repository/mocks/mockrepository.go:61.91,64.2 2 3
github.com/go-park-mail-ru/2023_1_Seekers/internal/mail/repository/mocks/mockrepository.go:67.97,73.2 5 10
github.com/go-park-mail-ru/2023_1_Seekers/internal/mail/repository/mocks/mockrepository.go:76.97,79.2 2 10
github.com/go-park-mail-ru/2023_1_Seekers/internal/mail/repository/mocks/mockrepository.go:82.104,88.2 5 1
github.com/go-park-mail-ru/2023_1_Seekers/internal/mail/repository/mocks/mockrepository.go:91.105,94.2 2 1
github.com/go-park-mail-ru/2023_1_Seekers/internal/mail/repository/mocks/mockrepository.go:97.79,103.2 5 3
github.com/go-park-mail-ru/2023_1_Seekers/internal/mail/repository/mocks/mockrepository.go:106.85,109.2 2 3
github.com/go-park-mail-ru/2023_1_Seekers/internal/mail/repository/mocks/mockrepository.go:112.97,118.2 5 6
github.com/go-park-mail-ru/2023_1_Seekers/internal/mail/repository/mocks/mockrepository.go:121.99,124.2 2 6
github.com/go-park-mail-ru/2023_1_Seekers/internal/mail/repository/mocks/mockrepository.go:127.84,133.2 5 7
github.com/go-park-mail-ru/2023_1_Seekers/internal/mail/repository/mocks/mockrepository.go:136.97,139.2 2 7
github.com/go-park-mail-ru/2023_1_Seekers/internal/mail/repository/mocks/mockrepository.go:142.89,147.2 4 2
github.com/go-park-mail-ru/2023_1_Seekers/internal/mail/repository/mocks/mockrepository.go:150.102,153.2 2 2
github.com/go-park-mail-ru/2023_1_Seekers/internal/mail/usecase/usecase.go:18.66,23.2 1 11
github.com/go-park-mail-ru/2023_1_Seekers/internal/mail/usecase/usecase.go:33.71,35.16 2 3
github.com/go-park-mail-ru/2023_1_Seekers/internal/mail/usecase/usecase.go:35.16,37.3 1 1
github.com/go-park-mail-ru/2023_1_Seekers/internal/mail/usecase/usecase.go:39.2,39.21 1 2
github.com/go-park-mail-ru/2023_1_Seekers/internal/mail/usecase/usecase.go:42.92,44.16 2 10
github.com/go-park-mail-ru/2023_1_Seekers/internal/mail/usecase/usecase.go:44.16,46.3 1 1
github.com/go-park-mail-ru/2023_1_Seekers/internal/mail/usecase/usecase.go:47.2,47.19 1 9
github.com/go-park-mail-ru/2023_1_Seekers/internal/mail/usecase/usecase.go:47.19,49.3 1 1
github.com/go-park-mail-ru/2023_1_Seekers/internal/mail/usecase/usecase.go:51.2,51.20 1 8
github.com/go-park-mail-ru/2023_1_Seekers/internal/mail/usecase/usecase.go:54.102,58.16 3 1
github.com/go-park-mail-ru/2023_1_Seekers/internal/mail/usecase/usecase.go:58.16,60.3 1 0
github.com/go-park-mail-ru/2023_1_Seekers/internal/mail/usecase/usecase.go:62.2,63.16 2 1
github.com/go-park-mail-ru/2023_1_Seekers/internal/mail/usecase/usecase.go:63.16,65.3 1 0
github.com/go-park-mail-ru/2023_1_Seekers/internal/mail/usecase/usecase.go:67.2,67.35 1 1
github.com/go-park-mail-ru/2023_1_Seekers/internal/mail/usecase/usecase.go:67.35,71.17 3 1
github.com/go-park-mail-ru/2023_1_Seekers/internal/mail/usecase/usecase.go:71.17,73.4 1 0
github.com/go-park-mail-ru/2023_1_Seekers/internal/mail/usecase/usecase.go:75.3,77.17 3 1
github.com/go-park-mail-ru/2023_1_Seekers/internal/mail/usecase/usecase.go:77.17,79.4 1 0
github.com/go-park-mail-ru/2023_1_Seekers/internal/mail/usecase/usecase.go:81.3,81.46 1 1
github.com/go-park-mail-ru/2023_1_Seekers/internal/mail/usecase/usecase.go:81.46,83.18 2 1
github.com/go-park-mail-ru/2023_1_Seekers/internal/mail/usecase/usecase.go:83.18,85.5 1 0
github.com/go-park-mail-ru/2023_1_Seekers/internal/mail/usecase/usecase.go:87.4,87.65 1 1
github.com/go-park-mail-ru/2023_1_Seekers/internal/mail/usecase/usecase.go:91.2,91.22 1 1
github.com/go-park-mail-ru/2023_1_Seekers/internal/mail/usecase/usecase.go:94.81,95.45 1 1
github.com/go-park-mail-ru/2023_1_Seekers/internal/mail/usecase/usecase.go:95.45,103.17 3 5
github.com/go-park-mail-ru/2023_1_Seekers/internal/mail/usecase/usecase.go:103.17,105.4 1 0
github.com/go-park-mail-ru/2023_1_Seekers/internal/mail/usecase/usecase.go:108.2,108.30 1 1
github.com/go-park-mail-ru/2023_1_Seekers/internal/mail/usecase/usecase.go:111.93,116.26 4 6
github.com/go-park-mail-ru/2023_1_Seekers/internal/mail/usecase/usecase.go:116.26,118.17 2 6
github.com/go-park-mail-ru/2023_1_Seekers/internal/mail/usecase/usecase.go:118.17,120.4 1 0
github.com/go-park-mail-ru/2023_1_Seekers/internal/mail/usecase/usecase.go:121.3,121.24 1 6
github.com/go-park-mail-ru/2023_1_Seekers/internal/mail/usecase/usecase.go:121.24,123.4 1 0
github.com/go-park-mail-ru/2023_1_Seekers/internal/mail/usecase/usecase.go:125.3,126.17 2 6
github.com/go-park-mail-ru/2023_1_Seekers/internal/mail/usecase/usecase.go:126.17,128.4 1 0
github.com/go-park-mail-ru/2023_1_Seekers/internal/mail/usecase/usecase.go:130.3,132.17 3 6
github.com/go-park-mail-ru/2023_1_Seekers/internal/mail/usecase/usecase.go:132.17,134.4 1 0
github.com/go-park-mail-ru/2023_1_Seekers/internal/mail/usecase/usecase.go:136.3,136.46 1 6
github.com/go-park-mail-ru/2023_1_Seekers/internal/mail/usecase/usecase.go:136.46,138.18 2 6
github.com/go-park-mail-ru/2023_1_Seekers/internal/mail/usecase/usecase.go:138.18,140.5 1 0
github.com/go-park-mail-ru/2023_1_Seekers/internal/mail/usecase/usecase.go:142.4,142.67 1 6
github.com/go-park-mail-ru/2023_1_Seekers/internal/mail/usecase/usecase.go:145.3,145.33 1 6
github.com/go-park-mail-ru/2023_1_Seekers/internal/mail/usecase/usecase.go:145.33,147.4 1 6
github.com/go-park-mail-ru/2023_1_Seekers/internal/mail/usecase/usecase.go:147.9,149.4 1 0
github.com/go-park-mail-ru/2023_1_Seekers/internal/mail/usecase/usecase.go:151.3,152.27 2 6
github.com/go-park-mail-ru/2023_1_Seekers/internal/mail/usecase/usecase.go:155.2,155.26 1 6
github.com/go-park-mail-ru/2023_1_Seekers/internal/mail/usecase/usecase.go:158.81,162.35 3 1
github.com/go-park-mail-ru/2023_1_Seekers/internal/mail/usecase/usecase.go:162.35,164.17 2 3
github.com/go-park-mail-ru/2023_1_Seekers/internal/mail/usecase/usecase.go:164.17,166.4 1 1
github.com/go-park-mail-ru/2023_1_Seekers/internal/mail/usecase/usecase.go:166.9,168.4 1 2
[...]
github.com/go-park-mail-ru/2023_1_Seekers/internal/user/usecase/usecase.go:41.2,41.48 1 1
github.com/go-park-mail-ru/2023_1_Seekers/internal/user/usecase/usecase.go:41.48,43.3 1 0
github.com/go-park-mail-ru/2023_1_Seekers/internal/user/usecase/usecase.go:44.2,44.48 1 1
github.com/go-park-mail-ru/2023_1_Seekers/internal/user/usecase/usecase.go:44.48,46.3 1 0
github.com/go-park-mail-ru/2023_1_Seekers/internal/user/usecase/usecase.go:47.2,48.16 2 1
github.com/go-park-mail-ru/2023_1_Seekers/internal/user/usecase/usecase.go:48.16,50.3 1 0
github.com/go-park-mail-ru/2023_1_Seekers/internal/user/usecase/usecase.go:51.2,51.32 1 1
github.com/go-park-mail-ru/2023_1_Seekers/internal/user/usecase/usecase.go:54.64,56.16 2 1
github.com/go-park-mail-ru/2023_1_Seekers/internal/user/usecase/usecase.go:56.16,58.3 1 0
github.com/go-park-mail-ru/2023_1_Seekers/internal/user/usecase/usecase.go:59.2,64.8 1 1
github.com/go-park-mail-ru/2023_1_Seekers/internal/user/usecase/usecase.go:67.43,69.16 2 1
github.com/go-park-mail-ru/2023_1_Seekers/internal/user/usecase/usecase.go:69.16,71.3 1 0
github.com/go-park-mail-ru/2023_1_Seekers/internal/user/usecase/usecase.go:72.2,72.12 1 1
github.com/go-park-mail-ru/2023_1_Seekers/internal/user/usecase/usecase.go:75.60,77.16 2 3
github.com/go-park-mail-ru/2023_1_Seekers/internal/user/usecase/usecase.go:77.16,79.3 1 0
github.com/go-park-mail-ru/2023_1_Seekers/internal/user/usecase/usecase.go:80.2,80.18 1 3
github.com/go-park-mail-ru/2023_1_Seekers/internal/user/usecase/usecase.go:83.66,85.16 2 3
github.com/go-park-mail-ru/2023_1_Seekers/internal/user/usecase/usecase.go:85.16,87.3 1 1
github.com/go-park-mail-ru/2023_1_Seekers/internal/user/usecase/usecase.go:88.2,88.18 1 2
github.com/go-park-mail-ru/2023_1_Seekers/internal/user/usecase/usecase.go:91.87,93.37 2 0
github.com/go-park-mail-ru/2023_1_Seekers/internal/user/usecase/usecase.go:93.37,95.3 1 0
github.com/go-park-mail-ru/2023_1_Seekers/internal/user/usecase/usecase.go:97.2,98.16 2 0
github.com/go-park-mail-ru/2023_1_Seekers/internal/user/usecase/usecase.go:98.16,100.3 1 0
github.com/go-park-mail-ru/2023_1_Seekers/internal/user/usecase/usecase.go:101.2,102.16 2 0
github.com/go-park-mail-ru/2023_1_Seekers/internal/user/usecase/usecase.go:102.16,104.3 1 0
github.com/go-park-mail-ru/2023_1_Seekers/internal/user/usecase/usecase.go:105.2,107.16 3 0
github.com/go-park-mail-ru/2023_1_Seekers/internal/user/usecase/usecase.go:107.16,109.3 1 0
github.com/go-park-mail-ru/2023_1_Seekers/internal/user/usecase/usecase.go:111.2,112.16 2 0
github.com/go-park-mail-ru/2023_1_Seekers/internal/user/usecase/usecase.go:112.16,114.3 1 0
github.com/go-park-mail-ru/2023_1_Seekers/internal/user/usecase/usecase.go:115.2,115.19 1 0
github.com/go-park-mail-ru/2023_1_Seekers/internal/user/usecase/usecase.go:118.72,120.16 2 1
github.com/go-park-mail-ru/2023_1_Seekers/internal/user/usecase/usecase.go:120.16,122.3 1 0
github.com/go-park-mail-ru/2023_1_Seekers/internal/user/usecase/usecase.go:123.2,129.43 2 1
github.com/go-park-mail-ru/2023_1_Seekers/internal/user/usecase/usecase.go:129.43,131.3 1 0
github.com/go-park-mail-ru/2023_1_Seekers/internal/user/usecase/usecase.go:132.2,132.56 1 1
github.com/go-park-mail-ru/2023_1_Seekers/internal/user/usecase/usecase.go:132.56,134.3 1 0
github.com/go-park-mail-ru/2023_1_Seekers/internal/user/usecase/usecase.go:135.2,135.12 1 1
github.com/go-park-mail-ru/2023_1_Seekers/internal/user/usecase/usecase.go:138.66,140.16 2 1
github.com/go-park-mail-ru/2023_1_Seekers/internal/user/usecase/usecase.go:140.16,142.3 1 0
github.com/go-park-mail-ru/2023_1_Seekers/internal/user/usecase/usecase.go:143.2,144.16 2 1
github.com/go-park-mail-ru/2023_1_Seekers/internal/user/usecase/usecase.go:144.16,147.17 2 1
github.com/go-park-mail-ru/2023_1_Seekers/internal/user/usecase/usecase.go:147.17,149.4 1 0
github.com/go-park-mail-ru/2023_1_Seekers/internal/user/usecase/usecase.go:152.2,155.8 1 1
github.com/go-park-mail-ru/2023_1_Seekers/pkg/csrf.go:20.13,22.22 2 1
github.com/go-park-mail-ru/2023_1_Seekers/pkg/csrf.go:22.22,25.3 2 0
github.com/go-park-mail-ru/2023_1_Seekers/pkg/csrf.go:26.2,26.29 1 1
github.com/go-park-mail-ru/2023_1_Seekers/pkg/csrf.go:29.45,31.41 2 0
github.com/go-park-mail-ru/2023_1_Seekers/pkg/csrf.go:31.41,33.3 1 0
github.com/go-park-mail-ru/2023_1_Seekers/pkg/csrf.go:34.2,34.24 1 0
github.com/go-park-mail-ru/2023_1_Seekers/pkg/csrf.go:37.48,41.16 4 0
github.com/go-park-mail-ru/2023_1_Seekers/pkg/csrf.go:41.16,43.3 1 0
github.com/go-park-mail-ru/2023_1_Seekers/pkg/csrf.go:44.2,45.19 2 0
github.com/go-park-mail-ru/2023_1_Seekers/pkg/csrf.go:48.55,51.46 3 0
github.com/go-park-mail-ru/2023_1_Seekers/pkg/csrf.go:51.46,53.3 1 0
github.com/go-park-mail-ru/2023_1_Seekers/pkg/csrf.go:55.2,57.16 3 0
github.com/go-park-mail-ru/2023_1_Seekers/pkg/csrf.go:57.16,59.3 1 0
github.com/go-park-mail-ru/2023_1_Seekers/pkg/csrf.go:61.2,62.16 2 0
github.com/go-park-mail-ru/2023_1_Seekers/pkg/csrf.go:62.16,64.3 1 0
github.com/go-park-mail-ru/2023_1_Seekers/pkg/csrf.go:66.2,66.31 1 0
github.com/go-park-mail-ru/2023_1_Seekers/pkg/csrf.go:66.31,68.3 1 0
github.com/go-park-mail-ru/2023_1_Seekers/pkg/csrf.go:69.2,69.78 1 0
github.com/go-park-mail-ru/2023_1_Seekers/pkg/hash.go:11.32,13.16 2 0
github.com/go-park-mail-ru/2023_1_Seekers/pkg/hash.go:13.16,15.3 1 0
github.com/go-park-mail-ru/2023_1_Seekers/pkg/hash.go:17.2,17.26 1 0
github.com/go-park-mail-ru/2023_1_Seekers/pkg/hash.go:20.43,23.2 2 0
github.com/go-park-mail-ru/2023_1_Seekers/pkg/hash.go:25.46,27.16 2 0
github.com/go-park-mail-ru/2023_1_Seekers/pkg/hash.go:27.16,29.3 1 0
github.com/go-park-mail-ru/2023_1_Seekers/pkg/hash.go:31.2,32.20 2 0
github.com/go-park-mail-ru/2023_1_Seekers/pkg/hash.go:35.49,36.40 1 0
github.com/go-park-mail-ru/2023_1_Seekers/pkg/hash.go:36.40,38.3 1 0
github.com/go-park-mail-ru/2023_1_Seekers/pkg/hash.go:39.2,41.43 3 0
github.com/go-park-mail-ru/2023_1_Seekers/pkg/logger.go:21.51,23.16 2 0
github.com/go-park-mail-ru/2023_1_Seekers/pkg/logger.go:23.16,25.3 1 0
github.com/go-park-mail-ru/2023_1_Seekers/pkg/logger.go:26.2,26.30 1 0
github.com/go-park-mail-ru/2023_1_Seekers/pkg/logger.go:26.30,27.49 1 0
github.com/go-park-mail-ru/2023_1_Seekers/pkg/logger.go:27.49,29.4 1 0
github.com/go-park-mail-ru/2023_1_Seekers/pkg/logger.go:31.2,31.12 1 0
github.com/go-park-mail-ru/2023_1_Seekers/pkg/logger.go:34.43,36.2 1 0
github.com/go-park-mail-ru/2023_1_Seekers/pkg/logger.go:44.26,46.2 1 0
github.com/go-park-mail-ru/2023_1_Seekers/pkg/logger.go:48.66,50.2 1 0
github.com/go-park-mail-ru/2023_1_Seekers/pkg/logger.go:52.63,54.2 1 0
github.com/go-park-mail-ru/2023_1_Seekers/pkg/logger.go:56.19,59.16 3 0
github.com/go-park-mail-ru/2023_1_Seekers/pkg/logger.go:59.16,61.3 1 0
github.com/go-park-mail-ru/2023_1_Seekers/pkg/logger.go:63.2,72.56 4 0
github.com/go-park-mail-ru/2023_1_Seekers/pkg/logger.go:72.56,76.70 4 0
github.com/go-park-mail-ru/2023_1_Seekers/pkg/logger.go:76.70,78.5 1 0
github.com/go-park-mail-ru/2023_1_Seekers/pkg/logger.go:78.10,80.5 1 0
github.com/go-park-mail-ru/2023_1_Seekers/pkg/logger.go:81.4,81.60 1 0
github.com/go-park-mail-ru/2023_1_Seekers/pkg/logger.go:85.2,85.57 1 0
github.com/go-park-mail-ru/2023_1_Seekers/pkg/logger.go:85.57,86.22 1 0
github.com/go-park-mail-ru/2023_1_Seekers/pkg/logger.go:86.22,88.4 1 0
github.com/go-park-mail-ru/2023_1_Seekers/pkg/logger.go:89.3,89.56 1 0
github.com/go-park-mail-ru/2023_1_Seekers/pkg/logger.go:92.2,93.16 2 0
github.com/go-park-mail-ru/2023_1_Seekers/pkg/logger.go:93.16,95.3 1 0
github.com/go-park-mail-ru/2023_1_Seekers/pkg/logger.go:97.2,106.31 4 0
github.com/go-park-mail-ru/2023_1_Seekers/pkg/logger.go:118.87,120.15 2 0
github.com/go-park-mail-ru/2023_1_Seekers/pkg/logger.go:121.44,122.20 1 0
github.com/go-park-mail-ru/2023_1_Seekers/pkg/logger.go:123.24,124.22 1 0
github.com/go-park-mail-ru/2023_1_Seekers/pkg/logger.go:125.63,126.19 1 0
github.com/go-park-mail-ru/2023_1_Seekers/pkg/logger.go:127.10,128.20 1 0
github.com/go-park-mail-ru/2023_1_Seekers/pkg/logger.go:130.2,131.16 2 0
github.com/go-park-mail-ru/2023_1_Seekers/pkg/logger.go:131.16,133.3 1 0
github.com/go-park-mail-ru/2023_1_Seekers/pkg/logger.go:145.65,146.24 1 0
github.com/go-park-mail-ru/2023_1_Seekers/pkg/logger.go:146.24,148.3 1 0
github.com/go-park-mail-ru/2023_1_Seekers/pkg/logger.go:150.2,153.19 3 0
github.com/go-park-mail-ru/2023_1_Seekers/pkg/logger.go:153.19,155.3 1 0
github.com/go-park-mail-ru/2023_1_Seekers/pkg/logger.go:157.2,157.19 1 0
github.com/go-park-mail-ru/2023_1_Seekers/pkg/logger.go:157.19,158.15 1 0
github.com/go-park-mail-ru/2023_1_Seekers/pkg/logger.go:158.15,160.4 1 0
github.com/go-park-mail-ru/2023_1_Seekers/pkg/logger.go:162.3,162.20 1 0
github.com/go-park-mail-ru/2023_1_Seekers/pkg/logger.go:162.20,164.4 1 0
github.com/go-park-mail-ru/2023_1_Seekers/pkg/logger.go:167.2,168.14 2 0
github.com/go-park-mail-ru/2023_1_Seekers/pkg/logger.go:168.14,170.3 1 0
github.com/go-park-mail-ru/2023_1_Seekers/pkg/logger.go:170.8,172.3 1 0
github.com/go-park-mail-ru/2023_1_Seekers/pkg/logger.go:174.2,174.19 1 0
github.com/go-park-mail-ru/2023_1_Seekers/pkg/logger.go:174.19,176.3 1 0
github.com/go-park-mail-ru/2023_1_Seekers/pkg/logger.go:178.2,180.19 2 0
github.com/go-park-mail-ru/2023_1_Seekers/pkg/logger.go:180.19,182.3 1 0
github.com/go-park-mail-ru/2023_1_Seekers/pkg/logger.go:184.2,184.18 1 0
github.com/go-park-mail-ru/2023_1_Seekers/pkg/logger.go:184.18,185.15 1 0
github.com/go-park-mail-ru/2023_1_Seekers/pkg/logger.go:185.15,187.4 1 0
github.com/go-park-mail-ru/2023_1_Seekers/pkg/logger.go:189.3,189.20 1 0
github.com/go-park-mail-ru/2023_1_Seekers/pkg/logger.go:189.20,191.4 1 0
github.com/go-park-mail-ru/2023_1_Seekers/pkg/logger.go:194.2,196.23 3 0
github.com/go-park-mail-ru/2023_1_Seekers/pkg/logger.go:199.58,201.2 1 0
github.com/go-park-mail-ru/2023_1_Seekers/pkg/logger.go:203.74,205.2 1 0
github.com/go-park-mail-ru/2023_1_Seekers/pkg/logger.go:207.71,208.23 1 0
github.com/go-park-mail-ru/2023_1_Seekers/pkg/logger.go:208.23,209.37 1 0
github.com/go-park-mail-ru/2023_1_Seekers/pkg/logger.go:209.37,211.4 1 0
github.com/go-park-mail-ru/2023_1_Seekers/pkg/logger.go:211.9,219.4 1 0
github.com/go-park-mail-ru/2023_1_Seekers/pkg/logger.go:223.71,224.26 1 0
github.com/go-park-mail-ru/2023_1_Seekers/pkg/logger.go:224.26,226.33 2 0
github.com/go-park-mail-ru/2023_1_Seekers/pkg/logger.go:226.33,228.4 1 0
github.com/go-park-mail-ru/2023_1_Seekers/pkg/logger.go:230.3,232.32 2 0
github.com/go-park-mail-ru/2023_1_Seekers/pkg/logger.go:232.32,234.4 1 0
github.com/go-park-mail-ru/2023_1_Seekers/pkg/logger.go:238.84,241.19 2 0
github.com/go-park-mail-ru/2023_1_Seekers/pkg/logger.go:241.19,243.3 1 0
github.com/go-park-mail-ru/2023_1_Seekers/pkg/logger.go:244.2,244.14 1 0
github.com/go-park-mail-ru/2023_1_Seekers/pkg/logger.go:244.14,246.3 1 0
github.com/go-park-mail-ru/2023_1_Seekers/pkg/logger.go:246.8,248.3 1 0
github.com/go-park-mail-ru/2023_1_Seekers/pkg/strings.go:3.37,4.24 1 0
github.com/go-park-mail-ru/2023_1_Seekers/pkg/strings.go:4.24,6.3 1 0
github.com/go-park-mail-ru/2023_1_Seekers/pkg/strings.go:7.2,7.11 1 0
github.com/go-park-mail-ru/2023_1_Seekers/pkg/time.go:8.30,10.2 1 0
github.com/go-park-mail-ru/2023_1_Seekers/pkg/errors/classificator.go:58.26,60.9 2 0
github.com/go-park-mail-ru/2023_1_Seekers/pkg/errors/classificator.go:60.9,62.3 1 0
github.com/go-park-mail-ru/2023_1_Seekers/pkg/errors/classificator.go:64.2,64.13 1 0
github.com/go-park-mail-ru/2023_1_Seekers/pkg/errors/errors.go:8.38,10.2 1 0
github.com/go-park-mail-ru/2023_1_Seekers/pkg/errors/errors.go:12.42,17.2 1 0
github.com/go-park-mail-ru/2023_1_Seekers/pkg/image/generate.go:15.13,22.2 6 1
github.com/go-park-mail-ru/2023_1_Seekers/pkg/image/generate.go:26.28,29.24 3 0
github.com/go-park-mail-ru/2023_1_Seekers/pkg/image/generate.go:29.24,31.3 1 0
github.com/go-park-mail-ru/2023_1_Seekers/pkg/image/generate.go:32.2,32.16 1 0
github.com/go-park-mail-ru/2023_1_Seekers/pkg/image/generate.go:35.36,39.9 4 0
github.com/go-park-mail-ru/2023_1_Seekers/pkg/image/generate.go:39.9,41.3 1 0
github.com/go-park-mail-ru/2023_1_Seekers/pkg/image/generate.go:42.2,42.16 1 0
github.com/go-park-mail-ru/2023_1_Seekers/pkg/image/generate.go:45.50,57.2 11 0
github.com/go-park-mail-ru/2023_1_Seekers/pkg/image/generate.go:58.43,64.25 6 0
github.com/go-park-mail-ru/2023_1_Seekers/pkg/image/generate.go:64.25,65.53 1 0
github.com/go-park-mail-ru/2023_1_Seekers/pkg/image/generate.go:65.53,66.29 1 0
github.com/go-park-mail-ru/2023_1_Seekers/pkg/image/generate.go:66.29,67.25 1 0
github.com/go-park-mail-ru/2023_1_Seekers/pkg/image/generate.go:67.25,70.6 2 0
github.com/go-park-mail-ru/2023_1_Seekers/pkg/image/generate.go:74.3,74.58 1 0
github.com/go-park-mail-ru/2023_1_Seekers/pkg/image/generate.go:74.58,76.4 1 0
github.com/go-park-mail-ru/2023_1_Seekers/pkg/image/generate.go:79.2,80.17 2 0
github.com/go-park-mail-ru/2023_1_Seekers/pkg/image/generate.go:82.62,93.2 10 0
github.com/go-park-mail-ru/2023_1_Seekers/pkg/image/image_content_type.go:5.53,7.76 1 0
github.com/go-park-mail-ru/2023_1_Seekers/pkg/image/image_content_type.go:7.76,9.3 1 0
github.com/go-park-mail-ru/2023_1_Seekers/pkg/image/image_content_type.go:10.2,10.14 1 0
github.com/go-park-mail-ru/2023_1_Seekers/pkg/image/read.go:12.90,18.16 3 0
github.com/go-park-mail-ru/2023_1_Seekers/pkg/image/read.go:18.16,20.3 1 0
github.com/go-park-mail-ru/2023_1_Seekers/pkg/image/read.go:22.2,22.72 1 0
github.com/go-park-mail-ru/2023_1_Seekers/pkg/image/read.go:22.72,24.3 1 0
github.com/go-park-mail-ru/2023_1_Seekers/pkg/image/read.go:25.2,25.18 1 0
github.com/go-park-mail-ru/2023_1_Seekers/pkg/rand/string.go:8.41,11.27 3 0
github.com/go-park-mail-ru/2023_1_Seekers/pkg/rand/string.go:11.27,13.17 2 0
github.com/go-park-mail-ru/2023_1_Seekers/pkg/rand/string.go:13.17,15.4 1 0
github.com/go-park-mail-ru/2023_1_Seekers/pkg/rand/string.go:16.3,16.38 1 0
github.com/go-park-mail-ru/2023_1_Seekers/pkg/rand/string.go:18.2,18.31 1 0
github.com/go-park-mail-ru/2023_1_Seekers/internal/models/auth.go:19.45,21.2 1 0
github.com/go-park-mail-ru/2023_1_Seekers/internal/models/mail.go:43.37,47.36 4 0
github.com/go-park-mail-ru/2023_1_Seekers/internal/models/mail.go:47.36,49.3 1 0
github.com/go-park-mail-ru/2023_1_Seekers/internal/models/user.go:28.36,34.2 5 0
github.com/go-park-mail-ru/2023_1_Seekers/internal/models/user.go:49.34,53.2 3 0
github.com/go-park-mail-ru/2023_1_Seekers/internal/models/user.go:59.33,61.2 1 6
github.com/go-park-mail-ru/2023_1_Seekers/internal/models/user.go:63.37,65.2 1 3
github.com/go-park-mail-ru/2023_1_Seekers/internal/user/repository/postgres/models.go:20.33,22.2 1 1
github.com/go-park-mail-ru/2023_1_Seekers/internal/user/repository/postgres/models.go:24.45,30.2 5 2
github.com/go-park-mail-ru/2023_1_Seekers/internal/user/repository/postgres/repository.go:17.34,21.2 1 9
github.com/go-park-mail-ru/2023_1_Seekers/internal/user/repository/postgres/repository.go:23.68,25.16 2 1
github.com/go-park-mail-ru/2023_1_Seekers/internal/user/repository/postgres/repository.go:25.16,27.3 1 0
github.com/go-park-mail-ru/2023_1_Seekers/internal/user/repository/postgres/repository.go:28.2,31.33 4 1
github.com/go-park-mail-ru/2023_1_Seekers/internal/user/repository/postgres/repository.go:31.33,33.3 1 0
github.com/go-park-mail-ru/2023_1_Seekers/internal/user/repository/postgres/repository.go:35.2,36.18 2 1
github.com/go-park-mail-ru/2023_1_Seekers/internal/user/repository/postgres/repository.go:39.68,41.33 2 1
github.com/go-park-mail-ru/2023_1_Seekers/internal/user/repository/postgres/repository.go:41.33,42.48 1 0
github.com/go-park-mail-ru/2023_1_Seekers/internal/user/repository/postgres/repository.go:42.48,44.4 1 0
github.com/go-park-mail-ru/2023_1_Seekers/internal/user/repository/postgres/repository.go:45.3,45.64 1 0
github.com/go-park-mail-ru/2023_1_Seekers/internal/user/repository/postgres/repository.go:47.2,47.12 1 1
github.com/go-park-mail-ru/2023_1_Seekers/internal/user/repository/postgres/repository.go:50.44,52.33 2 1
github.com/go-park-mail-ru/2023_1_Seekers/internal/user/repository/postgres/repository.go:52.33,53.48 1 0
github.com/go-park-mail-ru/2023_1_Seekers/internal/user/repository/postgres/repository.go:53.48,55.4 1 0
github.com/go-park-mail-ru/2023_1_Seekers/internal/user/repository/postgres/repository.go:56.3,56.64 1 0
github.com/go-park-mail-ru/2023_1_Seekers/internal/user/repository/postgres/repository.go:59.2,59.12 1 1
github.com/go-park-mail-ru/2023_1_Seekers/internal/user/repository/postgres/repository.go:62.61,66.33 3 1
github.com/go-park-mail-ru/2023_1_Seekers/internal/user/repository/postgres/repository.go:66.33,67.48 1 0
github.com/go-park-mail-ru/2023_1_Seekers/internal/user/repository/postgres/repository.go:67.48,69.4 1 0
github.com/go-park-mail-ru/2023_1_Seekers/internal/user/repository/postgres/repository.go:70.3,70.69 1 0
github.com/go-park-mail-ru/2023_1_Seekers/internal/user/repository/postgres/repository.go:73.2,73.18 1 1
github.com/go-park-mail-ru/2023_1_Seekers/internal/user/repository/postgres/repository.go:76.67,80.33 3 2
github.com/go-park-mail-ru/2023_1_Seekers/internal/user/repository/postgres/repository.go:80.33,81.48 1 1
github.com/go-park-mail-ru/2023_1_Seekers/internal/user/repository/postgres/repository.go:81.48,83.4 1 1
github.com/go-park-mail-ru/2023_1_Seekers/internal/user/repository/postgres/repository.go:84.3,84.69 1 0
github.com/go-park-mail-ru/2023_1_Seekers/internal/user/repository/postgres/repository.go:87.2,87.18 1 1
github.com/go-park-mail-ru/2023_1_Seekers/internal/user/repository/postgres/repository.go:90.62,93.33 2 1
github.com/go-park-mail-ru/2023_1_Seekers/internal/user/repository/postgres/repository.go:93.33,94.48 1 0
github.com/go-park-mail-ru/2023_1_Seekers/internal/user/repository/postgres/repository.go:94.48,96.4 1 0
github.com/go-park-mail-ru/2023_1_Seekers/internal/user/repository/postgres/repository.go:97.3,97.64 1 0
github.com/go-park-mail-ru/2023_1_Seekers/internal/user/repository/postgres/repository.go:100.2,100.12 1 1
github.com/go-park-mail-ru/2023_1_Seekers/internal/user/repository/postgres/repository.go:103.58,106.33 2 1
github.com/go-park-mail-ru/2023_1_Seekers/internal/user/repository/postgres/repository.go:106.33,107.48 1 0
github.com/go-park-mail-ru/2023_1_Seekers/internal/user/repository/postgres/repository.go:107.48,109.4 1 0
github.com/go-park-mail-ru/2023_1_Seekers/internal/user/repository/postgres/repository.go:111.3,111.64 1 0
github.com/go-park-mail-ru/2023_1_Seekers/internal/user/repository/postgres/repository.go:114.2,114.12 1 1
github.com/go-park-mail-ru/2023_1_Seekers/internal/user/repository/postgres/repository.go:117.69,120.33 3 1
github.com/go-park-mail-ru/2023_1_Seekers/internal/user/repository/postgres/repository.go:120.33,121.48 1 0
github.com/go-park-mail-ru/2023_1_Seekers/internal/user/repository/postgres/repository.go:121.48,123.4 1 0
github.com/go-park-mail-ru/2023_1_Seekers/internal/user/repository/postgres/repository.go:125.3,125.69 1 0
github.com/go-park-mail-ru/2023_1_Seekers/internal/user/repository/postgres/repository.go:128.2,128.23 1 1
github.com/go-park-mail-ru/2023_1_Seekers/internal/user/repository/postgres/repository.go:131.75,134.33 3 1
github.com/go-park-mail-ru/2023_1_Seekers/internal/user/repository/postgres/repository.go:134.33,135.48 1 0
github.com/go-park-mail-ru/2023_1_Seekers/internal/user/repository/postgres/repository.go:135.48,137.4 1 0
github.com/go-park-mail-ru/2023_1_Seekers/internal/user/repository/postgres/repository.go:139.3,139.69 1 0
github.com/go-park-mail-ru/2023_1_Seekers/internal/user/repository/postgres/repository.go:142.2,142.23 1 1
github.com/go-park-mail-ru/2023_1_Seekers/pkg/errors/classificator.go:58.26,60.9 2 0
github.com/go-park-mail-ru/2023_1_Seekers/pkg/errors/classificator.go:60.9,62.3 1 0
github.com/go-park-mail-ru/2023_1_Seekers/pkg/errors/classificator.go:64.2,64.13 1 0
github.com/go-park-mail-ru/2023_1_Seekers/pkg/errors/errors.go:8.38,10.2 1 0
github.com/go-park-mail-ru/2023_1_Seekers/pkg/errors/errors.go:12.42,17.2 1 0
